{"timestamp":"2025-07-06T06:26:40.503842","level":"info","event":"Filling up the DagBag from /home/airflow/.local/lib/python3.12/site-packages/airflow/example_dags/example_workday_timetable.py","logger":"airflow.models.dagbag.DagBag"}
{"timestamp":"2025-07-06T06:27:10.671345","level":"info","event":"Filling up the DagBag from /home/airflow/.local/lib/python3.12/site-packages/airflow/example_dags/example_workday_timetable.py","logger":"airflow.models.dagbag.DagBag"}
{"timestamp":"2025-07-06T06:27:41.270451","level":"info","event":"Filling up the DagBag from /home/airflow/.local/lib/python3.12/site-packages/airflow/example_dags/example_workday_timetable.py","logger":"airflow.models.dagbag.DagBag"}
{"timestamp":"2025-07-06T06:28:12.065395","level":"info","event":"Filling up the DagBag from /home/airflow/.local/lib/python3.12/site-packages/airflow/example_dags/example_workday_timetable.py","logger":"airflow.models.dagbag.DagBag"}
{"timestamp":"2025-07-06T06:29:12.907175","level":"info","event":"Filling up the DagBag from /home/airflow/.local/lib/python3.12/site-packages/airflow/example_dags/example_workday_timetable.py","logger":"airflow.models.dagbag.DagBag"}
{"timestamp":"2025-07-06T06:29:44.546977","level":"info","event":"Filling up the DagBag from /home/airflow/.local/lib/python3.12/site-packages/airflow/example_dags/example_workday_timetable.py","logger":"airflow.models.dagbag.DagBag"}
{"timestamp":"2025-07-06T06:30:15.416940","level":"info","event":"Filling up the DagBag from /home/airflow/.local/lib/python3.12/site-packages/airflow/example_dags/example_workday_timetable.py","logger":"airflow.models.dagbag.DagBag"}
{"timestamp":"2025-07-06T06:34:13.125917","level":"info","event":"Filling up the DagBag from /home/airflow/.local/lib/python3.12/site-packages/airflow/example_dags/example_workday_timetable.py","logger":"airflow.models.dagbag.DagBag"}
{"timestamp":"2025-07-06T06:34:44.586797","level":"info","event":"Filling up the DagBag from /home/airflow/.local/lib/python3.12/site-packages/airflow/example_dags/example_workday_timetable.py","logger":"airflow.models.dagbag.DagBag"}
{"timestamp":"2025-07-06T06:36:46.284420","level":"info","event":"Filling up the DagBag from /home/airflow/.local/lib/python3.12/site-packages/airflow/example_dags/example_workday_timetable.py","logger":"airflow.models.dagbag.DagBag"}
{"timestamp":"2025-07-06T06:37:16.992345","level":"info","event":"Filling up the DagBag from /home/airflow/.local/lib/python3.12/site-packages/airflow/example_dags/example_workday_timetable.py","logger":"airflow.models.dagbag.DagBag"}
{"timestamp":"2025-07-06T06:39:03.237634","level":"info","event":"Filling up the DagBag from /home/airflow/.local/lib/python3.12/site-packages/airflow/example_dags/example_workday_timetable.py","logger":"airflow.models.dagbag.DagBag"}
{"timestamp":"2025-07-06T06:39:34.473685","level":"info","event":"Filling up the DagBag from /home/airflow/.local/lib/python3.12/site-packages/airflow/example_dags/example_workday_timetable.py","logger":"airflow.models.dagbag.DagBag"}
{"timestamp":"2025-07-06T06:40:46.635292","level":"info","event":"Filling up the DagBag from /home/airflow/.local/lib/python3.12/site-packages/airflow/example_dags/example_workday_timetable.py","logger":"airflow.models.dagbag.DagBag"}
{"timestamp":"2025-07-06T06:41:19.229422Z","level":"critical","event":"Process terminated by signal. For more information, see https://airflow.apache.org/docs/apache-airflow/stable/troubleshooting.html#TaskRunner-killed","signal":-9,"signal_name":"SIGKILL","logger":"processor"}
{"timestamp":"2025-07-06T06:42:08.161877","level":"info","event":"Filling up the DagBag from /home/airflow/.local/lib/python3.12/site-packages/airflow/example_dags/example_workday_timetable.py","logger":"airflow.models.dagbag.DagBag"}
{"timestamp":"2025-07-06T06:42:39.509406","level":"info","event":"Filling up the DagBag from /home/airflow/.local/lib/python3.12/site-packages/airflow/example_dags/example_workday_timetable.py","logger":"airflow.models.dagbag.DagBag"}
{"timestamp":"2025-07-06T06:43:09.771039","level":"info","event":"Filling up the DagBag from /home/airflow/.local/lib/python3.12/site-packages/airflow/example_dags/example_workday_timetable.py","logger":"airflow.models.dagbag.DagBag"}
{"timestamp":"2025-07-06T06:43:41.287823","level":"info","event":"Filling up the DagBag from /home/airflow/.local/lib/python3.12/site-packages/airflow/example_dags/example_workday_timetable.py","logger":"airflow.models.dagbag.DagBag"}
{"timestamp":"2025-07-06T06:44:12.020795","level":"info","event":"Filling up the DagBag from /home/airflow/.local/lib/python3.12/site-packages/airflow/example_dags/example_workday_timetable.py","logger":"airflow.models.dagbag.DagBag"}
{"timestamp":"2025-07-06T06:44:43.625492","level":"info","event":"Filling up the DagBag from /home/airflow/.local/lib/python3.12/site-packages/airflow/example_dags/example_workday_timetable.py","logger":"airflow.models.dagbag.DagBag"}
{"timestamp":"2025-07-06T06:45:15.655779","level":"info","event":"Filling up the DagBag from /home/airflow/.local/lib/python3.12/site-packages/airflow/example_dags/example_workday_timetable.py","logger":"airflow.models.dagbag.DagBag"}
{"timestamp":"2025-07-06T06:45:45.853289","level":"info","event":"Filling up the DagBag from /home/airflow/.local/lib/python3.12/site-packages/airflow/example_dags/example_workday_timetable.py","logger":"airflow.models.dagbag.DagBag"}
{"timestamp":"2025-07-06T06:46:16.330703","level":"info","event":"Filling up the DagBag from /home/airflow/.local/lib/python3.12/site-packages/airflow/example_dags/example_workday_timetable.py","logger":"airflow.models.dagbag.DagBag"}
{"timestamp":"2025-07-06T06:46:47.163863","level":"info","event":"Filling up the DagBag from /home/airflow/.local/lib/python3.12/site-packages/airflow/example_dags/example_workday_timetable.py","logger":"airflow.models.dagbag.DagBag"}
{"timestamp":"2025-07-06T06:47:17.891519","level":"info","event":"Filling up the DagBag from /home/airflow/.local/lib/python3.12/site-packages/airflow/example_dags/example_workday_timetable.py","logger":"airflow.models.dagbag.DagBag"}
{"timestamp":"2025-07-06T06:48:13.261199","level":"info","event":"Filling up the DagBag from /home/airflow/.local/lib/python3.12/site-packages/airflow/example_dags/example_workday_timetable.py","logger":"airflow.models.dagbag.DagBag"}
{"timestamp":"2025-07-06T06:48:43.580037","level":"info","event":"Filling up the DagBag from /home/airflow/.local/lib/python3.12/site-packages/airflow/example_dags/example_workday_timetable.py","logger":"airflow.models.dagbag.DagBag"}
{"timestamp":"2025-07-06T06:49:14.038155","level":"info","event":"Filling up the DagBag from /home/airflow/.local/lib/python3.12/site-packages/airflow/example_dags/example_workday_timetable.py","logger":"airflow.models.dagbag.DagBag"}
{"timestamp":"2025-07-06T06:49:44.552606","level":"info","event":"Filling up the DagBag from /home/airflow/.local/lib/python3.12/site-packages/airflow/example_dags/example_workday_timetable.py","logger":"airflow.models.dagbag.DagBag"}
{"timestamp":"2025-07-06T06:50:15.553464","level":"info","event":"Filling up the DagBag from /home/airflow/.local/lib/python3.12/site-packages/airflow/example_dags/example_workday_timetable.py","logger":"airflow.models.dagbag.DagBag"}
{"timestamp":"2025-07-06T06:50:47.007848","level":"info","event":"Filling up the DagBag from /home/airflow/.local/lib/python3.12/site-packages/airflow/example_dags/example_workday_timetable.py","logger":"airflow.models.dagbag.DagBag"}
{"timestamp":"2025-07-06T06:51:17.706347","level":"info","event":"Filling up the DagBag from /home/airflow/.local/lib/python3.12/site-packages/airflow/example_dags/example_workday_timetable.py","logger":"airflow.models.dagbag.DagBag"}
{"timestamp":"2025-07-06T06:51:48.684053","level":"info","event":"Filling up the DagBag from /home/airflow/.local/lib/python3.12/site-packages/airflow/example_dags/example_workday_timetable.py","logger":"airflow.models.dagbag.DagBag"}
{"timestamp":"2025-07-06T06:52:19.249422","level":"info","event":"Filling up the DagBag from /home/airflow/.local/lib/python3.12/site-packages/airflow/example_dags/example_workday_timetable.py","logger":"airflow.models.dagbag.DagBag"}
{"timestamp":"2025-07-06T06:52:49.803171","level":"info","event":"Filling up the DagBag from /home/airflow/.local/lib/python3.12/site-packages/airflow/example_dags/example_workday_timetable.py","logger":"airflow.models.dagbag.DagBag"}
{"timestamp":"2025-07-06T06:53:20.501600","level":"info","event":"Filling up the DagBag from /home/airflow/.local/lib/python3.12/site-packages/airflow/example_dags/example_workday_timetable.py","logger":"airflow.models.dagbag.DagBag"}
{"timestamp":"2025-07-06T06:54:10.055093","level":"info","event":"Filling up the DagBag from /home/airflow/.local/lib/python3.12/site-packages/airflow/example_dags/example_workday_timetable.py","logger":"airflow.models.dagbag.DagBag"}
{"timestamp":"2025-07-06T06:57:21.955447","level":"info","event":"Filling up the DagBag from /home/airflow/.local/lib/python3.12/site-packages/airflow/example_dags/example_workday_timetable.py","logger":"airflow.models.dagbag.DagBag"}
{"timestamp":"2025-07-06T06:57:52.574044","level":"info","event":"Filling up the DagBag from /home/airflow/.local/lib/python3.12/site-packages/airflow/example_dags/example_workday_timetable.py","logger":"airflow.models.dagbag.DagBag"}
{"timestamp":"2025-07-06T06:58:22.834859","level":"info","event":"Filling up the DagBag from /home/airflow/.local/lib/python3.12/site-packages/airflow/example_dags/example_workday_timetable.py","logger":"airflow.models.dagbag.DagBag"}
{"timestamp":"2025-07-06T06:58:53.253061","level":"info","event":"Filling up the DagBag from /home/airflow/.local/lib/python3.12/site-packages/airflow/example_dags/example_workday_timetable.py","logger":"airflow.models.dagbag.DagBag"}
{"timestamp":"2025-07-06T06:59:24.164769","level":"info","event":"Filling up the DagBag from /home/airflow/.local/lib/python3.12/site-packages/airflow/example_dags/example_workday_timetable.py","logger":"airflow.models.dagbag.DagBag"}
{"timestamp":"2025-07-06T06:59:54.880651","level":"info","event":"Filling up the DagBag from /home/airflow/.local/lib/python3.12/site-packages/airflow/example_dags/example_workday_timetable.py","logger":"airflow.models.dagbag.DagBag"}
{"timestamp":"2025-07-06T07:00:25.674664","level":"info","event":"Filling up the DagBag from /home/airflow/.local/lib/python3.12/site-packages/airflow/example_dags/example_workday_timetable.py","logger":"airflow.models.dagbag.DagBag"}
{"timestamp":"2025-07-06T07:00:55.832858","level":"info","event":"Filling up the DagBag from /home/airflow/.local/lib/python3.12/site-packages/airflow/example_dags/example_workday_timetable.py","logger":"airflow.models.dagbag.DagBag"}
{"timestamp":"2025-07-06T07:01:33.974190","level":"info","event":"Filling up the DagBag from /home/airflow/.local/lib/python3.12/site-packages/airflow/example_dags/example_workday_timetable.py","logger":"airflow.models.dagbag.DagBag"}
{"timestamp":"2025-07-06T07:02:05.178274","level":"info","event":"Filling up the DagBag from /home/airflow/.local/lib/python3.12/site-packages/airflow/example_dags/example_workday_timetable.py","logger":"airflow.models.dagbag.DagBag"}
{"timestamp":"2025-07-06T07:02:43.370243","level":"info","event":"Filling up the DagBag from /home/airflow/.local/lib/python3.12/site-packages/airflow/example_dags/example_workday_timetable.py","logger":"airflow.models.dagbag.DagBag"}
{"timestamp":"2025-07-06T07:03:14.735398","level":"info","event":"Filling up the DagBag from /home/airflow/.local/lib/python3.12/site-packages/airflow/example_dags/example_workday_timetable.py","logger":"airflow.models.dagbag.DagBag"}
{"timestamp":"2025-07-06T07:05:24.499471","level":"info","event":"Filling up the DagBag from /home/airflow/.local/lib/python3.12/site-packages/airflow/example_dags/example_workday_timetable.py","logger":"airflow.models.dagbag.DagBag"}
{"timestamp":"2025-07-06T07:05:55.080290","level":"info","event":"Filling up the DagBag from /home/airflow/.local/lib/python3.12/site-packages/airflow/example_dags/example_workday_timetable.py","logger":"airflow.models.dagbag.DagBag"}
{"timestamp":"2025-07-06T07:06:25.470333","level":"info","event":"Filling up the DagBag from /home/airflow/.local/lib/python3.12/site-packages/airflow/example_dags/example_workday_timetable.py","logger":"airflow.models.dagbag.DagBag"}
{"timestamp":"2025-07-06T07:07:36.652981","level":"info","event":"Filling up the DagBag from /home/airflow/.local/lib/python3.12/site-packages/airflow/example_dags/example_workday_timetable.py","logger":"airflow.models.dagbag.DagBag"}
{"timestamp":"2025-07-06T07:08:07.768577","level":"info","event":"Filling up the DagBag from /home/airflow/.local/lib/python3.12/site-packages/airflow/example_dags/example_workday_timetable.py","logger":"airflow.models.dagbag.DagBag"}
{"timestamp":"2025-07-06T07:09:18.608574","level":"info","event":"Filling up the DagBag from /home/airflow/.local/lib/python3.12/site-packages/airflow/example_dags/example_workday_timetable.py","logger":"airflow.models.dagbag.DagBag"}
{"timestamp":"2025-07-06T07:09:50.181867","level":"info","event":"Filling up the DagBag from /home/airflow/.local/lib/python3.12/site-packages/airflow/example_dags/example_workday_timetable.py","logger":"airflow.models.dagbag.DagBag"}
{"timestamp":"2025-07-06T07:10:26.645821","level":"info","event":"Filling up the DagBag from /home/airflow/.local/lib/python3.12/site-packages/airflow/example_dags/example_workday_timetable.py","logger":"airflow.models.dagbag.DagBag"}
{"timestamp":"2025-07-06T07:11:34.168433","level":"info","event":"Filling up the DagBag from /home/airflow/.local/lib/python3.12/site-packages/airflow/example_dags/example_workday_timetable.py","logger":"airflow.models.dagbag.DagBag"}
{"timestamp":"2025-07-06T07:12:04.734410","level":"info","event":"Filling up the DagBag from /home/airflow/.local/lib/python3.12/site-packages/airflow/example_dags/example_workday_timetable.py","logger":"airflow.models.dagbag.DagBag"}
{"timestamp":"2025-07-06T07:12:44.289943","level":"info","event":"Filling up the DagBag from /home/airflow/.local/lib/python3.12/site-packages/airflow/example_dags/example_workday_timetable.py","logger":"airflow.models.dagbag.DagBag"}
{"timestamp":"2025-07-06T07:13:16.003174","level":"info","event":"Filling up the DagBag from /home/airflow/.local/lib/python3.12/site-packages/airflow/example_dags/example_workday_timetable.py","logger":"airflow.models.dagbag.DagBag"}
{"timestamp":"2025-07-06T07:15:24.183323","level":"info","event":"Filling up the DagBag from /home/airflow/.local/lib/python3.12/site-packages/airflow/example_dags/example_workday_timetable.py","logger":"airflow.models.dagbag.DagBag"}
{"timestamp":"2025-07-06T07:15:54.784488","level":"info","event":"Filling up the DagBag from /home/airflow/.local/lib/python3.12/site-packages/airflow/example_dags/example_workday_timetable.py","logger":"airflow.models.dagbag.DagBag"}
{"timestamp":"2025-07-06T07:17:05.183038","level":"info","event":"Filling up the DagBag from /home/airflow/.local/lib/python3.12/site-packages/airflow/example_dags/example_workday_timetable.py","logger":"airflow.models.dagbag.DagBag"}
{"timestamp":"2025-07-06T07:17:35.626276","level":"info","event":"Filling up the DagBag from /home/airflow/.local/lib/python3.12/site-packages/airflow/example_dags/example_workday_timetable.py","logger":"airflow.models.dagbag.DagBag"}
{"timestamp":"2025-07-06T07:18:05.911823","level":"info","event":"Filling up the DagBag from /home/airflow/.local/lib/python3.12/site-packages/airflow/example_dags/example_workday_timetable.py","logger":"airflow.models.dagbag.DagBag"}
{"timestamp":"2025-07-06T07:18:37.018152","level":"info","event":"Filling up the DagBag from /home/airflow/.local/lib/python3.12/site-packages/airflow/example_dags/example_workday_timetable.py","logger":"airflow.models.dagbag.DagBag"}
{"timestamp":"2025-07-06T07:19:07.691949","level":"info","event":"Filling up the DagBag from /home/airflow/.local/lib/python3.12/site-packages/airflow/example_dags/example_workday_timetable.py","logger":"airflow.models.dagbag.DagBag"}
{"timestamp":"2025-07-06T07:19:38.097652","level":"info","event":"Filling up the DagBag from /home/airflow/.local/lib/python3.12/site-packages/airflow/example_dags/example_workday_timetable.py","logger":"airflow.models.dagbag.DagBag"}
{"timestamp":"2025-07-06T07:20:08.520092","level":"info","event":"Filling up the DagBag from /home/airflow/.local/lib/python3.12/site-packages/airflow/example_dags/example_workday_timetable.py","logger":"airflow.models.dagbag.DagBag"}
{"timestamp":"2025-07-06T07:20:39.497364","level":"info","event":"Filling up the DagBag from /home/airflow/.local/lib/python3.12/site-packages/airflow/example_dags/example_workday_timetable.py","logger":"airflow.models.dagbag.DagBag"}
{"timestamp":"2025-07-06T07:21:10.032519","level":"info","event":"Filling up the DagBag from /home/airflow/.local/lib/python3.12/site-packages/airflow/example_dags/example_workday_timetable.py","logger":"airflow.models.dagbag.DagBag"}
{"timestamp":"2025-07-06T07:21:40.350933","level":"info","event":"Filling up the DagBag from /home/airflow/.local/lib/python3.12/site-packages/airflow/example_dags/example_workday_timetable.py","logger":"airflow.models.dagbag.DagBag"}
{"timestamp":"2025-07-06T07:22:11.074204","level":"info","event":"Filling up the DagBag from /home/airflow/.local/lib/python3.12/site-packages/airflow/example_dags/example_workday_timetable.py","logger":"airflow.models.dagbag.DagBag"}
{"timestamp":"2025-07-06T07:22:41.809788","level":"info","event":"Filling up the DagBag from /home/airflow/.local/lib/python3.12/site-packages/airflow/example_dags/example_workday_timetable.py","logger":"airflow.models.dagbag.DagBag"}
{"timestamp":"2025-07-06T07:23:12.427048","level":"info","event":"Filling up the DagBag from /home/airflow/.local/lib/python3.12/site-packages/airflow/example_dags/example_workday_timetable.py","logger":"airflow.models.dagbag.DagBag"}
{"timestamp":"2025-07-06T07:23:42.957725","level":"info","event":"Filling up the DagBag from /home/airflow/.local/lib/python3.12/site-packages/airflow/example_dags/example_workday_timetable.py","logger":"airflow.models.dagbag.DagBag"}
{"timestamp":"2025-07-06T07:24:13.419990","level":"info","event":"Filling up the DagBag from /home/airflow/.local/lib/python3.12/site-packages/airflow/example_dags/example_workday_timetable.py","logger":"airflow.models.dagbag.DagBag"}
{"timestamp":"2025-07-06T07:24:43.613981","level":"info","event":"Filling up the DagBag from /home/airflow/.local/lib/python3.12/site-packages/airflow/example_dags/example_workday_timetable.py","logger":"airflow.models.dagbag.DagBag"}
{"timestamp":"2025-07-06T07:25:13.756408","level":"info","event":"Filling up the DagBag from /home/airflow/.local/lib/python3.12/site-packages/airflow/example_dags/example_workday_timetable.py","logger":"airflow.models.dagbag.DagBag"}
{"timestamp":"2025-07-06T07:25:44.650878","level":"info","event":"Filling up the DagBag from /home/airflow/.local/lib/python3.12/site-packages/airflow/example_dags/example_workday_timetable.py","logger":"airflow.models.dagbag.DagBag"}
{"timestamp":"2025-07-06T07:26:14.899235","level":"info","event":"Filling up the DagBag from /home/airflow/.local/lib/python3.12/site-packages/airflow/example_dags/example_workday_timetable.py","logger":"airflow.models.dagbag.DagBag"}
{"timestamp":"2025-07-06T07:26:46.381187","level":"info","event":"Filling up the DagBag from /home/airflow/.local/lib/python3.12/site-packages/airflow/example_dags/example_workday_timetable.py","logger":"airflow.models.dagbag.DagBag"}
{"timestamp":"2025-07-06T07:29:44.078125","level":"info","event":"Filling up the DagBag from /home/airflow/.local/lib/python3.12/site-packages/airflow/example_dags/example_workday_timetable.py","logger":"airflow.models.dagbag.DagBag"}
{"timestamp":"2025-07-06T07:30:14.228238","level":"info","event":"Filling up the DagBag from /home/airflow/.local/lib/python3.12/site-packages/airflow/example_dags/example_workday_timetable.py","logger":"airflow.models.dagbag.DagBag"}
{"timestamp":"2025-07-06T07:30:47.831256","level":"info","event":"Filling up the DagBag from /home/airflow/.local/lib/python3.12/site-packages/airflow/example_dags/example_workday_timetable.py","logger":"airflow.models.dagbag.DagBag"}
{"timestamp":"2025-07-06T07:31:56.317260","level":"info","event":"Filling up the DagBag from /home/airflow/.local/lib/python3.12/site-packages/airflow/example_dags/example_workday_timetable.py","logger":"airflow.models.dagbag.DagBag"}
{"timestamp":"2025-07-06T07:32:27.721722","level":"info","event":"Filling up the DagBag from /home/airflow/.local/lib/python3.12/site-packages/airflow/example_dags/example_workday_timetable.py","logger":"airflow.models.dagbag.DagBag"}
{"timestamp":"2025-07-06T07:33:07.832793","level":"info","event":"Filling up the DagBag from /home/airflow/.local/lib/python3.12/site-packages/airflow/example_dags/example_workday_timetable.py","logger":"airflow.models.dagbag.DagBag"}
{"timestamp":"2025-07-06T07:33:39.511032","level":"info","event":"Filling up the DagBag from /home/airflow/.local/lib/python3.12/site-packages/airflow/example_dags/example_workday_timetable.py","logger":"airflow.models.dagbag.DagBag"}
{"timestamp":"2025-07-06T07:34:30.807783","level":"info","event":"Filling up the DagBag from /home/airflow/.local/lib/python3.12/site-packages/airflow/example_dags/example_workday_timetable.py","logger":"airflow.models.dagbag.DagBag"}
{"timestamp":"2025-07-06T07:35:02.169597","level":"info","event":"Filling up the DagBag from /home/airflow/.local/lib/python3.12/site-packages/airflow/example_dags/example_workday_timetable.py","logger":"airflow.models.dagbag.DagBag"}
{"timestamp":"2025-07-06T07:35:53.458957","level":"info","event":"Filling up the DagBag from /home/airflow/.local/lib/python3.12/site-packages/airflow/example_dags/example_workday_timetable.py","logger":"airflow.models.dagbag.DagBag"}
{"timestamp":"2025-07-06T07:36:25.365304","level":"info","event":"Filling up the DagBag from /home/airflow/.local/lib/python3.12/site-packages/airflow/example_dags/example_workday_timetable.py","logger":"airflow.models.dagbag.DagBag"}
{"timestamp":"2025-07-06T07:37:09.495876","level":"info","event":"Filling up the DagBag from /home/airflow/.local/lib/python3.12/site-packages/airflow/example_dags/example_workday_timetable.py","logger":"airflow.models.dagbag.DagBag"}
{"timestamp":"2025-07-06T07:37:41.025599","level":"info","event":"Filling up the DagBag from /home/airflow/.local/lib/python3.12/site-packages/airflow/example_dags/example_workday_timetable.py","logger":"airflow.models.dagbag.DagBag"}
{"timestamp":"2025-07-06T07:38:39.329496","level":"info","event":"Filling up the DagBag from /home/airflow/.local/lib/python3.12/site-packages/airflow/example_dags/example_workday_timetable.py","logger":"airflow.models.dagbag.DagBag"}
{"timestamp":"2025-07-06T07:39:11.125414","level":"info","event":"Filling up the DagBag from /home/airflow/.local/lib/python3.12/site-packages/airflow/example_dags/example_workday_timetable.py","logger":"airflow.models.dagbag.DagBag"}
{"timestamp":"2025-07-06T07:40:24.636830","level":"info","event":"Filling up the DagBag from /home/airflow/.local/lib/python3.12/site-packages/airflow/example_dags/example_workday_timetable.py","logger":"airflow.models.dagbag.DagBag"}
{"timestamp":"2025-07-06T07:41:09.732058","level":"info","event":"Filling up the DagBag from /home/airflow/.local/lib/python3.12/site-packages/airflow/example_dags/example_workday_timetable.py","logger":"airflow.models.dagbag.DagBag"}
{"timestamp":"2025-07-06T07:41:41.080627","level":"info","event":"Filling up the DagBag from /home/airflow/.local/lib/python3.12/site-packages/airflow/example_dags/example_workday_timetable.py","logger":"airflow.models.dagbag.DagBag"}
{"timestamp":"2025-07-06T07:42:15.209848","level":"info","event":"Filling up the DagBag from /home/airflow/.local/lib/python3.12/site-packages/airflow/example_dags/example_workday_timetable.py","logger":"airflow.models.dagbag.DagBag"}
{"timestamp":"2025-07-06T07:43:04.798888","level":"info","event":"Filling up the DagBag from /home/airflow/.local/lib/python3.12/site-packages/airflow/example_dags/example_workday_timetable.py","logger":"airflow.models.dagbag.DagBag"}
{"timestamp":"2025-07-06T07:44:34.146228","level":"error","event":"Process timed out, PID: 1232","logger":"airflow.utils.timeout.TimeoutPosix"}
{"timestamp":"2025-07-06T07:44:34.160058","level":"error","event":"Failed to import: /home/airflow/.local/lib/python3.12/site-packages/airflow/example_dags/example_workday_timetable.py","logger":"airflow.models.dagbag.DagBag","error_detail":[{"exc_type":"AirflowTaskTimeout","exc_value":"DagBag import timeout for /home/airflow/.local/lib/python3.12/site-packages/airflow/example_dags/example_workday_timetable.py after 30.0s.\nPlease take a look at these docs to improve your DAG import time:\n* https://airflow.apache.org/docs/apache-airflow/3.0.2/best-practices.html#top-level-python-code\n* https://airflow.apache.org/docs/apache-airflow/3.0.2/best-practices.html#reducing-dag-complexity, PID: 1232","exc_notes":[],"syntax_error":null,"is_cause":false,"frames":[{"filename":"/home/airflow/.local/lib/python3.12/site-packages/airflow/models/dagbag.py","lineno":394,"name":"parse"},{"filename":"<frozen importlib._bootstrap_external>","lineno":999,"name":"exec_module"},{"filename":"<frozen importlib._bootstrap>","lineno":488,"name":"_call_with_frames_removed"},{"filename":"/home/airflow/.local/lib/python3.12/site-packages/airflow/example_dags/example_workday_timetable.py","lineno":22,"name":"<module>"},{"filename":"<frozen importlib._bootstrap>","lineno":1360,"name":"_find_and_load"},{"filename":"<frozen importlib._bootstrap>","lineno":1322,"name":"_find_and_load_unlocked"},{"filename":"<frozen importlib._bootstrap>","lineno":1262,"name":"_find_spec"},{"filename":"<frozen importlib._bootstrap_external>","lineno":1532,"name":"find_spec"},{"filename":"<frozen importlib._bootstrap_external>","lineno":1506,"name":"_get_spec"},{"filename":"<frozen importlib._bootstrap_external>","lineno":1639,"name":"find_spec"},{"filename":"<frozen importlib._bootstrap_external>","lineno":1594,"name":"_get_spec"},{"filename":"<frozen importlib._bootstrap_external>","lineno":842,"name":"spec_from_file_location"},{"filename":"<frozen importlib._bootstrap>","lineno":599,"name":"__init__"},{"filename":"/home/airflow/.local/lib/python3.12/site-packages/airflow/utils/timeout.py","lineno":69,"name":"handle_timeout"}],"is_group":false,"exceptions":[]}]}
{"timestamp":"2025-07-06T07:45:04.833654","level":"info","event":"Filling up the DagBag from /home/airflow/.local/lib/python3.12/site-packages/airflow/example_dags/example_workday_timetable.py","logger":"airflow.models.dagbag.DagBag"}
{"timestamp":"2025-07-06T07:45:35.785196","level":"info","event":"Filling up the DagBag from /home/airflow/.local/lib/python3.12/site-packages/airflow/example_dags/example_workday_timetable.py","logger":"airflow.models.dagbag.DagBag"}
{"timestamp":"2025-07-06T07:46:06.256142","level":"info","event":"Filling up the DagBag from /home/airflow/.local/lib/python3.12/site-packages/airflow/example_dags/example_workday_timetable.py","logger":"airflow.models.dagbag.DagBag"}
{"timestamp":"2025-07-06T07:46:36.526113","level":"info","event":"Filling up the DagBag from /home/airflow/.local/lib/python3.12/site-packages/airflow/example_dags/example_workday_timetable.py","logger":"airflow.models.dagbag.DagBag"}
{"timestamp":"2025-07-06T07:47:06.640244","level":"info","event":"Filling up the DagBag from /home/airflow/.local/lib/python3.12/site-packages/airflow/example_dags/example_workday_timetable.py","logger":"airflow.models.dagbag.DagBag"}
{"timestamp":"2025-07-06T07:47:37.603001","level":"info","event":"Filling up the DagBag from /home/airflow/.local/lib/python3.12/site-packages/airflow/example_dags/example_workday_timetable.py","logger":"airflow.models.dagbag.DagBag"}
{"timestamp":"2025-07-06T07:48:09.123200","level":"info","event":"Filling up the DagBag from /home/airflow/.local/lib/python3.12/site-packages/airflow/example_dags/example_workday_timetable.py","logger":"airflow.models.dagbag.DagBag"}
{"timestamp":"2025-07-06T07:51:23.713753","level":"info","event":"Filling up the DagBag from /home/airflow/.local/lib/python3.12/site-packages/airflow/example_dags/example_workday_timetable.py","logger":"airflow.models.dagbag.DagBag"}
{"timestamp":"2025-07-06T07:51:53.880420","level":"info","event":"Filling up the DagBag from /home/airflow/.local/lib/python3.12/site-packages/airflow/example_dags/example_workday_timetable.py","logger":"airflow.models.dagbag.DagBag"}
{"timestamp":"2025-07-06T07:53:18.086346","level":"info","event":"Filling up the DagBag from /home/airflow/.local/lib/python3.12/site-packages/airflow/example_dags/example_workday_timetable.py","logger":"airflow.models.dagbag.DagBag"}
{"timestamp":"2025-07-06T07:54:16.842461","level":"info","event":"Filling up the DagBag from /home/airflow/.local/lib/python3.12/site-packages/airflow/example_dags/example_workday_timetable.py","logger":"airflow.models.dagbag.DagBag"}
{"timestamp":"2025-07-06T07:54:47.526998","level":"info","event":"Filling up the DagBag from /home/airflow/.local/lib/python3.12/site-packages/airflow/example_dags/example_workday_timetable.py","logger":"airflow.models.dagbag.DagBag"}
{"timestamp":"2025-07-06T07:55:25.012360","level":"info","event":"Filling up the DagBag from /home/airflow/.local/lib/python3.12/site-packages/airflow/example_dags/example_workday_timetable.py","logger":"airflow.models.dagbag.DagBag"}
{"timestamp":"2025-07-06T07:55:58.073426","level":"info","event":"Filling up the DagBag from /home/airflow/.local/lib/python3.12/site-packages/airflow/example_dags/example_workday_timetable.py","logger":"airflow.models.dagbag.DagBag"}
{"timestamp":"2025-07-06T07:56:51.769425","level":"info","event":"Filling up the DagBag from /home/airflow/.local/lib/python3.12/site-packages/airflow/example_dags/example_workday_timetable.py","logger":"airflow.models.dagbag.DagBag"}
{"timestamp":"2025-07-06T07:58:39.790808","level":"info","event":"Filling up the DagBag from /home/airflow/.local/lib/python3.12/site-packages/airflow/example_dags/example_workday_timetable.py","logger":"airflow.models.dagbag.DagBag"}
{"timestamp":"2025-07-06T07:59:29.866955","level":"info","event":"Filling up the DagBag from /home/airflow/.local/lib/python3.12/site-packages/airflow/example_dags/example_workday_timetable.py","logger":"airflow.models.dagbag.DagBag"}
{"timestamp":"2025-07-06T08:00:00.300232","level":"info","event":"Filling up the DagBag from /home/airflow/.local/lib/python3.12/site-packages/airflow/example_dags/example_workday_timetable.py","logger":"airflow.models.dagbag.DagBag"}
{"timestamp":"2025-07-06T08:00:30.622856","level":"info","event":"Filling up the DagBag from /home/airflow/.local/lib/python3.12/site-packages/airflow/example_dags/example_workday_timetable.py","logger":"airflow.models.dagbag.DagBag"}
{"timestamp":"2025-07-06T08:01:01.093692","level":"info","event":"Filling up the DagBag from /home/airflow/.local/lib/python3.12/site-packages/airflow/example_dags/example_workday_timetable.py","logger":"airflow.models.dagbag.DagBag"}
{"timestamp":"2025-07-06T08:01:31.952935","level":"info","event":"Filling up the DagBag from /home/airflow/.local/lib/python3.12/site-packages/airflow/example_dags/example_workday_timetable.py","logger":"airflow.models.dagbag.DagBag"}
{"timestamp":"2025-07-06T08:02:02.490549","level":"info","event":"Filling up the DagBag from /home/airflow/.local/lib/python3.12/site-packages/airflow/example_dags/example_workday_timetable.py","logger":"airflow.models.dagbag.DagBag"}
{"timestamp":"2025-07-06T08:02:32.640719","level":"info","event":"Filling up the DagBag from /home/airflow/.local/lib/python3.12/site-packages/airflow/example_dags/example_workday_timetable.py","logger":"airflow.models.dagbag.DagBag"}
{"timestamp":"2025-07-06T08:03:02.958156","level":"info","event":"Filling up the DagBag from /home/airflow/.local/lib/python3.12/site-packages/airflow/example_dags/example_workday_timetable.py","logger":"airflow.models.dagbag.DagBag"}
{"timestamp":"2025-07-06T08:03:33.150859","level":"info","event":"Filling up the DagBag from /home/airflow/.local/lib/python3.12/site-packages/airflow/example_dags/example_workday_timetable.py","logger":"airflow.models.dagbag.DagBag"}
{"timestamp":"2025-07-06T08:04:03.293455","level":"info","event":"Filling up the DagBag from /home/airflow/.local/lib/python3.12/site-packages/airflow/example_dags/example_workday_timetable.py","logger":"airflow.models.dagbag.DagBag"}
{"timestamp":"2025-07-06T08:04:33.877883","level":"info","event":"Filling up the DagBag from /home/airflow/.local/lib/python3.12/site-packages/airflow/example_dags/example_workday_timetable.py","logger":"airflow.models.dagbag.DagBag"}
{"timestamp":"2025-07-06T08:05:04.392399","level":"info","event":"Filling up the DagBag from /home/airflow/.local/lib/python3.12/site-packages/airflow/example_dags/example_workday_timetable.py","logger":"airflow.models.dagbag.DagBag"}
{"timestamp":"2025-07-06T08:05:35.153483","level":"info","event":"Filling up the DagBag from /home/airflow/.local/lib/python3.12/site-packages/airflow/example_dags/example_workday_timetable.py","logger":"airflow.models.dagbag.DagBag"}
{"timestamp":"2025-07-06T08:06:05.452303","level":"info","event":"Filling up the DagBag from /home/airflow/.local/lib/python3.12/site-packages/airflow/example_dags/example_workday_timetable.py","logger":"airflow.models.dagbag.DagBag"}
{"timestamp":"2025-07-06T08:06:35.634663","level":"info","event":"Filling up the DagBag from /home/airflow/.local/lib/python3.12/site-packages/airflow/example_dags/example_workday_timetable.py","logger":"airflow.models.dagbag.DagBag"}
{"timestamp":"2025-07-06T08:07:06.467257","level":"info","event":"Filling up the DagBag from /home/airflow/.local/lib/python3.12/site-packages/airflow/example_dags/example_workday_timetable.py","logger":"airflow.models.dagbag.DagBag"}
{"timestamp":"2025-07-06T08:07:36.679301","level":"info","event":"Filling up the DagBag from /home/airflow/.local/lib/python3.12/site-packages/airflow/example_dags/example_workday_timetable.py","logger":"airflow.models.dagbag.DagBag"}
{"timestamp":"2025-07-06T08:08:07.904029","level":"info","event":"Filling up the DagBag from /home/airflow/.local/lib/python3.12/site-packages/airflow/example_dags/example_workday_timetable.py","logger":"airflow.models.dagbag.DagBag"}
{"timestamp":"2025-07-06T08:08:38.184283","level":"info","event":"Filling up the DagBag from /home/airflow/.local/lib/python3.12/site-packages/airflow/example_dags/example_workday_timetable.py","logger":"airflow.models.dagbag.DagBag"}
{"timestamp":"2025-07-06T08:09:59.722288","level":"info","event":"Filling up the DagBag from /home/airflow/.local/lib/python3.12/site-packages/airflow/example_dags/example_workday_timetable.py","logger":"airflow.models.dagbag.DagBag"}
{"timestamp":"2025-07-06T08:10:30.435264","level":"info","event":"Filling up the DagBag from /home/airflow/.local/lib/python3.12/site-packages/airflow/example_dags/example_workday_timetable.py","logger":"airflow.models.dagbag.DagBag"}
{"timestamp":"2025-07-06T08:11:05.211361","level":"info","event":"Filling up the DagBag from /home/airflow/.local/lib/python3.12/site-packages/airflow/example_dags/example_workday_timetable.py","logger":"airflow.models.dagbag.DagBag"}
{"timestamp":"2025-07-06T08:11:37.372955","level":"info","event":"Filling up the DagBag from /home/airflow/.local/lib/python3.12/site-packages/airflow/example_dags/example_workday_timetable.py","logger":"airflow.models.dagbag.DagBag"}
{"timestamp":"2025-07-06T08:12:31.326673","level":"info","event":"Filling up the DagBag from /home/airflow/.local/lib/python3.12/site-packages/airflow/example_dags/example_workday_timetable.py","logger":"airflow.models.dagbag.DagBag"}
{"timestamp":"2025-07-06T08:13:02.730529","level":"info","event":"Filling up the DagBag from /home/airflow/.local/lib/python3.12/site-packages/airflow/example_dags/example_workday_timetable.py","logger":"airflow.models.dagbag.DagBag"}
{"timestamp":"2025-07-06T08:14:24.057144","level":"info","event":"Filling up the DagBag from /home/airflow/.local/lib/python3.12/site-packages/airflow/example_dags/example_workday_timetable.py","logger":"airflow.models.dagbag.DagBag"}
{"timestamp":"2025-07-06T08:15:20.136493","level":"info","event":"Filling up the DagBag from /home/airflow/.local/lib/python3.12/site-packages/airflow/example_dags/example_workday_timetable.py","logger":"airflow.models.dagbag.DagBag"}
{"timestamp":"2025-07-06T08:17:25.971457","level":"info","event":"Filling up the DagBag from /home/airflow/.local/lib/python3.12/site-packages/airflow/example_dags/example_workday_timetable.py","logger":"airflow.models.dagbag.DagBag"}
{"timestamp":"2025-07-06T08:17:56.271910","level":"info","event":"Filling up the DagBag from /home/airflow/.local/lib/python3.12/site-packages/airflow/example_dags/example_workday_timetable.py","logger":"airflow.models.dagbag.DagBag"}
{"timestamp":"2025-07-06T08:18:27.890166","level":"info","event":"Filling up the DagBag from /home/airflow/.local/lib/python3.12/site-packages/airflow/example_dags/example_workday_timetable.py","logger":"airflow.models.dagbag.DagBag"}
{"timestamp":"2025-07-06T08:18:59.564880","level":"info","event":"Filling up the DagBag from /home/airflow/.local/lib/python3.12/site-packages/airflow/example_dags/example_workday_timetable.py","logger":"airflow.models.dagbag.DagBag"}
{"timestamp":"2025-07-06T08:19:32.071668","level":"info","event":"Filling up the DagBag from /home/airflow/.local/lib/python3.12/site-packages/airflow/example_dags/example_workday_timetable.py","logger":"airflow.models.dagbag.DagBag"}
{"timestamp":"2025-07-06T08:20:43.566040","level":"info","event":"Filling up the DagBag from /home/airflow/.local/lib/python3.12/site-packages/airflow/example_dags/example_workday_timetable.py","logger":"airflow.models.dagbag.DagBag"}
{"timestamp":"2025-07-06T08:23:15.374289","level":"info","event":"Filling up the DagBag from /home/airflow/.local/lib/python3.12/site-packages/airflow/example_dags/example_workday_timetable.py","logger":"airflow.models.dagbag.DagBag"}
{"timestamp":"2025-07-06T08:25:57.266028","level":"info","event":"Filling up the DagBag from /home/airflow/.local/lib/python3.12/site-packages/airflow/example_dags/example_workday_timetable.py","logger":"airflow.models.dagbag.DagBag"}
{"timestamp":"2025-07-06T08:28:11.597232","level":"info","event":"Filling up the DagBag from /home/airflow/.local/lib/python3.12/site-packages/airflow/example_dags/example_workday_timetable.py","logger":"airflow.models.dagbag.DagBag"}
{"timestamp":"2025-07-06T08:29:24.097916","level":"info","event":"Filling up the DagBag from /home/airflow/.local/lib/python3.12/site-packages/airflow/example_dags/example_workday_timetable.py","logger":"airflow.models.dagbag.DagBag"}
{"timestamp":"2025-07-06T08:29:54.462807","level":"info","event":"Filling up the DagBag from /home/airflow/.local/lib/python3.12/site-packages/airflow/example_dags/example_workday_timetable.py","logger":"airflow.models.dagbag.DagBag"}
{"timestamp":"2025-07-06T08:31:12.205295","level":"info","event":"Filling up the DagBag from /home/airflow/.local/lib/python3.12/site-packages/airflow/example_dags/example_workday_timetable.py","logger":"airflow.models.dagbag.DagBag"}
{"timestamp":"2025-07-06T08:31:43.004594","level":"info","event":"Filling up the DagBag from /home/airflow/.local/lib/python3.12/site-packages/airflow/example_dags/example_workday_timetable.py","logger":"airflow.models.dagbag.DagBag"}
{"timestamp":"2025-07-06T08:33:04.221129","level":"info","event":"Filling up the DagBag from /home/airflow/.local/lib/python3.12/site-packages/airflow/example_dags/example_workday_timetable.py","logger":"airflow.models.dagbag.DagBag"}
{"timestamp":"2025-07-06T08:35:11.124026","level":"info","event":"Filling up the DagBag from /home/airflow/.local/lib/python3.12/site-packages/airflow/example_dags/example_workday_timetable.py","logger":"airflow.models.dagbag.DagBag"}
{"timestamp":"2025-07-06T08:35:43.296414","level":"info","event":"Filling up the DagBag from /home/airflow/.local/lib/python3.12/site-packages/airflow/example_dags/example_workday_timetable.py","logger":"airflow.models.dagbag.DagBag"}
{"timestamp":"2025-07-06T08:36:14.224606","level":"info","event":"Filling up the DagBag from /home/airflow/.local/lib/python3.12/site-packages/airflow/example_dags/example_workday_timetable.py","logger":"airflow.models.dagbag.DagBag"}
{"timestamp":"2025-07-06T08:37:47.818788","level":"info","event":"Filling up the DagBag from /home/airflow/.local/lib/python3.12/site-packages/airflow/example_dags/example_workday_timetable.py","logger":"airflow.models.dagbag.DagBag"}
{"timestamp":"2025-07-06T08:38:58.432782","level":"info","event":"Filling up the DagBag from /home/airflow/.local/lib/python3.12/site-packages/airflow/example_dags/example_workday_timetable.py","logger":"airflow.models.dagbag.DagBag"}
{"timestamp":"2025-07-06T08:40:39.940417","level":"info","event":"Filling up the DagBag from /home/airflow/.local/lib/python3.12/site-packages/airflow/example_dags/example_workday_timetable.py","logger":"airflow.models.dagbag.DagBag"}
{"timestamp":"2025-07-06T08:41:30.531221","level":"info","event":"Filling up the DagBag from /home/airflow/.local/lib/python3.12/site-packages/airflow/example_dags/example_workday_timetable.py","logger":"airflow.models.dagbag.DagBag"}
{"timestamp":"2025-07-06T08:42:01.372689","level":"info","event":"Filling up the DagBag from /home/airflow/.local/lib/python3.12/site-packages/airflow/example_dags/example_workday_timetable.py","logger":"airflow.models.dagbag.DagBag"}
{"timestamp":"2025-07-06T08:42:33.587113","level":"info","event":"Filling up the DagBag from /home/airflow/.local/lib/python3.12/site-packages/airflow/example_dags/example_workday_timetable.py","logger":"airflow.models.dagbag.DagBag"}
{"timestamp":"2025-07-06T08:43:24.110390","level":"info","event":"Filling up the DagBag from /home/airflow/.local/lib/python3.12/site-packages/airflow/example_dags/example_workday_timetable.py","logger":"airflow.models.dagbag.DagBag"}
{"timestamp":"2025-07-06T08:43:54.370642","level":"info","event":"Filling up the DagBag from /home/airflow/.local/lib/python3.12/site-packages/airflow/example_dags/example_workday_timetable.py","logger":"airflow.models.dagbag.DagBag"}
{"timestamp":"2025-07-06T08:44:24.786593","level":"info","event":"Filling up the DagBag from /home/airflow/.local/lib/python3.12/site-packages/airflow/example_dags/example_workday_timetable.py","logger":"airflow.models.dagbag.DagBag"}
{"timestamp":"2025-07-06T08:45:27.850694","level":"info","event":"Filling up the DagBag from /home/airflow/.local/lib/python3.12/site-packages/airflow/example_dags/example_workday_timetable.py","logger":"airflow.models.dagbag.DagBag"}
{"timestamp":"2025-07-06T08:46:22.834049","level":"info","event":"Filling up the DagBag from /home/airflow/.local/lib/python3.12/site-packages/airflow/example_dags/example_workday_timetable.py","logger":"airflow.models.dagbag.DagBag"}
{"timestamp":"2025-07-06T08:46:53.996692","level":"info","event":"Filling up the DagBag from /home/airflow/.local/lib/python3.12/site-packages/airflow/example_dags/example_workday_timetable.py","logger":"airflow.models.dagbag.DagBag"}
{"timestamp":"2025-07-06T08:47:20.829355","level":"info","event":"Filling up the DagBag from /home/airflow/.local/lib/python3.12/site-packages/airflow/example_dags/example_workday_timetable.py","logger":"airflow.models.dagbag.DagBag"}
{"timestamp":"2025-07-06T08:48:32.338423","level":"info","event":"Filling up the DagBag from /home/airflow/.local/lib/python3.12/site-packages/airflow/example_dags/example_workday_timetable.py","logger":"airflow.models.dagbag.DagBag"}
{"timestamp":"2025-07-06T08:49:02.877277","level":"info","event":"Filling up the DagBag from /home/airflow/.local/lib/python3.12/site-packages/airflow/example_dags/example_workday_timetable.py","logger":"airflow.models.dagbag.DagBag"}
{"timestamp":"2025-07-06T08:51:14.695689","level":"info","event":"Filling up the DagBag from /home/airflow/.local/lib/python3.12/site-packages/airflow/example_dags/example_workday_timetable.py","logger":"airflow.models.dagbag.DagBag"}
{"timestamp":"2025-07-06T08:51:44.838710","level":"info","event":"Filling up the DagBag from /home/airflow/.local/lib/python3.12/site-packages/airflow/example_dags/example_workday_timetable.py","logger":"airflow.models.dagbag.DagBag"}
{"timestamp":"2025-07-06T08:52:18.533151","level":"info","event":"Filling up the DagBag from /home/airflow/.local/lib/python3.12/site-packages/airflow/example_dags/example_workday_timetable.py","logger":"airflow.models.dagbag.DagBag"}
{"timestamp":"2025-07-06T08:52:49.679839","level":"info","event":"Filling up the DagBag from /home/airflow/.local/lib/python3.12/site-packages/airflow/example_dags/example_workday_timetable.py","logger":"airflow.models.dagbag.DagBag"}
{"timestamp":"2025-07-06T08:53:20.296550","level":"info","event":"Filling up the DagBag from /home/airflow/.local/lib/python3.12/site-packages/airflow/example_dags/example_workday_timetable.py","logger":"airflow.models.dagbag.DagBag"}
{"timestamp":"2025-07-06T08:53:53.129657","level":"info","event":"Filling up the DagBag from /home/airflow/.local/lib/python3.12/site-packages/airflow/example_dags/example_workday_timetable.py","logger":"airflow.models.dagbag.DagBag"}
{"timestamp":"2025-07-06T08:54:58.421570","level":"info","event":"Filling up the DagBag from /home/airflow/.local/lib/python3.12/site-packages/airflow/example_dags/example_workday_timetable.py","logger":"airflow.models.dagbag.DagBag"}
{"timestamp":"2025-07-06T08:56:21.554613","level":"info","event":"Filling up the DagBag from /home/airflow/.local/lib/python3.12/site-packages/airflow/example_dags/example_workday_timetable.py","logger":"airflow.models.dagbag.DagBag"}
{"timestamp":"2025-07-06T08:58:08.516687","level":"info","event":"Filling up the DagBag from /home/airflow/.local/lib/python3.12/site-packages/airflow/example_dags/example_workday_timetable.py","logger":"airflow.models.dagbag.DagBag"}
{"timestamp":"2025-07-06T08:59:04.432899","level":"info","event":"Filling up the DagBag from /home/airflow/.local/lib/python3.12/site-packages/airflow/example_dags/example_workday_timetable.py","logger":"airflow.models.dagbag.DagBag"}
{"timestamp":"2025-07-06T08:59:57.074443","level":"info","event":"Filling up the DagBag from /home/airflow/.local/lib/python3.12/site-packages/airflow/example_dags/example_workday_timetable.py","logger":"airflow.models.dagbag.DagBag"}
{"timestamp":"2025-07-06T09:01:47.873614","level":"info","event":"Filling up the DagBag from /home/airflow/.local/lib/python3.12/site-packages/airflow/example_dags/example_workday_timetable.py","logger":"airflow.models.dagbag.DagBag"}
{"timestamp":"2025-07-06T09:02:21.574346","level":"info","event":"Filling up the DagBag from /home/airflow/.local/lib/python3.12/site-packages/airflow/example_dags/example_workday_timetable.py","logger":"airflow.models.dagbag.DagBag"}
{"timestamp":"2025-07-06T09:03:03.768171","level":"info","event":"Filling up the DagBag from /home/airflow/.local/lib/python3.12/site-packages/airflow/example_dags/example_workday_timetable.py","logger":"airflow.models.dagbag.DagBag"}
{"timestamp":"2025-07-06T09:04:09.889472","level":"info","event":"Filling up the DagBag from /home/airflow/.local/lib/python3.12/site-packages/airflow/example_dags/example_workday_timetable.py","logger":"airflow.models.dagbag.DagBag"}
{"timestamp":"2025-07-06T09:05:08.821340","level":"info","event":"Filling up the DagBag from /home/airflow/.local/lib/python3.12/site-packages/airflow/example_dags/example_workday_timetable.py","logger":"airflow.models.dagbag.DagBag"}
{"timestamp":"2025-07-06T09:06:07.850826","level":"info","event":"Filling up the DagBag from /home/airflow/.local/lib/python3.12/site-packages/airflow/example_dags/example_workday_timetable.py","logger":"airflow.models.dagbag.DagBag"}
{"timestamp":"2025-07-06T09:06:38.288578","level":"info","event":"Filling up the DagBag from /home/airflow/.local/lib/python3.12/site-packages/airflow/example_dags/example_workday_timetable.py","logger":"airflow.models.dagbag.DagBag"}
{"timestamp":"2025-07-06T09:07:10.078160","level":"info","event":"Filling up the DagBag from /home/airflow/.local/lib/python3.12/site-packages/airflow/example_dags/example_workday_timetable.py","logger":"airflow.models.dagbag.DagBag"}
{"timestamp":"2025-07-06T09:08:08.878519","level":"info","event":"Filling up the DagBag from /home/airflow/.local/lib/python3.12/site-packages/airflow/example_dags/example_workday_timetable.py","logger":"airflow.models.dagbag.DagBag"}
{"timestamp":"2025-07-06T09:09:05.684477","level":"info","event":"Filling up the DagBag from /home/airflow/.local/lib/python3.12/site-packages/airflow/example_dags/example_workday_timetable.py","logger":"airflow.models.dagbag.DagBag"}
{"timestamp":"2025-07-06T09:09:37.104684","level":"info","event":"Filling up the DagBag from /home/airflow/.local/lib/python3.12/site-packages/airflow/example_dags/example_workday_timetable.py","logger":"airflow.models.dagbag.DagBag"}
{"timestamp":"2025-07-06T09:11:01.210169","level":"info","event":"Filling up the DagBag from /home/airflow/.local/lib/python3.12/site-packages/airflow/example_dags/example_workday_timetable.py","logger":"airflow.models.dagbag.DagBag"}
{"timestamp":"2025-07-06T09:12:01.089475","level":"info","event":"Filling up the DagBag from /home/airflow/.local/lib/python3.12/site-packages/airflow/example_dags/example_workday_timetable.py","logger":"airflow.models.dagbag.DagBag"}
{"timestamp":"2025-07-06T09:13:52.726613","level":"info","event":"Filling up the DagBag from /home/airflow/.local/lib/python3.12/site-packages/airflow/example_dags/example_workday_timetable.py","logger":"airflow.models.dagbag.DagBag"}
{"timestamp":"2025-07-06T09:15:59.952083","level":"info","event":"Filling up the DagBag from /home/airflow/.local/lib/python3.12/site-packages/airflow/example_dags/example_workday_timetable.py","logger":"airflow.models.dagbag.DagBag"}
{"timestamp":"2025-07-06T09:18:14.083509","level":"info","event":"Filling up the DagBag from /home/airflow/.local/lib/python3.12/site-packages/airflow/example_dags/example_workday_timetable.py","logger":"airflow.models.dagbag.DagBag"}
{"timestamp":"2025-07-06T09:18:44.721012","level":"info","event":"Filling up the DagBag from /home/airflow/.local/lib/python3.12/site-packages/airflow/example_dags/example_workday_timetable.py","logger":"airflow.models.dagbag.DagBag"}
{"timestamp":"2025-07-06T09:20:07.950277","level":"info","event":"Filling up the DagBag from /home/airflow/.local/lib/python3.12/site-packages/airflow/example_dags/example_workday_timetable.py","logger":"airflow.models.dagbag.DagBag"}
{"timestamp":"2025-07-06T09:21:49.688208","level":"info","event":"Filling up the DagBag from /home/airflow/.local/lib/python3.12/site-packages/airflow/example_dags/example_workday_timetable.py","logger":"airflow.models.dagbag.DagBag"}
{"timestamp":"2025-07-06T09:23:52.904394","level":"info","event":"Filling up the DagBag from /home/airflow/.local/lib/python3.12/site-packages/airflow/example_dags/example_workday_timetable.py","logger":"airflow.models.dagbag.DagBag"}
{"timestamp":"2025-07-06T09:26:19.835384","level":"info","event":"Filling up the DagBag from /home/airflow/.local/lib/python3.12/site-packages/airflow/example_dags/example_workday_timetable.py","logger":"airflow.models.dagbag.DagBag"}
{"timestamp":"2025-07-06T09:27:51.346312","level":"info","event":"Filling up the DagBag from /home/airflow/.local/lib/python3.12/site-packages/airflow/example_dags/example_workday_timetable.py","logger":"airflow.models.dagbag.DagBag"}
{"timestamp":"2025-07-06T09:29:31.934746","level":"info","event":"Filling up the DagBag from /home/airflow/.local/lib/python3.12/site-packages/airflow/example_dags/example_workday_timetable.py","logger":"airflow.models.dagbag.DagBag"}
{"timestamp":"2025-07-06T09:30:58.386295","level":"info","event":"Filling up the DagBag from /home/airflow/.local/lib/python3.12/site-packages/airflow/example_dags/example_workday_timetable.py","logger":"airflow.models.dagbag.DagBag"}
{"timestamp":"2025-07-06T09:31:30.466198Z","level":"critical","event":"Process terminated by signal. For more information, see https://airflow.apache.org/docs/apache-airflow/stable/troubleshooting.html#TaskRunner-killed","signal":-9,"signal_name":"SIGKILL","logger":"processor"}
{"timestamp":"2025-07-06T09:33:12.719921","level":"info","event":"Filling up the DagBag from /home/airflow/.local/lib/python3.12/site-packages/airflow/example_dags/example_workday_timetable.py","logger":"airflow.models.dagbag.DagBag"}
{"timestamp":"2025-07-06T09:34:22.567069","level":"info","event":"Filling up the DagBag from /home/airflow/.local/lib/python3.12/site-packages/airflow/example_dags/example_workday_timetable.py","logger":"airflow.models.dagbag.DagBag"}
{"timestamp":"2025-07-06T09:36:49.896813","level":"info","event":"Filling up the DagBag from /home/airflow/.local/lib/python3.12/site-packages/airflow/example_dags/example_workday_timetable.py","logger":"airflow.models.dagbag.DagBag"}
{"timestamp":"2025-07-06T09:37:20.386215","level":"info","event":"Filling up the DagBag from /home/airflow/.local/lib/python3.12/site-packages/airflow/example_dags/example_workday_timetable.py","logger":"airflow.models.dagbag.DagBag"}
{"timestamp":"2025-07-06T09:38:42.103842","level":"info","event":"Filling up the DagBag from /home/airflow/.local/lib/python3.12/site-packages/airflow/example_dags/example_workday_timetable.py","logger":"airflow.models.dagbag.DagBag"}
{"timestamp":"2025-07-06T09:40:19.860450","level":"info","event":"Filling up the DagBag from /home/airflow/.local/lib/python3.12/site-packages/airflow/example_dags/example_workday_timetable.py","logger":"airflow.models.dagbag.DagBag"}
{"timestamp":"2025-07-06T09:41:30.068061","level":"info","event":"Filling up the DagBag from /home/airflow/.local/lib/python3.12/site-packages/airflow/example_dags/example_workday_timetable.py","logger":"airflow.models.dagbag.DagBag"}
{"timestamp":"2025-07-06T09:45:04.355357","level":"info","event":"Filling up the DagBag from /home/airflow/.local/lib/python3.12/site-packages/airflow/example_dags/example_workday_timetable.py","logger":"airflow.models.dagbag.DagBag"}
{"timestamp":"2025-07-06T09:45:36.562343","level":"info","event":"Filling up the DagBag from /home/airflow/.local/lib/python3.12/site-packages/airflow/example_dags/example_workday_timetable.py","logger":"airflow.models.dagbag.DagBag"}
{"timestamp":"2025-07-06T09:47:21.564608","level":"info","event":"Filling up the DagBag from /home/airflow/.local/lib/python3.12/site-packages/airflow/example_dags/example_workday_timetable.py","logger":"airflow.models.dagbag.DagBag"}
{"timestamp":"2025-07-06T09:47:52.862483","level":"info","event":"Filling up the DagBag from /home/airflow/.local/lib/python3.12/site-packages/airflow/example_dags/example_workday_timetable.py","logger":"airflow.models.dagbag.DagBag"}
{"timestamp":"2025-07-06T09:48:58.728361","level":"info","event":"Filling up the DagBag from /home/airflow/.local/lib/python3.12/site-packages/airflow/example_dags/example_workday_timetable.py","logger":"airflow.models.dagbag.DagBag"}
{"timestamp":"2025-07-06T09:49:29.366435","level":"info","event":"Filling up the DagBag from /home/airflow/.local/lib/python3.12/site-packages/airflow/example_dags/example_workday_timetable.py","logger":"airflow.models.dagbag.DagBag"}
{"timestamp":"2025-07-06T09:50:40.453703","level":"info","event":"Filling up the DagBag from /home/airflow/.local/lib/python3.12/site-packages/airflow/example_dags/example_workday_timetable.py","logger":"airflow.models.dagbag.DagBag"}
{"timestamp":"2025-07-06T09:51:50.957000","level":"info","event":"Filling up the DagBag from /home/airflow/.local/lib/python3.12/site-packages/airflow/example_dags/example_workday_timetable.py","logger":"airflow.models.dagbag.DagBag"}
{"timestamp":"2025-07-06T09:52:23.479852","level":"info","event":"Filling up the DagBag from /home/airflow/.local/lib/python3.12/site-packages/airflow/example_dags/example_workday_timetable.py","logger":"airflow.models.dagbag.DagBag"}
{"timestamp":"2025-07-06T09:52:26.167232Z","level":"critical","event":"Process terminated by signal. For more information, see https://airflow.apache.org/docs/apache-airflow/stable/troubleshooting.html#TaskRunner-killed","signal":-9,"signal_name":"SIGKILL","logger":"processor"}
{"timestamp":"2025-07-06T09:53:06.644870","level":"info","event":"Filling up the DagBag from /home/airflow/.local/lib/python3.12/site-packages/airflow/example_dags/example_workday_timetable.py","logger":"airflow.models.dagbag.DagBag"}
{"timestamp":"2025-07-06T09:55:56.970513","level":"info","event":"Filling up the DagBag from /home/airflow/.local/lib/python3.12/site-packages/airflow/example_dags/example_workday_timetable.py","logger":"airflow.models.dagbag.DagBag"}
{"timestamp":"2025-07-06T09:56:27.770049","level":"info","event":"Filling up the DagBag from /home/airflow/.local/lib/python3.12/site-packages/airflow/example_dags/example_workday_timetable.py","logger":"airflow.models.dagbag.DagBag"}
{"timestamp":"2025-07-06T09:58:01.827531","level":"info","event":"Filling up the DagBag from /home/airflow/.local/lib/python3.12/site-packages/airflow/example_dags/example_workday_timetable.py","logger":"airflow.models.dagbag.DagBag"}
{"timestamp":"2025-07-06T10:00:25.471237","level":"info","event":"Filling up the DagBag from /home/airflow/.local/lib/python3.12/site-packages/airflow/example_dags/example_workday_timetable.py","logger":"airflow.models.dagbag.DagBag"}
{"timestamp":"2025-07-06T10:00:56.414467","level":"info","event":"Filling up the DagBag from /home/airflow/.local/lib/python3.12/site-packages/airflow/example_dags/example_workday_timetable.py","logger":"airflow.models.dagbag.DagBag"}
{"timestamp":"2025-07-06T10:02:07.672049","level":"info","event":"Filling up the DagBag from /home/airflow/.local/lib/python3.12/site-packages/airflow/example_dags/example_workday_timetable.py","logger":"airflow.models.dagbag.DagBag"}
{"timestamp":"2025-07-06T10:02:39.284906","level":"info","event":"Filling up the DagBag from /home/airflow/.local/lib/python3.12/site-packages/airflow/example_dags/example_workday_timetable.py","logger":"airflow.models.dagbag.DagBag"}
{"timestamp":"2025-07-06T10:03:47.907018","level":"info","event":"Filling up the DagBag from /home/airflow/.local/lib/python3.12/site-packages/airflow/example_dags/example_workday_timetable.py","logger":"airflow.models.dagbag.DagBag"}
{"timestamp":"2025-07-06T10:06:37.864003Z","level":"critical","event":"Process terminated by signal. For more information, see https://airflow.apache.org/docs/apache-airflow/stable/troubleshooting.html#TaskRunner-killed","signal":-9,"signal_name":"SIGKILL","logger":"processor"}
{"timestamp":"2025-07-06T10:07:09.011647","level":"info","event":"Filling up the DagBag from /home/airflow/.local/lib/python3.12/site-packages/airflow/example_dags/example_workday_timetable.py","logger":"airflow.models.dagbag.DagBag"}
{"timestamp":"2025-07-06T10:07:39.808908","level":"info","event":"Filling up the DagBag from /home/airflow/.local/lib/python3.12/site-packages/airflow/example_dags/example_workday_timetable.py","logger":"airflow.models.dagbag.DagBag"}
{"timestamp":"2025-07-06T10:08:10.580344","level":"info","event":"Filling up the DagBag from /home/airflow/.local/lib/python3.12/site-packages/airflow/example_dags/example_workday_timetable.py","logger":"airflow.models.dagbag.DagBag"}
{"timestamp":"2025-07-06T10:08:41.145680","level":"info","event":"Filling up the DagBag from /home/airflow/.local/lib/python3.12/site-packages/airflow/example_dags/example_workday_timetable.py","logger":"airflow.models.dagbag.DagBag"}
{"timestamp":"2025-07-06T10:09:12.172169","level":"info","event":"Filling up the DagBag from /home/airflow/.local/lib/python3.12/site-packages/airflow/example_dags/example_workday_timetable.py","logger":"airflow.models.dagbag.DagBag"}
{"timestamp":"2025-07-06T10:09:43.394131","level":"info","event":"Filling up the DagBag from /home/airflow/.local/lib/python3.12/site-packages/airflow/example_dags/example_workday_timetable.py","logger":"airflow.models.dagbag.DagBag"}
{"timestamp":"2025-07-06T10:10:14.649979","level":"info","event":"Filling up the DagBag from /home/airflow/.local/lib/python3.12/site-packages/airflow/example_dags/example_workday_timetable.py","logger":"airflow.models.dagbag.DagBag"}
{"timestamp":"2025-07-06T10:10:45.883610","level":"info","event":"Filling up the DagBag from /home/airflow/.local/lib/python3.12/site-packages/airflow/example_dags/example_workday_timetable.py","logger":"airflow.models.dagbag.DagBag"}
{"timestamp":"2025-07-06T10:11:16.514459","level":"info","event":"Filling up the DagBag from /home/airflow/.local/lib/python3.12/site-packages/airflow/example_dags/example_workday_timetable.py","logger":"airflow.models.dagbag.DagBag"}
{"timestamp":"2025-07-06T10:11:47.220604","level":"info","event":"Filling up the DagBag from /home/airflow/.local/lib/python3.12/site-packages/airflow/example_dags/example_workday_timetable.py","logger":"airflow.models.dagbag.DagBag"}
{"timestamp":"2025-07-06T10:12:18.822000","level":"info","event":"Filling up the DagBag from /home/airflow/.local/lib/python3.12/site-packages/airflow/example_dags/example_workday_timetable.py","logger":"airflow.models.dagbag.DagBag"}
{"timestamp":"2025-07-06T10:12:49.387645","level":"info","event":"Filling up the DagBag from /home/airflow/.local/lib/python3.12/site-packages/airflow/example_dags/example_workday_timetable.py","logger":"airflow.models.dagbag.DagBag"}
{"timestamp":"2025-07-06T10:13:20.958049","level":"info","event":"Filling up the DagBag from /home/airflow/.local/lib/python3.12/site-packages/airflow/example_dags/example_workday_timetable.py","logger":"airflow.models.dagbag.DagBag"}
{"timestamp":"2025-07-06T10:13:51.717142","level":"info","event":"Filling up the DagBag from /home/airflow/.local/lib/python3.12/site-packages/airflow/example_dags/example_workday_timetable.py","logger":"airflow.models.dagbag.DagBag"}
{"timestamp":"2025-07-06T10:14:22.072038","level":"info","event":"Filling up the DagBag from /home/airflow/.local/lib/python3.12/site-packages/airflow/example_dags/example_workday_timetable.py","logger":"airflow.models.dagbag.DagBag"}
{"timestamp":"2025-07-06T10:14:55.132091","level":"info","event":"Filling up the DagBag from /home/airflow/.local/lib/python3.12/site-packages/airflow/example_dags/example_workday_timetable.py","logger":"airflow.models.dagbag.DagBag"}
{"timestamp":"2025-07-06T10:15:30.225311","level":"info","event":"Filling up the DagBag from /home/airflow/.local/lib/python3.12/site-packages/airflow/example_dags/example_workday_timetable.py","logger":"airflow.models.dagbag.DagBag"}
{"timestamp":"2025-07-06T10:16:00.845472","level":"info","event":"Filling up the DagBag from /home/airflow/.local/lib/python3.12/site-packages/airflow/example_dags/example_workday_timetable.py","logger":"airflow.models.dagbag.DagBag"}
{"timestamp":"2025-07-06T10:16:31.651280","level":"info","event":"Filling up the DagBag from /home/airflow/.local/lib/python3.12/site-packages/airflow/example_dags/example_workday_timetable.py","logger":"airflow.models.dagbag.DagBag"}
{"timestamp":"2025-07-06T10:17:02.819258","level":"info","event":"Filling up the DagBag from /home/airflow/.local/lib/python3.12/site-packages/airflow/example_dags/example_workday_timetable.py","logger":"airflow.models.dagbag.DagBag"}
{"timestamp":"2025-07-06T10:17:33.630920","level":"info","event":"Filling up the DagBag from /home/airflow/.local/lib/python3.12/site-packages/airflow/example_dags/example_workday_timetable.py","logger":"airflow.models.dagbag.DagBag"}
{"timestamp":"2025-07-06T10:18:04.595624","level":"info","event":"Filling up the DagBag from /home/airflow/.local/lib/python3.12/site-packages/airflow/example_dags/example_workday_timetable.py","logger":"airflow.models.dagbag.DagBag"}
{"timestamp":"2025-07-06T10:18:36.677753","level":"info","event":"Filling up the DagBag from /home/airflow/.local/lib/python3.12/site-packages/airflow/example_dags/example_workday_timetable.py","logger":"airflow.models.dagbag.DagBag"}
{"timestamp":"2025-07-06T10:19:07.300864","level":"info","event":"Filling up the DagBag from /home/airflow/.local/lib/python3.12/site-packages/airflow/example_dags/example_workday_timetable.py","logger":"airflow.models.dagbag.DagBag"}
{"timestamp":"2025-07-06T10:19:38.980024","level":"info","event":"Filling up the DagBag from /home/airflow/.local/lib/python3.12/site-packages/airflow/example_dags/example_workday_timetable.py","logger":"airflow.models.dagbag.DagBag"}
{"timestamp":"2025-07-06T10:20:10.054794","level":"info","event":"Filling up the DagBag from /home/airflow/.local/lib/python3.12/site-packages/airflow/example_dags/example_workday_timetable.py","logger":"airflow.models.dagbag.DagBag"}
{"timestamp":"2025-07-06T10:20:41.021308","level":"info","event":"Filling up the DagBag from /home/airflow/.local/lib/python3.12/site-packages/airflow/example_dags/example_workday_timetable.py","logger":"airflow.models.dagbag.DagBag"}
{"timestamp":"2025-07-06T10:21:12.337989","level":"info","event":"Filling up the DagBag from /home/airflow/.local/lib/python3.12/site-packages/airflow/example_dags/example_workday_timetable.py","logger":"airflow.models.dagbag.DagBag"}
{"timestamp":"2025-07-06T10:21:43.264517","level":"info","event":"Filling up the DagBag from /home/airflow/.local/lib/python3.12/site-packages/airflow/example_dags/example_workday_timetable.py","logger":"airflow.models.dagbag.DagBag"}
{"timestamp":"2025-07-06T10:22:14.631861","level":"info","event":"Filling up the DagBag from /home/airflow/.local/lib/python3.12/site-packages/airflow/example_dags/example_workday_timetable.py","logger":"airflow.models.dagbag.DagBag"}
{"timestamp":"2025-07-06T10:22:56.362774","level":"info","event":"Filling up the DagBag from /home/airflow/.local/lib/python3.12/site-packages/airflow/example_dags/example_workday_timetable.py","logger":"airflow.models.dagbag.DagBag"}
{"timestamp":"2025-07-06T10:23:31.058202","level":"info","event":"Filling up the DagBag from /home/airflow/.local/lib/python3.12/site-packages/airflow/example_dags/example_workday_timetable.py","logger":"airflow.models.dagbag.DagBag"}
{"timestamp":"2025-07-06T10:24:28.995490","level":"info","event":"Filling up the DagBag from /home/airflow/.local/lib/python3.12/site-packages/airflow/example_dags/example_workday_timetable.py","logger":"airflow.models.dagbag.DagBag"}
{"timestamp":"2025-07-06T10:24:59.236879","level":"info","event":"Filling up the DagBag from /home/airflow/.local/lib/python3.12/site-packages/airflow/example_dags/example_workday_timetable.py","logger":"airflow.models.dagbag.DagBag"}
{"timestamp":"2025-07-06T10:25:29.879976","level":"info","event":"Filling up the DagBag from /home/airflow/.local/lib/python3.12/site-packages/airflow/example_dags/example_workday_timetable.py","logger":"airflow.models.dagbag.DagBag"}
{"timestamp":"2025-07-06T10:26:00.231363","level":"info","event":"Filling up the DagBag from /home/airflow/.local/lib/python3.12/site-packages/airflow/example_dags/example_workday_timetable.py","logger":"airflow.models.dagbag.DagBag"}
{"timestamp":"2025-07-06T10:26:30.392543","level":"info","event":"Filling up the DagBag from /home/airflow/.local/lib/python3.12/site-packages/airflow/example_dags/example_workday_timetable.py","logger":"airflow.models.dagbag.DagBag"}
{"timestamp":"2025-07-06T11:03:21.178918","level":"info","event":"Filling up the DagBag from /home/airflow/.local/lib/python3.12/site-packages/airflow/example_dags/example_workday_timetable.py","logger":"airflow.models.dagbag.DagBag"}
{"timestamp":"2025-07-06T11:03:51.895315","level":"info","event":"Filling up the DagBag from /home/airflow/.local/lib/python3.12/site-packages/airflow/example_dags/example_workday_timetable.py","logger":"airflow.models.dagbag.DagBag"}
{"timestamp":"2025-07-06T11:04:59.228248","level":"info","event":"Filling up the DagBag from /home/airflow/.local/lib/python3.12/site-packages/airflow/example_dags/example_workday_timetable.py","logger":"airflow.models.dagbag.DagBag"}
{"timestamp":"2025-07-06T11:05:29.456837","level":"info","event":"Filling up the DagBag from /home/airflow/.local/lib/python3.12/site-packages/airflow/example_dags/example_workday_timetable.py","logger":"airflow.models.dagbag.DagBag"}
{"timestamp":"2025-07-06T11:05:59.625301","level":"info","event":"Filling up the DagBag from /home/airflow/.local/lib/python3.12/site-packages/airflow/example_dags/example_workday_timetable.py","logger":"airflow.models.dagbag.DagBag"}
{"timestamp":"2025-07-06T11:06:29.754222","level":"info","event":"Filling up the DagBag from /home/airflow/.local/lib/python3.12/site-packages/airflow/example_dags/example_workday_timetable.py","logger":"airflow.models.dagbag.DagBag"}
{"timestamp":"2025-07-06T11:07:00.190415","level":"info","event":"Filling up the DagBag from /home/airflow/.local/lib/python3.12/site-packages/airflow/example_dags/example_workday_timetable.py","logger":"airflow.models.dagbag.DagBag"}
{"timestamp":"2025-07-06T11:07:42.667722","level":"info","event":"Filling up the DagBag from /home/airflow/.local/lib/python3.12/site-packages/airflow/example_dags/example_workday_timetable.py","logger":"airflow.models.dagbag.DagBag"}
{"timestamp":"2025-07-06T11:08:13.813716","level":"info","event":"Filling up the DagBag from /home/airflow/.local/lib/python3.12/site-packages/airflow/example_dags/example_workday_timetable.py","logger":"airflow.models.dagbag.DagBag"}
{"timestamp":"2025-07-06T11:09:15.893316","level":"info","event":"Filling up the DagBag from /home/airflow/.local/lib/python3.12/site-packages/airflow/example_dags/example_workday_timetable.py","logger":"airflow.models.dagbag.DagBag"}
{"timestamp":"2025-07-06T11:10:43.529228","level":"info","event":"Filling up the DagBag from /home/airflow/.local/lib/python3.12/site-packages/airflow/example_dags/example_workday_timetable.py","logger":"airflow.models.dagbag.DagBag"}
{"timestamp":"2025-07-06T11:11:13.859389","level":"info","event":"Filling up the DagBag from /home/airflow/.local/lib/python3.12/site-packages/airflow/example_dags/example_workday_timetable.py","logger":"airflow.models.dagbag.DagBag"}
{"timestamp":"2025-07-06T11:12:20.772441","level":"info","event":"Filling up the DagBag from /home/airflow/.local/lib/python3.12/site-packages/airflow/example_dags/example_workday_timetable.py","logger":"airflow.models.dagbag.DagBag"}
{"timestamp":"2025-07-06T11:12:51.479592","level":"info","event":"Filling up the DagBag from /home/airflow/.local/lib/python3.12/site-packages/airflow/example_dags/example_workday_timetable.py","logger":"airflow.models.dagbag.DagBag"}
{"timestamp":"2025-07-06T11:13:51.345920","level":"info","event":"Filling up the DagBag from /home/airflow/.local/lib/python3.12/site-packages/airflow/example_dags/example_workday_timetable.py","logger":"airflow.models.dagbag.DagBag"}
{"timestamp":"2025-07-06T11:15:27.712765","level":"info","event":"Filling up the DagBag from /home/airflow/.local/lib/python3.12/site-packages/airflow/example_dags/example_workday_timetable.py","logger":"airflow.models.dagbag.DagBag"}
{"timestamp":"2025-07-06T11:15:58.618988","level":"info","event":"Filling up the DagBag from /home/airflow/.local/lib/python3.12/site-packages/airflow/example_dags/example_workday_timetable.py","logger":"airflow.models.dagbag.DagBag"}
{"timestamp":"2025-07-06T11:16:38.071663","level":"info","event":"Filling up the DagBag from /home/airflow/.local/lib/python3.12/site-packages/airflow/example_dags/example_workday_timetable.py","logger":"airflow.models.dagbag.DagBag"}
{"timestamp":"2025-07-06T11:17:26.707911Z","level":"critical","event":"Process terminated by signal. For more information, see https://airflow.apache.org/docs/apache-airflow/stable/troubleshooting.html#TaskRunner-killed","signal":-9,"signal_name":"SIGKILL","logger":"processor"}
{"timestamp":"2025-07-06T11:18:12.986710","level":"info","event":"Filling up the DagBag from /home/airflow/.local/lib/python3.12/site-packages/airflow/example_dags/example_workday_timetable.py","logger":"airflow.models.dagbag.DagBag"}
{"timestamp":"2025-07-06T11:18:53.196713","level":"info","event":"Filling up the DagBag from /home/airflow/.local/lib/python3.12/site-packages/airflow/example_dags/example_workday_timetable.py","logger":"airflow.models.dagbag.DagBag"}
{"timestamp":"2025-07-06T11:19:23.428259","level":"info","event":"Filling up the DagBag from /home/airflow/.local/lib/python3.12/site-packages/airflow/example_dags/example_workday_timetable.py","logger":"airflow.models.dagbag.DagBag"}
{"timestamp":"2025-07-06T11:20:21.574753","level":"info","event":"Filling up the DagBag from /home/airflow/.local/lib/python3.12/site-packages/airflow/example_dags/example_workday_timetable.py","logger":"airflow.models.dagbag.DagBag"}
{"timestamp":"2025-07-06T11:20:51.909271","level":"info","event":"Filling up the DagBag from /home/airflow/.local/lib/python3.12/site-packages/airflow/example_dags/example_workday_timetable.py","logger":"airflow.models.dagbag.DagBag"}
{"timestamp":"2025-07-06T11:21:41.711298","level":"info","event":"Filling up the DagBag from /home/airflow/.local/lib/python3.12/site-packages/airflow/example_dags/example_workday_timetable.py","logger":"airflow.models.dagbag.DagBag"}
{"timestamp":"2025-07-06T11:23:36.739700","level":"info","event":"Filling up the DagBag from /home/airflow/.local/lib/python3.12/site-packages/airflow/example_dags/example_workday_timetable.py","logger":"airflow.models.dagbag.DagBag"}
{"timestamp":"2025-07-06T11:24:48.005300","level":"info","event":"Filling up the DagBag from /home/airflow/.local/lib/python3.12/site-packages/airflow/example_dags/example_workday_timetable.py","logger":"airflow.models.dagbag.DagBag"}
{"timestamp":"2025-07-06T11:26:04.323805","level":"info","event":"Filling up the DagBag from /home/airflow/.local/lib/python3.12/site-packages/airflow/example_dags/example_workday_timetable.py","logger":"airflow.models.dagbag.DagBag"}
{"timestamp":"2025-07-06T11:26:35.962142","level":"info","event":"Filling up the DagBag from /home/airflow/.local/lib/python3.12/site-packages/airflow/example_dags/example_workday_timetable.py","logger":"airflow.models.dagbag.DagBag"}
                                                                                                                                                                                                                                           