{"timestamp":"2025-07-06T06:26:41.335087","level":"info","event":"Filling up the DagBag from /home/airflow/.local/lib/python3.12/site-packages/airflow/example_dags/example_display_name.py","logger":"airflow.models.dagbag.DagBag"}
{"timestamp":"2025-07-06T06:27:12.049794","level":"info","event":"Filling up the DagBag from /home/airflow/.local/lib/python3.12/site-packages/airflow/example_dags/example_display_name.py","logger":"airflow.models.dagbag.DagBag"}
{"timestamp":"2025-07-06T06:27:42.605077","level":"info","event":"Filling up the DagBag from /home/airflow/.local/lib/python3.12/site-packages/airflow/example_dags/example_display_name.py","logger":"airflow.models.dagbag.DagBag"}
{"timestamp":"2025-07-06T06:28:13.464918","level":"info","event":"Filling up the DagBag from /home/airflow/.local/lib/python3.12/site-packages/airflow/example_dags/example_display_name.py","logger":"airflow.models.dagbag.DagBag"}
{"timestamp":"2025-07-06T06:29:13.451755","level":"info","event":"Filling up the DagBag from /home/airflow/.local/lib/python3.12/site-packages/airflow/example_dags/example_display_name.py","logger":"airflow.models.dagbag.DagBag"}
{"timestamp":"2025-07-06T06:29:44.958916","level":"info","event":"Filling up the DagBag from /home/airflow/.local/lib/python3.12/site-packages/airflow/example_dags/example_display_name.py","logger":"airflow.models.dagbag.DagBag"}
{"timestamp":"2025-07-06T06:30:15.778692","level":"info","event":"Filling up the DagBag from /home/airflow/.local/lib/python3.12/site-packages/airflow/example_dags/example_display_name.py","logger":"airflow.models.dagbag.DagBag"}
{"timestamp":"2025-07-06T06:34:13.532707","level":"info","event":"Filling up the DagBag from /home/airflow/.local/lib/python3.12/site-packages/airflow/example_dags/example_display_name.py","logger":"airflow.models.dagbag.DagBag"}
{"timestamp":"2025-07-06T06:34:45.058507","level":"info","event":"Filling up the DagBag from /home/airflow/.local/lib/python3.12/site-packages/airflow/example_dags/example_display_name.py","logger":"airflow.models.dagbag.DagBag"}
{"timestamp":"2025-07-06T06:36:46.836932","level":"info","event":"Filling up the DagBag from /home/airflow/.local/lib/python3.12/site-packages/airflow/example_dags/example_display_name.py","logger":"airflow.models.dagbag.DagBag"}
{"timestamp":"2025-07-06T06:37:18.207616","level":"info","event":"Filling up the DagBag from /home/airflow/.local/lib/python3.12/site-packages/airflow/example_dags/example_display_name.py","logger":"airflow.models.dagbag.DagBag"}
{"timestamp":"2025-07-06T06:37:51.330102","level":"error","event":"Process timed out, PID: 738","logger":"airflow.utils.timeout.TimeoutPosix"}
{"timestamp":"2025-07-06T06:37:55.528312","level":"error","event":"Failed to import: /home/airflow/.local/lib/python3.12/site-packages/airflow/example_dags/example_display_name.py","logger":"airflow.models.dagbag.DagBag","error_detail":[{"exc_type":"AirflowTaskTimeout","exc_value":"DagBag import timeout for /home/airflow/.local/lib/python3.12/site-packages/airflow/example_dags/example_display_name.py after 30.0s.\nPlease take a look at these docs to improve your DAG import time:\n* https://airflow.apache.org/docs/apache-airflow/3.0.2/best-practices.html#top-level-python-code\n* https://airflow.apache.org/docs/apache-airflow/3.0.2/best-practices.html#reducing-dag-complexity, PID: 738","exc_notes":[],"syntax_error":null,"is_cause":false,"frames":[{"filename":"/home/airflow/.local/lib/python3.12/site-packages/airflow/models/dagbag.py","lineno":394,"name":"parse"},{"filename":"<frozen importlib._bootstrap_external>","lineno":999,"name":"exec_module"},{"filename":"<frozen importlib._bootstrap>","lineno":488,"name":"_call_with_frames_removed"},{"filename":"/home/airflow/.local/lib/python3.12/site-packages/airflow/example_dags/example_display_name.py","lineno":23,"name":"<module>"},{"filename":"<frozen importlib._bootstrap>","lineno":1412,"name":"_handle_fromlist"},{"filename":"/home/airflow/.local/lib/python3.12/site-packages/airflow/sdk/__init__.py","lineno":121,"name":"__getattr__"},{"filename":"/usr/local/lib/python3.12/importlib/__init__.py","lineno":90,"name":"import_module"},{"filename":"/home/airflow/.local/lib/python3.12/site-packages/airflow/sdk/definitions/decorators/__init__.py","lineno":22,"name":"<module>"},{"filename":"/home/airflow/.local/lib/python3.12/site-packages/airflow/sdk/bases/decorator.py","lineno":552,"name":"<module>"},{"filename":"/home/airflow/.local/lib/python3.12/site-packages/attr/_next_gen.py","lineno":400,"name":"wrap"},{"filename":"/home/airflow/.local/lib/python3.12/site-packages/attr/_next_gen.py","lineno":346,"name":"do_it"},{"filename":"/home/airflow/.local/lib/python3.12/site-packages/attr/_make.py","lineno":1528,"name":"attrs"},{"filename":"/home/airflow/.local/lib/python3.12/site-packages/attr/_make.py","lineno":1426,"name":"wrap"},{"filename":"/home/airflow/.local/lib/python3.12/site-packages/attr/_make.py","lineno":667,"name":"__init__"},{"filename":"/home/airflow/.local/lib/python3.12/site-packages/attr/_make.py","lineno":436,"name":"_transform_attrs"},{"filename":"/home/airflow/.local/lib/python3.12/site-packages/attr/_make.py","lineno":329,"name":"_collect_base_attrs"},{"filename":"/home/airflow/.local/lib/python3.12/site-packages/attr/_make.py","lineno":2529,"name":"evolve"},{"filename":"/usr/local/lib/python3.12/copy.py","lineno":97,"name":"copy"},{"filename":"/usr/local/lib/python3.12/copy.py","lineno":247,"name":"_reconstruct"},{"filename":"/home/airflow/.local/lib/python3.12/site-packages/airflow/utils/timeout.py","lineno":69,"name":"handle_timeout"}],"is_group":false,"exceptions":[]}]}
{"timestamp":"2025-07-06T06:39:03.591007","level":"info","event":"Filling up the DagBag from /home/airflow/.local/lib/python3.12/site-packages/airflow/example_dags/example_display_name.py","logger":"airflow.models.dagbag.DagBag"}
{"timestamp":"2025-07-06T06:39:35.209882","level":"info","event":"Filling up the DagBag from /home/airflow/.local/lib/python3.12/site-packages/airflow/example_dags/example_display_name.py","logger":"airflow.models.dagbag.DagBag"}
{"timestamp":"2025-07-06T06:40:47.059671","level":"info","event":"Filling up the DagBag from /home/airflow/.local/lib/python3.12/site-packages/airflow/example_dags/example_display_name.py","logger":"airflow.models.dagbag.DagBag"}
{"timestamp":"2025-07-06T06:41:29.477026Z","level":"critical","event":"Process terminated by signal. For more information, see https://airflow.apache.org/docs/apache-airflow/stable/troubleshooting.html#TaskRunner-killed","signal":-9,"signal_name":"SIGKILL","logger":"processor"}
{"timestamp":"2025-07-06T06:42:08.532982","level":"info","event":"Filling up the DagBag from /home/airflow/.local/lib/python3.12/site-packages/airflow/example_dags/example_display_name.py","logger":"airflow.models.dagbag.DagBag"}
{"timestamp":"2025-07-06T06:42:40.203617","level":"info","event":"Filling up the DagBag from /home/airflow/.local/lib/python3.12/site-packages/airflow/example_dags/example_display_name.py","logger":"airflow.models.dagbag.DagBag"}
{"timestamp":"2025-07-06T06:43:11.139867","level":"info","event":"Filling up the DagBag from /home/airflow/.local/lib/python3.12/site-packages/airflow/example_dags/example_display_name.py","logger":"airflow.models.dagbag.DagBag"}
{"timestamp":"2025-07-06T06:43:41.632605","level":"info","event":"Filling up the DagBag from /home/airflow/.local/lib/python3.12/site-packages/airflow/example_dags/example_display_name.py","logger":"airflow.models.dagbag.DagBag"}
{"timestamp":"2025-07-06T06:44:12.376497","level":"info","event":"Filling up the DagBag from /home/airflow/.local/lib/python3.12/site-packages/airflow/example_dags/example_display_name.py","logger":"airflow.models.dagbag.DagBag"}
{"timestamp":"2025-07-06T06:44:43.974727","level":"info","event":"Filling up the DagBag from /home/airflow/.local/lib/python3.12/site-packages/airflow/example_dags/example_display_name.py","logger":"airflow.models.dagbag.DagBag"}
{"timestamp":"2025-07-06T06:45:16.519141","level":"info","event":"Filling up the DagBag from /home/airflow/.local/lib/python3.12/site-packages/airflow/example_dags/example_display_name.py","logger":"airflow.models.dagbag.DagBag"}
{"timestamp":"2025-07-06T06:45:47.193681","level":"info","event":"Filling up the DagBag from /home/airflow/.local/lib/python3.12/site-packages/airflow/example_dags/example_display_name.py","logger":"airflow.models.dagbag.DagBag"}
{"timestamp":"2025-07-06T06:46:17.689445","level":"info","event":"Filling up the DagBag from /home/airflow/.local/lib/python3.12/site-packages/airflow/example_dags/example_display_name.py","logger":"airflow.models.dagbag.DagBag"}
{"timestamp":"2025-07-06T06:46:48.509711","level":"info","event":"Filling up the DagBag from /home/airflow/.local/lib/python3.12/site-packages/airflow/example_dags/example_display_name.py","logger":"airflow.models.dagbag.DagBag"}
{"timestamp":"2025-07-06T06:47:19.237742","level":"info","event":"Filling up the DagBag from /home/airflow/.local/lib/python3.12/site-packages/airflow/example_dags/example_display_name.py","logger":"airflow.models.dagbag.DagBag"}
{"timestamp":"2025-07-06T06:48:13.661025","level":"info","event":"Filling up the DagBag from /home/airflow/.local/lib/python3.12/site-packages/airflow/example_dags/example_display_name.py","logger":"airflow.models.dagbag.DagBag"}
{"timestamp":"2025-07-06T06:48:43.980539","level":"info","event":"Filling up the DagBag from /home/airflow/.local/lib/python3.12/site-packages/airflow/example_dags/example_display_name.py","logger":"airflow.models.dagbag.DagBag"}
{"timestamp":"2025-07-06T06:49:14.480070","level":"info","event":"Filling up the DagBag from /home/airflow/.local/lib/python3.12/site-packages/airflow/example_dags/example_display_name.py","logger":"airflow.models.dagbag.DagBag"}
{"timestamp":"2025-07-06T06:49:44.904935","level":"info","event":"Filling up the DagBag from /home/airflow/.local/lib/python3.12/site-packages/airflow/example_dags/example_display_name.py","logger":"airflow.models.dagbag.DagBag"}
{"timestamp":"2025-07-06T06:50:16.897827","level":"info","event":"Filling up the DagBag from /home/airflow/.local/lib/python3.12/site-packages/airflow/example_dags/example_display_name.py","logger":"airflow.models.dagbag.DagBag"}
{"timestamp":"2025-07-06T06:50:48.150732","level":"info","event":"Filling up the DagBag from /home/airflow/.local/lib/python3.12/site-packages/airflow/example_dags/example_display_name.py","logger":"airflow.models.dagbag.DagBag"}
{"timestamp":"2025-07-06T06:51:19.079086","level":"info","event":"Filling up the DagBag from /home/airflow/.local/lib/python3.12/site-packages/airflow/example_dags/example_display_name.py","logger":"airflow.models.dagbag.DagBag"}
{"timestamp":"2025-07-06T06:51:50.049312","level":"info","event":"Filling up the DagBag from /home/airflow/.local/lib/python3.12/site-packages/airflow/example_dags/example_display_name.py","logger":"airflow.models.dagbag.DagBag"}
{"timestamp":"2025-07-06T06:52:20.631620","level":"info","event":"Filling up the DagBag from /home/airflow/.local/lib/python3.12/site-packages/airflow/example_dags/example_display_name.py","logger":"airflow.models.dagbag.DagBag"}
{"timestamp":"2025-07-06T06:52:51.169080","level":"info","event":"Filling up the DagBag from /home/airflow/.local/lib/python3.12/site-packages/airflow/example_dags/example_display_name.py","logger":"airflow.models.dagbag.DagBag"}
{"timestamp":"2025-07-06T06:53:21.966235","level":"info","event":"Filling up the DagBag from /home/airflow/.local/lib/python3.12/site-packages/airflow/example_dags/example_display_name.py","logger":"airflow.models.dagbag.DagBag"}
{"timestamp":"2025-07-06T06:54:10.434140","level":"info","event":"Filling up the DagBag from /home/airflow/.local/lib/python3.12/site-packages/airflow/example_dags/example_display_name.py","logger":"airflow.models.dagbag.DagBag"}
{"timestamp":"2025-07-06T06:57:25.859486","level":"info","event":"Filling up the DagBag from /home/airflow/.local/lib/python3.12/site-packages/airflow/example_dags/example_display_name.py","logger":"airflow.models.dagbag.DagBag"}
{"timestamp":"2025-07-06T06:57:56.206408","level":"info","event":"Filling up the DagBag from /home/airflow/.local/lib/python3.12/site-packages/airflow/example_dags/example_display_name.py","logger":"airflow.models.dagbag.DagBag"}
{"timestamp":"2025-07-06T06:58:26.560409","level":"info","event":"Filling up the DagBag from /home/airflow/.local/lib/python3.12/site-packages/airflow/example_dags/example_display_name.py","logger":"airflow.models.dagbag.DagBag"}
{"timestamp":"2025-07-06T06:59:11.546072","level":"info","event":"Filling up the DagBag from /home/airflow/.local/lib/python3.12/site-packages/airflow/example_dags/example_display_name.py","logger":"airflow.models.dagbag.DagBag"}
{"timestamp":"2025-07-06T06:59:42.304249","level":"info","event":"Filling up the DagBag from /home/airflow/.local/lib/python3.12/site-packages/airflow/example_dags/example_display_name.py","logger":"airflow.models.dagbag.DagBag"}
{"timestamp":"2025-07-06T07:00:14.069153","level":"info","event":"Filling up the DagBag from /home/airflow/.local/lib/python3.12/site-packages/airflow/example_dags/example_display_name.py","logger":"airflow.models.dagbag.DagBag"}
{"timestamp":"2025-07-06T07:00:45.230011","level":"info","event":"Filling up the DagBag from /home/airflow/.local/lib/python3.12/site-packages/airflow/example_dags/example_display_name.py","logger":"airflow.models.dagbag.DagBag"}
{"timestamp":"2025-07-06T07:01:36.386724","level":"info","event":"Filling up the DagBag from /home/airflow/.local/lib/python3.12/site-packages/airflow/example_dags/example_display_name.py","logger":"airflow.models.dagbag.DagBag"}
{"timestamp":"2025-07-06T07:02:45.988480","level":"info","event":"Filling up the DagBag from /home/airflow/.local/lib/python3.12/site-packages/airflow/example_dags/example_display_name.py","logger":"airflow.models.dagbag.DagBag"}
{"timestamp":"2025-07-06T07:05:24.150861","level":"info","event":"Filling up the DagBag from /home/airflow/.local/lib/python3.12/site-packages/airflow/example_dags/example_display_name.py","logger":"airflow.models.dagbag.DagBag"}
{"timestamp":"2025-07-06T07:05:54.728618","level":"info","event":"Filling up the DagBag from /home/airflow/.local/lib/python3.12/site-packages/airflow/example_dags/example_display_name.py","logger":"airflow.models.dagbag.DagBag"}
{"timestamp":"2025-07-06T07:06:25.080214","level":"info","event":"Filling up the DagBag from /home/airflow/.local/lib/python3.12/site-packages/airflow/example_dags/example_display_name.py","logger":"airflow.models.dagbag.DagBag"}
{"timestamp":"2025-07-06T07:07:36.209813","level":"info","event":"Filling up the DagBag from /home/airflow/.local/lib/python3.12/site-packages/airflow/example_dags/example_display_name.py","logger":"airflow.models.dagbag.DagBag"}
{"timestamp":"2025-07-06T07:08:07.420313","level":"info","event":"Filling up the DagBag from /home/airflow/.local/lib/python3.12/site-packages/airflow/example_dags/example_display_name.py","logger":"airflow.models.dagbag.DagBag"}
{"timestamp":"2025-07-06T07:09:18.028841","level":"info","event":"Filling up the DagBag from /home/airflow/.local/lib/python3.12/site-packages/airflow/example_dags/example_display_name.py","logger":"airflow.models.dagbag.DagBag"}
{"timestamp":"2025-07-06T07:09:49.739472","level":"info","event":"Filling up the DagBag from /home/airflow/.local/lib/python3.12/site-packages/airflow/example_dags/example_display_name.py","logger":"airflow.models.dagbag.DagBag"}
{"timestamp":"2025-07-06T07:10:25.791202","level":"info","event":"Filling up the DagBag from /home/airflow/.local/lib/python3.12/site-packages/airflow/example_dags/example_display_name.py","logger":"airflow.models.dagbag.DagBag"}
{"timestamp":"2025-07-06T07:11:33.549199","level":"info","event":"Filling up the DagBag from /home/airflow/.local/lib/python3.12/site-packages/airflow/example_dags/example_display_name.py","logger":"airflow.models.dagbag.DagBag"}
{"timestamp":"2025-07-06T07:12:04.303425","level":"info","event":"Filling up the DagBag from /home/airflow/.local/lib/python3.12/site-packages/airflow/example_dags/example_display_name.py","logger":"airflow.models.dagbag.DagBag"}
{"timestamp":"2025-07-06T07:12:43.818418","level":"info","event":"Filling up the DagBag from /home/airflow/.local/lib/python3.12/site-packages/airflow/example_dags/example_display_name.py","logger":"airflow.models.dagbag.DagBag"}
{"timestamp":"2025-07-06T07:13:15.350344","level":"info","event":"Filling up the DagBag from /home/airflow/.local/lib/python3.12/site-packages/airflow/example_dags/example_display_name.py","logger":"airflow.models.dagbag.DagBag"}
{"timestamp":"2025-07-06T07:15:23.577779","level":"info","event":"Filling up the DagBag from /home/airflow/.local/lib/python3.12/site-packages/airflow/example_dags/example_display_name.py","logger":"airflow.models.dagbag.DagBag"}
{"timestamp":"2025-07-06T07:15:54.250990","level":"info","event":"Filling up the DagBag from /home/airflow/.local/lib/python3.12/site-packages/airflow/example_dags/example_display_name.py","logger":"airflow.models.dagbag.DagBag"}
{"timestamp":"2025-07-06T07:17:04.067200","level":"info","event":"Filling up the DagBag from /home/airflow/.local/lib/python3.12/site-packages/airflow/example_dags/example_display_name.py","logger":"airflow.models.dagbag.DagBag"}
{"timestamp":"2025-07-06T07:17:34.550085","level":"info","event":"Filling up the DagBag from /home/airflow/.local/lib/python3.12/site-packages/airflow/example_dags/example_display_name.py","logger":"airflow.models.dagbag.DagBag"}
{"timestamp":"2025-07-06T07:18:04.777545","level":"info","event":"Filling up the DagBag from /home/airflow/.local/lib/python3.12/site-packages/airflow/example_dags/example_display_name.py","logger":"airflow.models.dagbag.DagBag"}
{"timestamp":"2025-07-06T07:18:35.813187","level":"info","event":"Filling up the DagBag from /home/airflow/.local/lib/python3.12/site-packages/airflow/example_dags/example_display_name.py","logger":"airflow.models.dagbag.DagBag"}
{"timestamp":"2025-07-06T07:19:06.443705","level":"info","event":"Filling up the DagBag from /home/airflow/.local/lib/python3.12/site-packages/airflow/example_dags/example_display_name.py","logger":"airflow.models.dagbag.DagBag"}
{"timestamp":"2025-07-06T07:19:36.951676","level":"info","event":"Filling up the DagBag from /home/airflow/.local/lib/python3.12/site-packages/airflow/example_dags/example_display_name.py","logger":"airflow.models.dagbag.DagBag"}
{"timestamp":"2025-07-06T07:20:07.370313","level":"info","event":"Filling up the DagBag from /home/airflow/.local/lib/python3.12/site-packages/airflow/example_dags/example_display_name.py","logger":"airflow.models.dagbag.DagBag"}
{"timestamp":"2025-07-06T07:20:38.321165","level":"info","event":"Filling up the DagBag from /home/airflow/.local/lib/python3.12/site-packages/airflow/example_dags/example_display_name.py","logger":"airflow.models.dagbag.DagBag"}
{"timestamp":"2025-07-06T07:21:08.809590","level":"info","event":"Filling up the DagBag from /home/airflow/.local/lib/python3.12/site-packages/airflow/example_dags/example_display_name.py","logger":"airflow.models.dagbag.DagBag"}
{"timestamp":"2025-07-06T07:21:39.156611","level":"info","event":"Filling up the DagBag from /home/airflow/.local/lib/python3.12/site-packages/airflow/example_dags/example_display_name.py","logger":"airflow.models.dagbag.DagBag"}
{"timestamp":"2025-07-06T07:22:09.846134","level":"info","event":"Filling up the DagBag from /home/airflow/.local/lib/python3.12/site-packages/airflow/example_dags/example_display_name.py","logger":"airflow.models.dagbag.DagBag"}
{"timestamp":"2025-07-06T07:22:40.537138","level":"info","event":"Filling up the DagBag from /home/airflow/.local/lib/python3.12/site-packages/airflow/example_dags/example_display_name.py","logger":"airflow.models.dagbag.DagBag"}
{"timestamp":"2025-07-06T07:23:11.220917","level":"info","event":"Filling up the DagBag from /home/airflow/.local/lib/python3.12/site-packages/airflow/example_dags/example_display_name.py","logger":"airflow.models.dagbag.DagBag"}
{"timestamp":"2025-07-06T07:23:41.811101","level":"info","event":"Filling up the DagBag from /home/airflow/.local/lib/python3.12/site-packages/airflow/example_dags/example_display_name.py","logger":"airflow.models.dagbag.DagBag"}
{"timestamp":"2025-07-06T07:24:12.194922","level":"info","event":"Filling up the DagBag from /home/airflow/.local/lib/python3.12/site-packages/airflow/example_dags/example_display_name.py","logger":"airflow.models.dagbag.DagBag"}
{"timestamp":"2025-07-06T07:24:42.365800","level":"info","event":"Filling up the DagBag from /home/airflow/.local/lib/python3.12/site-packages/airflow/example_dags/example_display_name.py","logger":"airflow.models.dagbag.DagBag"}
{"timestamp":"2025-07-06T07:25:12.508688","level":"info","event":"Filling up the DagBag from /home/airflow/.local/lib/python3.12/site-packages/airflow/example_dags/example_display_name.py","logger":"airflow.models.dagbag.DagBag"}
{"timestamp":"2025-07-06T07:25:43.340437","level":"info","event":"Filling up the DagBag from /home/airflow/.local/lib/python3.12/site-packages/airflow/example_dags/example_display_name.py","logger":"airflow.models.dagbag.DagBag"}
{"timestamp":"2025-07-06T07:26:13.570811","level":"info","event":"Filling up the DagBag from /home/airflow/.local/lib/python3.12/site-packages/airflow/example_dags/example_display_name.py","logger":"airflow.models.dagbag.DagBag"}
{"timestamp":"2025-07-06T07:26:44.752565","level":"info","event":"Filling up the DagBag from /home/airflow/.local/lib/python3.12/site-packages/airflow/example_dags/example_display_name.py","logger":"airflow.models.dagbag.DagBag"}
{"timestamp":"2025-07-06T07:27:15.079867","level":"info","event":"Filling up the DagBag from /home/airflow/.local/lib/python3.12/site-packages/airflow/example_dags/example_display_name.py","logger":"airflow.models.dagbag.DagBag"}
{"timestamp":"2025-07-06T07:29:43.046477","level":"info","event":"Filling up the DagBag from /home/airflow/.local/lib/python3.12/site-packages/airflow/example_dags/example_display_name.py","logger":"airflow.models.dagbag.DagBag"}
{"timestamp":"2025-07-06T07:30:13.644390","level":"info","event":"Filling up the DagBag from /home/airflow/.local/lib/python3.12/site-packages/airflow/example_dags/example_display_name.py","logger":"airflow.models.dagbag.DagBag"}
{"timestamp":"2025-07-06T07:30:47.235414","level":"info","event":"Filling up the DagBag from /home/airflow/.local/lib/python3.12/site-packages/airflow/example_dags/example_display_name.py","logger":"airflow.models.dagbag.DagBag"}
{"timestamp":"2025-07-06T07:31:55.608148","level":"info","event":"Filling up the DagBag from /home/airflow/.local/lib/python3.12/site-packages/airflow/example_dags/example_display_name.py","logger":"airflow.models.dagbag.DagBag"}
{"timestamp":"2025-07-06T07:32:26.982297","level":"info","event":"Filling up the DagBag from /home/airflow/.local/lib/python3.12/site-packages/airflow/example_dags/example_display_name.py","logger":"airflow.models.dagbag.DagBag"}
{"timestamp":"2025-07-06T07:33:07.217980","level":"info","event":"Filling up the DagBag from /home/airflow/.local/lib/python3.12/site-packages/airflow/example_dags/example_display_name.py","logger":"airflow.models.dagbag.DagBag"}
{"timestamp":"2025-07-06T07:33:38.677570","level":"info","event":"Filling up the DagBag from /home/airflow/.local/lib/python3.12/site-packages/airflow/example_dags/example_display_name.py","logger":"airflow.models.dagbag.DagBag"}
{"timestamp":"2025-07-06T07:34:30.103586","level":"info","event":"Filling up the DagBag from /home/airflow/.local/lib/python3.12/site-packages/airflow/example_dags/example_display_name.py","logger":"airflow.models.dagbag.DagBag"}
{"timestamp":"2025-07-06T07:35:01.459596","level":"info","event":"Filling up the DagBag from /home/airflow/.local/lib/python3.12/site-packages/airflow/example_dags/example_display_name.py","logger":"airflow.models.dagbag.DagBag"}
{"timestamp":"2025-07-06T07:35:52.695592","level":"info","event":"Filling up the DagBag from /home/airflow/.local/lib/python3.12/site-packages/airflow/example_dags/example_display_name.py","logger":"airflow.models.dagbag.DagBag"}
{"timestamp":"2025-07-06T07:36:24.624629","level":"info","event":"Filling up the DagBag from /home/airflow/.local/lib/python3.12/site-packages/airflow/example_dags/example_display_name.py","logger":"airflow.models.dagbag.DagBag"}
{"timestamp":"2025-07-06T07:37:08.759072","level":"info","event":"Filling up the DagBag from /home/airflow/.local/lib/python3.12/site-packages/airflow/example_dags/example_display_name.py","logger":"airflow.models.dagbag.DagBag"}
{"timestamp":"2025-07-06T07:37:40.167749","level":"info","event":"Filling up the DagBag from /home/airflow/.local/lib/python3.12/site-packages/airflow/example_dags/example_display_name.py","logger":"airflow.models.dagbag.DagBag"}
{"timestamp":"2025-07-06T07:38:38.696773","level":"info","event":"Filling up the DagBag from /home/airflow/.local/lib/python3.12/site-packages/airflow/example_dags/example_display_name.py","logger":"airflow.models.dagbag.DagBag"}
{"timestamp":"2025-07-06T07:39:10.003264","level":"info","event":"Filling up the DagBag from /home/airflow/.local/lib/python3.12/site-packages/airflow/example_dags/example_display_name.py","logger":"airflow.models.dagbag.DagBag"}
{"timestamp":"2025-07-06T07:39:56.319382","level":"info","event":"Filling up the DagBag from /home/airflow/.local/lib/python3.12/site-packages/airflow/example_dags/example_display_name.py","logger":"airflow.models.dagbag.DagBag"}
{"timestamp":"2025-07-06T07:40:27.630913","level":"info","event":"Filling up the DagBag from /home/airflow/.local/lib/python3.12/site-packages/airflow/example_dags/example_display_name.py","logger":"airflow.models.dagbag.DagBag"}
{"timestamp":"2025-07-06T07:41:09.021021","level":"info","event":"Filling up the DagBag from /home/airflow/.local/lib/python3.12/site-packages/airflow/example_dags/example_display_name.py","logger":"airflow.models.dagbag.DagBag"}
{"timestamp":"2025-07-06T07:41:40.312541","level":"info","event":"Filling up the DagBag from /home/airflow/.local/lib/python3.12/site-packages/airflow/example_dags/example_display_name.py","logger":"airflow.models.dagbag.DagBag"}
{"timestamp":"2025-07-06T07:42:14.550009","level":"info","event":"Filling up the DagBag from /home/airflow/.local/lib/python3.12/site-packages/airflow/example_dags/example_display_name.py","logger":"airflow.models.dagbag.DagBag"}
{"timestamp":"2025-07-06T07:42:46.053070","level":"info","event":"Filling up the DagBag from /home/airflow/.local/lib/python3.12/site-packages/airflow/example_dags/example_display_name.py","logger":"airflow.models.dagbag.DagBag"}
{"timestamp":"2025-07-06T07:44:39.984408","level":"info","event":"Filling up the DagBag from /home/airflow/.local/lib/python3.12/site-packages/airflow/example_dags/example_display_name.py","logger":"airflow.models.dagbag.DagBag"}
{"timestamp":"2025-07-06T07:45:11.119143","level":"info","event":"Filling up the DagBag from /home/airflow/.local/lib/python3.12/site-packages/airflow/example_dags/example_display_name.py","logger":"airflow.models.dagbag.DagBag"}
{"timestamp":"2025-07-06T07:45:41.471001","level":"info","event":"Filling up the DagBag from /home/airflow/.local/lib/python3.12/site-packages/airflow/example_dags/example_display_name.py","logger":"airflow.models.dagbag.DagBag"}
{"timestamp":"2025-07-06T07:46:12.375382","level":"info","event":"Filling up the DagBag from /home/airflow/.local/lib/python3.12/site-packages/airflow/example_dags/example_display_name.py","logger":"airflow.models.dagbag.DagBag"}
{"timestamp":"2025-07-06T07:46:59.999485","level":"info","event":"Filling up the DagBag from /home/airflow/.local/lib/python3.12/site-packages/airflow/example_dags/example_display_name.py","logger":"airflow.models.dagbag.DagBag"}
{"timestamp":"2025-07-06T07:47:30.716317","level":"info","event":"Filling up the DagBag from /home/airflow/.local/lib/python3.12/site-packages/airflow/example_dags/example_display_name.py","logger":"airflow.models.dagbag.DagBag"}
{"timestamp":"2025-07-06T07:48:01.001483","level":"info","event":"Filling up the DagBag from /home/airflow/.local/lib/python3.12/site-packages/airflow/example_dags/example_display_name.py","logger":"airflow.models.dagbag.DagBag"}
{"timestamp":"2025-07-06T07:51:22.390230","level":"info","event":"Filling up the DagBag from /home/airflow/.local/lib/python3.12/site-packages/airflow/example_dags/example_display_name.py","logger":"airflow.models.dagbag.DagBag"}
{"timestamp":"2025-07-06T07:51:53.012133","level":"info","event":"Filling up the DagBag from /home/airflow/.local/lib/python3.12/site-packages/airflow/example_dags/example_display_name.py","logger":"airflow.models.dagbag.DagBag"}
{"timestamp":"2025-07-06T07:53:17.423237","level":"info","event":"Filling up the DagBag from /home/airflow/.local/lib/python3.12/site-packages/airflow/example_dags/example_display_name.py","logger":"airflow.models.dagbag.DagBag"}
{"timestamp":"2025-07-06T07:54:15.971185","level":"info","event":"Filling up the DagBag from /home/airflow/.local/lib/python3.12/site-packages/airflow/example_dags/example_display_name.py","logger":"airflow.models.dagbag.DagBag"}
{"timestamp":"2025-07-06T07:54:46.737147","level":"info","event":"Filling up the DagBag from /home/airflow/.local/lib/python3.12/site-packages/airflow/example_dags/example_display_name.py","logger":"airflow.models.dagbag.DagBag"}
{"timestamp":"2025-07-06T07:55:24.253263","level":"info","event":"Filling up the DagBag from /home/airflow/.local/lib/python3.12/site-packages/airflow/example_dags/example_display_name.py","logger":"airflow.models.dagbag.DagBag"}
{"timestamp":"2025-07-06T07:55:56.882302","level":"info","event":"Filling up the DagBag from /home/airflow/.local/lib/python3.12/site-packages/airflow/example_dags/example_display_name.py","logger":"airflow.models.dagbag.DagBag"}
{"timestamp":"2025-07-06T07:56:50.970402","level":"info","event":"Filling up the DagBag from /home/airflow/.local/lib/python3.12/site-packages/airflow/example_dags/example_display_name.py","logger":"airflow.models.dagbag.DagBag"}
{"timestamp":"2025-07-06T07:58:31.251340","level":"info","event":"Filling up the DagBag from /home/airflow/.local/lib/python3.12/site-packages/airflow/example_dags/example_display_name.py","logger":"airflow.models.dagbag.DagBag"}
{"timestamp":"2025-07-06T07:59:03.991023","level":"info","event":"Filling up the DagBag from /home/airflow/.local/lib/python3.12/site-packages/airflow/example_dags/example_display_name.py","logger":"airflow.models.dagbag.DagBag"}
{"timestamp":"2025-07-06T07:59:30.033660","level":"info","event":"Filling up the DagBag from /home/airflow/.local/lib/python3.12/site-packages/airflow/example_dags/example_display_name.py","logger":"airflow.models.dagbag.DagBag"}
{"timestamp":"2025-07-06T08:00:00.374933","level":"info","event":"Filling up the DagBag from /home/airflow/.local/lib/python3.12/site-packages/airflow/example_dags/example_display_name.py","logger":"airflow.models.dagbag.DagBag"}
{"timestamp":"2025-07-06T08:00:30.689558","level":"info","event":"Filling up the DagBag from /home/airflow/.local/lib/python3.12/site-packages/airflow/example_dags/example_display_name.py","logger":"airflow.models.dagbag.DagBag"}
{"timestamp":"2025-07-06T08:01:01.261808","level":"info","event":"Filling up the DagBag from /home/airflow/.local/lib/python3.12/site-packages/airflow/example_dags/example_display_name.py","logger":"airflow.models.dagbag.DagBag"}
{"timestamp":"2025-07-06T08:01:32.032929","level":"info","event":"Filling up the DagBag from /home/airflow/.local/lib/python3.12/site-packages/airflow/example_dags/example_display_name.py","logger":"airflow.models.dagbag.DagBag"}
{"timestamp":"2025-07-06T08:02:02.572946","level":"info","event":"Filling up the DagBag from /home/airflow/.local/lib/python3.12/site-packages/airflow/example_dags/example_display_name.py","logger":"airflow.models.dagbag.DagBag"}
{"timestamp":"2025-07-06T08:02:32.719118","level":"info","event":"Filling up the DagBag from /home/airflow/.local/lib/python3.12/site-packages/airflow/example_dags/example_display_name.py","logger":"airflow.models.dagbag.DagBag"}
{"timestamp":"2025-07-06T08:03:03.023945","level":"info","event":"Filling up the DagBag from /home/airflow/.local/lib/python3.12/site-packages/airflow/example_dags/example_display_name.py","logger":"airflow.models.dagbag.DagBag"}
{"timestamp":"2025-07-06T08:03:33.219421","level":"info","event":"Filling up the DagBag from /home/airflow/.local/lib/python3.12/site-packages/airflow/example_dags/example_display_name.py","logger":"airflow.models.dagbag.DagBag"}
{"timestamp":"2025-07-06T08:04:03.369696","level":"info","event":"Filling up the DagBag from /home/airflow/.local/lib/python3.12/site-packages/airflow/example_dags/example_display_name.py","logger":"airflow.models.dagbag.DagBag"}
{"timestamp":"2025-07-06T08:04:33.953485","level":"info","event":"Filling up the DagBag from /home/airflow/.local/lib/python3.12/site-packages/airflow/example_dags/example_display_name.py","logger":"airflow.models.dagbag.DagBag"}
{"timestamp":"2025-07-06T08:05:04.466094","level":"info","event":"Filling up the DagBag from /home/airflow/.local/lib/python3.12/site-packages/airflow/example_dags/example_display_name.py","logger":"airflow.models.dagbag.DagBag"}
{"timestamp":"2025-07-06T08:05:35.220642","level":"info","event":"Filling up the DagBag from /home/airflow/.local/lib/python3.12/site-packages/airflow/example_dags/example_display_name.py","logger":"airflow.models.dagbag.DagBag"}
{"timestamp":"2025-07-06T08:06:05.523856","level":"info","event":"Filling up the DagBag from /home/airflow/.local/lib/python3.12/site-packages/airflow/example_dags/example_display_name.py","logger":"airflow.models.dagbag.DagBag"}
{"timestamp":"2025-07-06T08:06:35.701453","level":"info","event":"Filling up the DagBag from /home/airflow/.local/lib/python3.12/site-packages/airflow/example_dags/example_display_name.py","logger":"airflow.models.dagbag.DagBag"}
{"timestamp":"2025-07-06T08:07:06.591731","level":"info","event":"Filling up the DagBag from /home/airflow/.local/lib/python3.12/site-packages/airflow/example_dags/example_display_name.py","logger":"airflow.models.dagbag.DagBag"}
{"timestamp":"2025-07-06T08:07:36.782323","level":"info","event":"Filling up the DagBag from /home/airflow/.local/lib/python3.12/site-packages/airflow/example_dags/example_display_name.py","logger":"airflow.models.dagbag.DagBag"}
{"timestamp":"2025-07-06T08:08:08.051935","level":"info","event":"Filling up the DagBag from /home/airflow/.local/lib/python3.12/site-packages/airflow/example_dags/example_display_name.py","logger":"airflow.models.dagbag.DagBag"}
{"timestamp":"2025-07-06T08:08:38.589525","level":"info","event":"Filling up the DagBag from /home/airflow/.local/lib/python3.12/site-packages/airflow/example_dags/example_display_name.py","logger":"airflow.models.dagbag.DagBag"}
{"timestamp":"2025-07-06T08:09:59.842685","level":"info","event":"Filling up the DagBag from /home/airflow/.local/lib/python3.12/site-packages/airflow/example_dags/example_display_name.py","logger":"airflow.models.dagbag.DagBag"}
{"timestamp":"2025-07-06T08:10:30.552155","level":"info","event":"Filling up the DagBag from /home/airflow/.local/lib/python3.12/site-packages/airflow/example_dags/example_display_name.py","logger":"airflow.models.dagbag.DagBag"}
{"timestamp":"2025-07-06T08:11:05.331417","level":"info","event":"Filling up the DagBag from /home/airflow/.local/lib/python3.12/site-packages/airflow/example_dags/example_display_name.py","logger":"airflow.models.dagbag.DagBag"}
{"timestamp":"2025-07-06T08:11:37.543860","level":"info","event":"Filling up the DagBag from /home/airflow/.local/lib/python3.12/site-packages/airflow/example_dags/example_display_name.py","logger":"airflow.models.dagbag.DagBag"}
{"timestamp":"2025-07-06T08:12:31.450135","level":"info","event":"Filling up the DagBag from /home/airflow/.local/lib/python3.12/site-packages/airflow/example_dags/example_display_name.py","logger":"airflow.models.dagbag.DagBag"}
{"timestamp":"2025-07-06T08:13:02.929251","level":"info","event":"Filling up the DagBag from /home/airflow/.local/lib/python3.12/site-packages/airflow/example_dags/example_display_name.py","logger":"airflow.models.dagbag.DagBag"}
{"timestamp":"2025-07-06T08:14:24.482559","level":"info","event":"Filling up the DagBag from /home/airflow/.local/lib/python3.12/site-packages/airflow/example_dags/example_display_name.py","logger":"airflow.models.dagbag.DagBag"}
{"timestamp":"2025-07-06T08:15:20.589024","level":"info","event":"Filling up the DagBag from /home/airflow/.local/lib/python3.12/site-packages/airflow/example_dags/example_display_name.py","logger":"airflow.models.dagbag.DagBag"}
{"timestamp":"2025-07-06T08:17:27.583103","level":"info","event":"Filling up the DagBag from /home/airflow/.local/lib/python3.12/site-packages/airflow/example_dags/example_display_name.py","logger":"airflow.models.dagbag.DagBag"}
{"timestamp":"2025-07-06T08:17:57.949058","level":"info","event":"Filling up the DagBag from /home/airflow/.local/lib/python3.12/site-packages/airflow/example_dags/example_display_name.py","logger":"airflow.models.dagbag.DagBag"}
{"timestamp":"2025-07-06T08:18:28.275310","level":"info","event":"Filling up the DagBag from /home/airflow/.local/lib/python3.12/site-packages/airflow/example_dags/example_display_name.py","logger":"airflow.models.dagbag.DagBag"}
{"timestamp":"2025-07-06T08:18:59.989265","level":"info","event":"Filling up the DagBag from /home/airflow/.local/lib/python3.12/site-packages/airflow/example_dags/example_display_name.py","logger":"airflow.models.dagbag.DagBag"}
{"timestamp":"2025-07-06T08:20:40.165649","level":"info","event":"Filling up the DagBag from /home/airflow/.local/lib/python3.12/site-packages/airflow/example_dags/example_display_name.py","logger":"airflow.models.dagbag.DagBag"}
{"timestamp":"2025-07-06T08:21:11.465755","level":"info","event":"Filling up the DagBag from /home/airflow/.local/lib/python3.12/site-packages/airflow/example_dags/example_display_name.py","logger":"airflow.models.dagbag.DagBag"}
{"timestamp":"2025-07-06T08:23:15.807330","level":"info","event":"Filling up the DagBag from /home/airflow/.local/lib/python3.12/site-packages/airflow/example_dags/example_display_name.py","logger":"airflow.models.dagbag.DagBag"}
{"timestamp":"2025-07-06T08:25:57.678982","level":"info","event":"Filling up the DagBag from /home/airflow/.local/lib/python3.12/site-packages/airflow/example_dags/example_display_name.py","logger":"airflow.models.dagbag.DagBag"}
{"timestamp":"2025-07-06T08:28:59.680610","level":"info","event":"Filling up the DagBag from /home/airflow/.local/lib/python3.12/site-packages/airflow/example_dags/example_display_name.py","logger":"airflow.models.dagbag.DagBag"}
{"timestamp":"2025-07-06T08:29:35.558891","level":"info","event":"Filling up the DagBag from /home/airflow/.local/lib/python3.12/site-packages/airflow/example_dags/example_display_name.py","logger":"airflow.models.dagbag.DagBag"}
{"timestamp":"2025-07-06T08:30:05.842234","level":"info","event":"Filling up the DagBag from /home/airflow/.local/lib/python3.12/site-packages/airflow/example_dags/example_display_name.py","logger":"airflow.models.dagbag.DagBag"}
{"timestamp":"2025-07-06T08:31:18.699312","level":"info","event":"Filling up the DagBag from /home/airflow/.local/lib/python3.12/site-packages/airflow/example_dags/example_display_name.py","logger":"airflow.models.dagbag.DagBag"}
{"timestamp":"2025-07-06T08:33:04.622009","level":"info","event":"Filling up the DagBag from /home/airflow/.local/lib/python3.12/site-packages/airflow/example_dags/example_display_name.py","logger":"airflow.models.dagbag.DagBag"}
{"timestamp":"2025-07-06T08:35:06.656663","level":"info","event":"Filling up the DagBag from /home/airflow/.local/lib/python3.12/site-packages/airflow/example_dags/example_display_name.py","logger":"airflow.models.dagbag.DagBag"}
{"timestamp":"2025-07-06T08:35:38.967253","level":"info","event":"Filling up the DagBag from /home/airflow/.local/lib/python3.12/site-packages/airflow/example_dags/example_display_name.py","logger":"airflow.models.dagbag.DagBag"}
{"timestamp":"2025-07-06T08:36:09.646534","level":"info","event":"Filling up the DagBag from /home/airflow/.local/lib/python3.12/site-packages/airflow/example_dags/example_display_name.py","logger":"airflow.models.dagbag.DagBag"}
{"timestamp":"2025-07-06T08:37:43.804514","level":"info","event":"Filling up the DagBag from /home/airflow/.local/lib/python3.12/site-packages/airflow/example_dags/example_display_name.py","logger":"airflow.models.dagbag.DagBag"}
{"timestamp":"2025-07-06T08:38:14.655208","level":"info","event":"Filling up the DagBag from /home/airflow/.local/lib/python3.12/site-packages/airflow/example_dags/example_display_name.py","logger":"airflow.models.dagbag.DagBag"}
{"timestamp":"2025-07-06T08:38:54.710882","level":"info","event":"Filling up the DagBag from /home/airflow/.local/lib/python3.12/site-packages/airflow/example_dags/example_display_name.py","logger":"airflow.models.dagbag.DagBag"}
{"timestamp":"2025-07-06T08:39:25.106216","level":"info","event":"Filling up the DagBag from /home/airflow/.local/lib/python3.12/site-packages/airflow/example_dags/example_display_name.py","logger":"airflow.models.dagbag.DagBag"}
{"timestamp":"2025-07-06T08:40:35.491677","level":"info","event":"Filling up the DagBag from /home/airflow/.local/lib/python3.12/site-packages/airflow/example_dags/example_display_name.py","logger":"airflow.models.dagbag.DagBag"}
{"timestamp":"2025-07-06T08:41:07.130252","level":"info","event":"Filling up the DagBag from /home/airflow/.local/lib/python3.12/site-packages/airflow/example_dags/example_display_name.py","logger":"airflow.models.dagbag.DagBag"}
{"timestamp":"2025-07-06T08:41:37.595742","level":"info","event":"Filling up the DagBag from /home/airflow/.local/lib/python3.12/site-packages/airflow/example_dags/example_display_name.py","logger":"airflow.models.dagbag.DagBag"}
{"timestamp":"2025-07-06T08:42:26.089402","level":"info","event":"Filling up the DagBag from /home/airflow/.local/lib/python3.12/site-packages/airflow/example_dags/example_display_name.py","logger":"airflow.models.dagbag.DagBag"}
{"timestamp":"2025-07-06T08:42:56.838459","level":"info","event":"Filling up the DagBag from /home/airflow/.local/lib/python3.12/site-packages/airflow/example_dags/example_display_name.py","logger":"airflow.models.dagbag.DagBag"}
{"timestamp":"2025-07-06T08:43:29.195721","level":"info","event":"Filling up the DagBag from /home/airflow/.local/lib/python3.12/site-packages/airflow/example_dags/example_display_name.py","logger":"airflow.models.dagbag.DagBag"}
{"timestamp":"2025-07-06T08:44:14.611882","level":"info","event":"Filling up the DagBag from /home/airflow/.local/lib/python3.12/site-packages/airflow/example_dags/example_display_name.py","logger":"airflow.models.dagbag.DagBag"}
{"timestamp":"2025-07-06T08:44:45.772711","level":"info","event":"Filling up the DagBag from /home/airflow/.local/lib/python3.12/site-packages/airflow/example_dags/example_display_name.py","logger":"airflow.models.dagbag.DagBag"}
{"timestamp":"2025-07-06T08:45:23.755303","level":"info","event":"Filling up the DagBag from /home/airflow/.local/lib/python3.12/site-packages/airflow/example_dags/example_display_name.py","logger":"airflow.models.dagbag.DagBag"}
{"timestamp":"2025-07-06T08:45:54.182254","level":"info","event":"Filling up the DagBag from /home/airflow/.local/lib/python3.12/site-packages/airflow/example_dags/example_display_name.py","logger":"airflow.models.dagbag.DagBag"}
{"timestamp":"2025-07-06T08:46:24.587443","level":"info","event":"Filling up the DagBag from /home/airflow/.local/lib/python3.12/site-packages/airflow/example_dags/example_display_name.py","logger":"airflow.models.dagbag.DagBag"}
{"timestamp":"2025-07-06T08:47:21.132011","level":"info","event":"Filling up the DagBag from /home/airflow/.local/lib/python3.12/site-packages/airflow/example_dags/example_display_name.py","logger":"airflow.models.dagbag.DagBag"}
{"timestamp":"2025-07-06T08:48:32.722488","level":"info","event":"Filling up the DagBag from /home/airflow/.local/lib/python3.12/site-packages/airflow/example_dags/example_display_name.py","logger":"airflow.models.dagbag.DagBag"}
{"timestamp":"2025-07-06T08:49:03.644929","level":"info","event":"Filling up the DagBag from /home/airflow/.local/lib/python3.12/site-packages/airflow/example_dags/example_display_name.py","logger":"airflow.models.dagbag.DagBag"}
{"timestamp":"2025-07-06T08:51:11.607537","level":"info","event":"Filling up the DagBag from /home/airflow/.local/lib/python3.12/site-packages/airflow/example_dags/example_display_name.py","logger":"airflow.models.dagbag.DagBag"}
{"timestamp":"2025-07-06T08:51:42.097990","level":"info","event":"Filling up the DagBag from /home/airflow/.local/lib/python3.12/site-packages/airflow/example_dags/example_display_name.py","logger":"airflow.models.dagbag.DagBag"}
{"timestamp":"2025-07-06T08:52:12.537285","level":"info","event":"Filling up the DagBag from /home/airflow/.local/lib/python3.12/site-packages/airflow/example_dags/example_display_name.py","logger":"airflow.models.dagbag.DagBag"}
{"timestamp":"2025-07-06T08:52:43.641574","level":"info","event":"Filling up the DagBag from /home/airflow/.local/lib/python3.12/site-packages/airflow/example_dags/example_display_name.py","logger":"airflow.models.dagbag.DagBag"}
{"timestamp":"2025-07-06T08:53:15.111479","level":"info","event":"Filling up the DagBag from /home/airflow/.local/lib/python3.12/site-packages/airflow/example_dags/example_display_name.py","logger":"airflow.models.dagbag.DagBag"}
{"timestamp":"2025-07-06T08:53:45.973885","level":"info","event":"Filling up the DagBag from /home/airflow/.local/lib/python3.12/site-packages/airflow/example_dags/example_display_name.py","logger":"airflow.models.dagbag.DagBag"}
{"timestamp":"2025-07-06T08:54:54.456204","level":"info","event":"Filling up the DagBag from /home/airflow/.local/lib/python3.12/site-packages/airflow/example_dags/example_display_name.py","logger":"airflow.models.dagbag.DagBag"}
{"timestamp":"2025-07-06T08:55:24.842247","level":"info","event":"Filling up the DagBag from /home/airflow/.local/lib/python3.12/site-packages/airflow/example_dags/example_display_name.py","logger":"airflow.models.dagbag.DagBag"}
{"timestamp":"2025-07-06T08:56:18.776128","level":"info","event":"Filling up the DagBag from /home/airflow/.local/lib/python3.12/site-packages/airflow/example_dags/example_display_name.py","logger":"airflow.models.dagbag.DagBag"}
{"timestamp":"2025-07-06T08:58:10.862052","level":"info","event":"Filling up the DagBag from /home/airflow/.local/lib/python3.12/site-packages/airflow/example_dags/example_display_name.py","logger":"airflow.models.dagbag.DagBag"}
{"timestamp":"2025-07-06T08:58:58.816457","level":"info","event":"Filling up the DagBag from /home/airflow/.local/lib/python3.12/site-packages/airflow/example_dags/example_display_name.py","logger":"airflow.models.dagbag.DagBag"}
{"timestamp":"2025-07-06T08:59:50.122904","level":"info","event":"Filling up the DagBag from /home/airflow/.local/lib/python3.12/site-packages/airflow/example_dags/example_display_name.py","logger":"airflow.models.dagbag.DagBag"}
{"timestamp":"2025-07-06T09:00:21.020766","level":"info","event":"Filling up the DagBag from /home/airflow/.local/lib/python3.12/site-packages/airflow/example_dags/example_display_name.py","logger":"airflow.models.dagbag.DagBag"}
{"timestamp":"2025-07-06T09:01:52.240325","level":"info","event":"Filling up the DagBag from /home/airflow/.local/lib/python3.12/site-packages/airflow/example_dags/example_display_name.py","logger":"airflow.models.dagbag.DagBag"}
{"timestamp":"2025-07-06T09:02:23.336186","level":"info","event":"Filling up the DagBag from /home/airflow/.local/lib/python3.12/site-packages/airflow/example_dags/example_display_name.py","logger":"airflow.models.dagbag.DagBag"}
{"timestamp":"2025-07-06T09:02:57.305311","level":"info","event":"Filling up the DagBag from /home/airflow/.local/lib/python3.12/site-packages/airflow/example_dags/example_display_name.py","logger":"airflow.models.dagbag.DagBag"}
{"timestamp":"2025-07-06T09:03:27.925413","level":"info","event":"Filling up the DagBag from /home/airflow/.local/lib/python3.12/site-packages/airflow/example_dags/example_display_name.py","logger":"airflow.models.dagbag.DagBag"}
{"timestamp":"2025-07-06T09:04:03.504186","level":"info","event":"Filling up the DagBag from /home/airflow/.local/lib/python3.12/site-packages/airflow/example_dags/example_display_name.py","logger":"airflow.models.dagbag.DagBag"}
{"timestamp":"2025-07-06T09:04:34.676294","level":"info","event":"Filling up the DagBag from /home/airflow/.local/lib/python3.12/site-packages/airflow/example_dags/example_display_name.py","logger":"airflow.models.dagbag.DagBag"}
{"timestamp":"2025-07-06T09:05:10.941828","level":"info","event":"Filling up the DagBag from /home/airflow/.local/lib/python3.12/site-packages/airflow/example_dags/example_display_name.py","logger":"airflow.models.dagbag.DagBag"}
{"timestamp":"2025-07-06T09:06:04.625101","level":"info","event":"Filling up the DagBag from /home/airflow/.local/lib/python3.12/site-packages/airflow/example_dags/example_display_name.py","logger":"airflow.models.dagbag.DagBag"}
{"timestamp":"2025-07-06T09:06:35.294548","level":"info","event":"Filling up the DagBag from /home/airflow/.local/lib/python3.12/site-packages/airflow/example_dags/example_display_name.py","logger":"airflow.models.dagbag.DagBag"}
{"timestamp":"2025-07-06T09:07:06.449588","level":"info","event":"Filling up the DagBag from /home/airflow/.local/lib/python3.12/site-packages/airflow/example_dags/example_display_name.py","logger":"airflow.models.dagbag.DagBag"}
{"timestamp":"2025-07-06T09:08:02.868504","level":"info","event":"Filling up the DagBag from /home/airflow/.local/lib/python3.12/site-packages/airflow/example_dags/example_display_name.py","logger":"airflow.models.dagbag.DagBag"}
{"timestamp":"2025-07-06T09:08:33.412742","level":"info","event":"Filling up the DagBag from /home/airflow/.local/lib/python3.12/site-packages/airflow/example_dags/example_display_name.py","logger":"airflow.models.dagbag.DagBag"}
{"timestamp":"2025-07-06T09:09:09.603906","level":"info","event":"Filling up the DagBag from /home/airflow/.local/lib/python3.12/site-packages/airflow/example_dags/example_display_name.py","logger":"airflow.models.dagbag.DagBag"}
{"timestamp":"2025-07-06T09:10:31.555334","level":"info","event":"Filling up the DagBag from /home/airflow/.local/lib/python3.12/site-packages/airflow/example_dags/example_display_name.py","logger":"airflow.models.dagbag.DagBag"}
{"timestamp":"2025-07-06T09:11:02.021458","level":"info","event":"Filling up the DagBag from /home/airflow/.local/lib/python3.12/site-packages/airflow/example_dags/example_display_name.py","logger":"airflow.models.dagbag.DagBag"}
{"timestamp":"2025-07-06T09:11:54.198589","level":"info","event":"Filling up the DagBag from /home/airflow/.local/lib/python3.12/site-packages/airflow/example_dags/example_display_name.py","logger":"airflow.models.dagbag.DagBag"}
{"timestamp":"2025-07-06T09:12:24.934812","level":"info","event":"Filling up the DagBag from /home/airflow/.local/lib/python3.12/site-packages/airflow/example_dags/example_display_name.py","logger":"airflow.models.dagbag.DagBag"}
{"timestamp":"2025-07-06T09:13:51.484240","level":"info","event":"Filling up the DagBag from /home/airflow/.local/lib/python3.12/site-packages/airflow/example_dags/example_display_name.py","logger":"airflow.models.dagbag.DagBag"}
{"timestamp":"2025-07-06T09:15:58.499310","level":"info","event":"Filling up the DagBag from /home/airflow/.local/lib/python3.12/site-packages/airflow/example_dags/example_display_name.py","logger":"airflow.models.dagbag.DagBag"}
{"timestamp":"2025-07-06T09:18:12.250239","level":"info","event":"Filling up the DagBag from /home/airflow/.local/lib/python3.12/site-packages/airflow/example_dags/example_display_name.py","logger":"airflow.models.dagbag.DagBag"}
{"timestamp":"2025-07-06T09:18:43.048643","level":"info","event":"Filling up the DagBag from /home/airflow/.local/lib/python3.12/site-packages/airflow/example_dags/example_display_name.py","logger":"airflow.models.dagbag.DagBag"}
{"timestamp":"2025-07-06T09:20:07.647227","level":"info","event":"Filling up the DagBag from /home/airflow/.local/lib/python3.12/site-packages/airflow/example_dags/example_display_name.py","logger":"airflow.models.dagbag.DagBag"}
{"timestamp":"2025-07-06T09:21:49.090157","level":"info","event":"Filling up the DagBag from /home/airflow/.local/lib/python3.12/site-packages/airflow/example_dags/example_display_name.py","logger":"airflow.models.dagbag.DagBag"}
{"timestamp":"2025-07-06T09:23:51.812732","level":"info","event":"Filling up the DagBag from /home/airflow/.local/lib/python3.12/site-packages/airflow/example_dags/example_display_name.py","logger":"airflow.models.dagbag.DagBag"}
{"timestamp":"2025-07-06T09:26:17.600567","level":"info","event":"Filling up the DagBag from /home/airflow/.local/lib/python3.12/site-packages/airflow/example_dags/example_display_name.py","logger":"airflow.models.dagbag.DagBag"}
{"timestamp":"2025-07-06T09:26:47.814539","level":"info","event":"Filling up the DagBag from /home/airflow/.local/lib/python3.12/site-packages/airflow/example_dags/example_display_name.py","logger":"airflow.models.dagbag.DagBag"}
{"timestamp":"2025-07-06T09:27:51.979620","level":"info","event":"Filling up the DagBag from /home/airflow/.local/lib/python3.12/site-packages/airflow/example_dags/example_display_name.py","logger":"airflow.models.dagbag.DagBag"}
{"timestamp":"2025-07-06T09:29:32.378621","level":"info","event":"Filling up the DagBag from /home/airflow/.local/lib/python3.12/site-packages/airflow/example_dags/example_display_name.py","logger":"airflow.models.dagbag.DagBag"}
{"timestamp":"2025-07-06T09:30:58.859467","level":"info","event":"Filling up the DagBag from /home/airflow/.local/lib/python3.12/site-packages/airflow/example_dags/example_display_name.py","logger":"airflow.models.dagbag.DagBag"}
{"timestamp":"2025-07-06T09:33:08.604574","level":"info","event":"Filling up the DagBag from /home/airflow/.local/lib/python3.12/site-packages/airflow/example_dags/example_display_name.py","logger":"airflow.models.dagbag.DagBag"}
{"timestamp":"2025-07-06T09:34:19.519150","level":"info","event":"Filling up the DagBag from /home/airflow/.local/lib/python3.12/site-packages/airflow/example_dags/example_display_name.py","logger":"airflow.models.dagbag.DagBag"}
{"timestamp":"2025-07-06T09:35:12.894450","level":"info","event":"Filling up the DagBag from /home/airflow/.local/lib/python3.12/site-packages/airflow/example_dags/example_display_name.py","logger":"airflow.models.dagbag.DagBag"}
{"timestamp":"2025-07-06T09:36:53.935907","level":"info","event":"Filling up the DagBag from /home/airflow/.local/lib/python3.12/site-packages/airflow/example_dags/example_display_name.py","logger":"airflow.models.dagbag.DagBag"}
{"timestamp":"2025-07-06T09:37:24.438702","level":"info","event":"Filling up the DagBag from /home/airflow/.local/lib/python3.12/site-packages/airflow/example_dags/example_display_name.py","logger":"airflow.models.dagbag.DagBag"}
{"timestamp":"2025-07-06T09:38:19.064321","level":"info","event":"Filling up the DagBag from /home/airflow/.local/lib/python3.12/site-packages/airflow/example_dags/example_display_name.py","logger":"airflow.models.dagbag.DagBag"}
{"timestamp":"2025-07-06T09:38:50.119198","level":"info","event":"Filling up the DagBag from /home/airflow/.local/lib/python3.12/site-packages/airflow/example_dags/example_display_name.py","logger":"airflow.models.dagbag.DagBag"}
{"timestamp":"2025-07-06T09:40:16.570140","level":"info","event":"Filling up the DagBag from /home/airflow/.local/lib/python3.12/site-packages/airflow/example_dags/example_display_name.py","logger":"airflow.models.dagbag.DagBag"}
{"timestamp":"2025-07-06T09:40:46.784034","level":"info","event":"Filling up the DagBag from /home/airflow/.local/lib/python3.12/site-packages/airflow/example_dags/example_display_name.py","logger":"airflow.models.dagbag.DagBag"}
{"timestamp":"2025-07-06T09:41:35.652830","level":"info","event":"Filling up the DagBag from /home/airflow/.local/lib/python3.12/site-packages/airflow/example_dags/example_display_name.py","logger":"airflow.models.dagbag.DagBag"}
{"timestamp":"2025-07-06T09:45:02.145665","level":"info","event":"Filling up the DagBag from /home/airflow/.local/lib/python3.12/site-packages/airflow/example_dags/example_display_name.py","logger":"airflow.models.dagbag.DagBag"}
{"timestamp":"2025-07-06T09:45:32.979781","level":"info","event":"Filling up the DagBag from /home/airflow/.local/lib/python3.12/site-packages/airflow/example_dags/example_display_name.py","logger":"airflow.models.dagbag.DagBag"}
{"timestamp":"2025-07-06T09:46:47.862000","level":"info","event":"Filling up the DagBag from /home/airflow/.local/lib/python3.12/site-packages/airflow/example_dags/example_display_name.py","logger":"airflow.models.dagbag.DagBag"}
{"timestamp":"2025-07-06T09:47:24.923505","level":"info","event":"Filling up the DagBag from /home/airflow/.local/lib/python3.12/site-packages/airflow/example_dags/example_display_name.py","logger":"airflow.models.dagbag.DagBag"}
{"timestamp":"2025-07-06T09:47:59.785702","level":"info","event":"Filling up the DagBag from /home/airflow/.local/lib/python3.12/site-packages/airflow/example_dags/example_display_name.py","logger":"airflow.models.dagbag.DagBag"}
{"timestamp":"2025-07-06T09:48:48.082627","level":"error","event":"Process timed out, PID: 885","logger":"airflow.utils.timeout.TimeoutPosix"}
{"timestamp":"2025-07-06T09:48:52.049774","level":"error","event":"Failed to import: /home/airflow/.local/lib/python3.12/site-packages/airflow/example_dags/example_display_name.py","logger":"airflow.models.dagbag.DagBag","error_detail":[{"exc_type":"AirflowTaskTimeout","exc_value":"DagBag import timeout for /home/airflow/.local/lib/python3.12/site-packages/airflow/example_dags/example_display_name.py after 30.0s.\nPlease take a look at these docs to improve your DAG import time:\n* https://airflow.apache.org/docs/apache-airflow/3.0.2/best-practices.html#top-level-python-code\n* https://airflow.apache.org/docs/apache-airflow/3.0.2/best-practices.html#reducing-dag-complexity, PID: 885","exc_notes":[],"syntax_error":null,"is_cause":false,"frames":[{"filename":"/home/airflow/.local/lib/python3.12/site-packages/airflow/models/dagbag.py","lineno":394,"name":"parse"},{"filename":"<frozen importlib._bootstrap_external>","lineno":999,"name":"exec_module"},{"filename":"<frozen importlib._bootstrap>","lineno":488,"name":"_call_with_frames_removed"},{"filename":"/home/airflow/.local/lib/python3.12/site-packages/airflow/example_dags/example_display_name.py","lineno":23,"name":"<module>"},{"filename":"<frozen importlib._bootstrap>","lineno":1412,"name":"_handle_fromlist"},{"filename":"/home/airflow/.local/lib/python3.12/site-packages/airflow/sdk/__init__.py","lineno":121,"name":"__getattr__"},{"filename":"/usr/local/lib/python3.12/importlib/__init__.py","lineno":90,"name":"import_module"},{"filename":"/home/airflow/.local/lib/python3.12/site-packages/airflow/sdk/definitions/decorators/__init__.py","lineno":22,"name":"<module>"},{"filename":"/home/airflow/.local/lib/python3.12/site-packages/airflow/sdk/bases/decorator.py","lineno":301,"name":"<module>"},{"filename":"/home/airflow/.local/lib/python3.12/site-packages/attr/_next_gen.py","lineno":400,"name":"wrap"},{"filename":"/home/airflow/.local/lib/python3.12/site-packages/attr/_next_gen.py","lineno":346,"name":"do_it"},{"filename":"/home/airflow/.local/lib/python3.12/site-packages/attr/_make.py","lineno":1528,"name":"attrs"},{"filename":"/home/airflow/.local/lib/python3.12/site-packages/attr/_make.py","lineno":1521,"name":"wrap"},{"filename":"/home/airflow/.local/lib/python3.12/site-packages/attr/_make.py","lineno":784,"name":"build_class"},{"filename":"/home/airflow/.local/lib/python3.12/site-packages/attr/_make.py","lineno":769,"name":"_eval_snippets"},{"filename":"/home/airflow/.local/lib/python3.12/site-packages/attr/_make.py","lineno":256,"name":"_linecache_and_compile"},{"filename":"/home/airflow/.local/lib/python3.12/site-packages/attr/_make.py","lineno":222,"name":"_compile_and_eval"},{"filename":"/home/airflow/.local/lib/python3.12/site-packages/airflow/utils/timeout.py","lineno":69,"name":"handle_timeout"}],"is_group":false,"exceptions":[]}]}
{"timestamp":"2025-07-06T09:49:22.440555","level":"info","event":"Filling up the DagBag from /home/airflow/.local/lib/python3.12/site-packages/airflow/example_dags/example_display_name.py","logger":"airflow.models.dagbag.DagBag"}
{"timestamp":"2025-07-06T09:50:36.865913","level":"info","event":"Filling up the DagBag from /home/airflow/.local/lib/python3.12/site-packages/airflow/example_dags/example_display_name.py","logger":"airflow.models.dagbag.DagBag"}
{"timestamp":"2025-07-06T09:51:07.647243","level":"info","event":"Filling up the DagBag from /home/airflow/.local/lib/python3.12/site-packages/airflow/example_dags/example_display_name.py","logger":"airflow.models.dagbag.DagBag"}
{"timestamp":"2025-07-06T09:51:47.734944","level":"info","event":"Filling up the DagBag from /home/airflow/.local/lib/python3.12/site-packages/airflow/example_dags/example_display_name.py","logger":"airflow.models.dagbag.DagBag"}
{"timestamp":"2025-07-06T09:52:18.977504","level":"info","event":"Filling up the DagBag from /home/airflow/.local/lib/python3.12/site-packages/airflow/example_dags/example_display_name.py","logger":"airflow.models.dagbag.DagBag"}
{"timestamp":"2025-07-06T09:53:03.662925","level":"info","event":"Filling up the DagBag from /home/airflow/.local/lib/python3.12/site-packages/airflow/example_dags/example_display_name.py","logger":"airflow.models.dagbag.DagBag"}
{"timestamp":"2025-07-06T09:54:15.659128","level":"info","event":"Filling up the DagBag from /home/airflow/.local/lib/python3.12/site-packages/airflow/example_dags/example_display_name.py","logger":"airflow.models.dagbag.DagBag"}
{"timestamp":"2025-07-06T09:56:00.991039","level":"info","event":"Filling up the DagBag from /home/airflow/.local/lib/python3.12/site-packages/airflow/example_dags/example_display_name.py","logger":"airflow.models.dagbag.DagBag"}
{"timestamp":"2025-07-06T09:56:31.402420","level":"info","event":"Filling up the DagBag from /home/airflow/.local/lib/python3.12/site-packages/airflow/example_dags/example_display_name.py","logger":"airflow.models.dagbag.DagBag"}
{"timestamp":"2025-07-06T09:57:57.746821","level":"info","event":"Filling up the DagBag from /home/airflow/.local/lib/python3.12/site-packages/airflow/example_dags/example_display_name.py","logger":"airflow.models.dagbag.DagBag"}
{"timestamp":"2025-07-06T09:58:50.390313","level":"info","event":"Filling up the DagBag from /home/airflow/.local/lib/python3.12/site-packages/airflow/example_dags/example_display_name.py","logger":"airflow.models.dagbag.DagBag"}
{"timestamp":"2025-07-06T10:00:32.203295","level":"info","event":"Filling up the DagBag from /home/airflow/.local/lib/python3.12/site-packages/airflow/example_dags/example_display_name.py","logger":"airflow.models.dagbag.DagBag"}
{"timestamp":"2025-07-06T10:01:02.454916","level":"info","event":"Filling up the DagBag from /home/airflow/.local/lib/python3.12/site-packages/airflow/example_dags/example_display_name.py","logger":"airflow.models.dagbag.DagBag"}
{"timestamp":"2025-07-06T10:01:48.237164","level":"info","event":"Filling up the DagBag from /home/airflow/.local/lib/python3.12/site-packages/airflow/example_dags/example_display_name.py","logger":"airflow.models.dagbag.DagBag"}
{"timestamp":"2025-07-06T10:02:19.023576","level":"info","event":"Filling up the DagBag from /home/airflow/.local/lib/python3.12/site-packages/airflow/example_dags/example_display_name.py","logger":"airflow.models.dagbag.DagBag"}
{"timestamp":"2025-07-06T10:03:42.405578","level":"info","event":"Filling up the DagBag from /home/airflow/.local/lib/python3.12/site-packages/airflow/example_dags/example_display_name.py","logger":"airflow.models.dagbag.DagBag"}
{"timestamp":"2025-07-06T10:04:12.945100","level":"info","event":"Filling up the DagBag from /home/airflow/.local/lib/python3.12/site-packages/airflow/example_dags/example_display_name.py","logger":"airflow.models.dagbag.DagBag"}
{"timestamp":"2025-07-06T10:05:13.594711Z","level":"critical","event":"Process terminated by signal. For more information, see https://airflow.apache.org/docs/apache-airflow/stable/troubleshooting.html#TaskRunner-killed","signal":-9,"signal_name":"SIGKILL","logger":"processor"}
{"timestamp":"2025-07-06T10:06:41.604807","level":"info","event":"Filling up the DagBag from /home/airflow/.local/lib/python3.12/site-packages/airflow/example_dags/example_display_name.py","logger":"airflow.models.dagbag.DagBag"}
{"timestamp":"2025-07-06T10:07:12.212551","level":"info","event":"Filling up the DagBag from /home/airflow/.local/lib/python3.12/site-packages/airflow/example_dags/example_display_name.py","logger":"airflow.models.dagbag.DagBag"}
{"timestamp":"2025-07-06T10:07:42.474735","level":"info","event":"Filling up the DagBag from /home/airflow/.local/lib/python3.12/site-packages/airflow/example_dags/example_display_name.py","logger":"airflow.models.dagbag.DagBag"}
{"timestamp":"2025-07-06T10:08:13.108802","level":"info","event":"Filling up the DagBag from /home/airflow/.local/lib/python3.12/site-packages/airflow/example_dags/example_display_name.py","logger":"airflow.models.dagbag.DagBag"}
{"timestamp":"2025-07-06T10:08:44.761505","level":"info","event":"Filling up the DagBag from /home/airflow/.local/lib/python3.12/site-packages/airflow/example_dags/example_display_name.py","logger":"airflow.models.dagbag.DagBag"}
{"timestamp":"2025-07-06T10:09:16.317407","level":"info","event":"Filling up the DagBag from /home/airflow/.local/lib/python3.12/site-packages/airflow/example_dags/example_display_name.py","logger":"airflow.models.dagbag.DagBag"}
{"timestamp":"2025-07-06T10:09:47.454771","level":"info","event":"Filling up the DagBag from /home/airflow/.local/lib/python3.12/site-packages/airflow/example_dags/example_display_name.py","logger":"airflow.models.dagbag.DagBag"}
{"timestamp":"2025-07-06T10:10:17.915354","level":"info","event":"Filling up the DagBag from /home/airflow/.local/lib/python3.12/site-packages/airflow/example_dags/example_display_name.py","logger":"airflow.models.dagbag.DagBag"}
{"timestamp":"2025-07-06T10:10:49.358791","level":"info","event":"Filling up the DagBag from /home/airflow/.local/lib/python3.12/site-packages/airflow/example_dags/example_display_name.py","logger":"airflow.models.dagbag.DagBag"}
{"timestamp":"2025-07-06T10:11:19.650865","level":"info","event":"Filling up the DagBag from /home/airflow/.local/lib/python3.12/site-packages/airflow/example_dags/example_display_name.py","logger":"airflow.models.dagbag.DagBag"}
{"timestamp":"2025-07-06T10:11:51.199733","level":"info","event":"Filling up the DagBag from /home/airflow/.local/lib/python3.12/site-packages/airflow/example_dags/example_display_name.py","logger":"airflow.models.dagbag.DagBag"}
{"timestamp":"2025-07-06T10:12:22.989947","level":"info","event":"Filling up the DagBag from /home/airflow/.local/lib/python3.12/site-packages/airflow/example_dags/example_display_name.py","logger":"airflow.models.dagbag.DagBag"}
{"timestamp":"2025-07-06T10:12:53.739316","level":"info","event":"Filling up the DagBag from /home/airflow/.local/lib/python3.12/site-packages/airflow/example_dags/example_display_name.py","logger":"airflow.models.dagbag.DagBag"}
{"timestamp":"2025-07-06T10:13:25.445385","level":"info","event":"Filling up the DagBag from /home/airflow/.local/lib/python3.12/site-packages/airflow/example_dags/example_display_name.py","logger":"airflow.models.dagbag.DagBag"}
{"timestamp":"2025-07-06T10:13:56.912891","level":"info","event":"Filling up the DagBag from /home/airflow/.local/lib/python3.12/site-packages/airflow/example_dags/example_display_name.py","logger":"airflow.models.dagbag.DagBag"}
{"timestamp":"2025-07-06T10:14:27.229831","level":"info","event":"Filling up the DagBag from /home/airflow/.local/lib/python3.12/site-packages/airflow/example_dags/example_display_name.py","logger":"airflow.models.dagbag.DagBag"}
{"timestamp":"2025-07-06T10:14:59.401241","level":"info","event":"Filling up the DagBag from /home/airflow/.local/lib/python3.12/site-packages/airflow/example_dags/example_display_name.py","logger":"airflow.models.dagbag.DagBag"}
{"timestamp":"2025-07-06T10:15:37.677186","level":"info","event":"Filling up the DagBag from /home/airflow/.local/lib/python3.12/site-packages/airflow/example_dags/example_display_name.py","logger":"airflow.models.dagbag.DagBag"}
{"timestamp":"2025-07-06T10:16:08.242396","level":"info","event":"Filling up the DagBag from /home/airflow/.local/lib/python3.12/site-packages/airflow/example_dags/example_display_name.py","logger":"airflow.models.dagbag.DagBag"}
{"timestamp":"2025-07-06T10:16:38.731429","level":"info","event":"Filling up the DagBag from /home/airflow/.local/lib/python3.12/site-packages/airflow/example_dags/example_display_name.py","logger":"airflow.models.dagbag.DagBag"}
{"timestamp":"2025-07-06T10:17:10.428331","level":"info","event":"Filling up the DagBag from /home/airflow/.local/lib/python3.12/site-packages/airflow/example_dags/example_display_name.py","logger":"airflow.models.dagbag.DagBag"}
{"timestamp":"2025-07-06T10:17:46.427918","level":"info","event":"Filling up the DagBag from /home/airflow/.local/lib/python3.12/site-packages/airflow/example_dags/example_display_name.py","logger":"airflow.models.dagbag.DagBag"}
{"timestamp":"2025-07-06T10:18:16.864583","level":"info","event":"Filling up the DagBag from /home/airflow/.local/lib/python3.12/site-packages/airflow/example_dags/example_display_name.py","logger":"airflow.models.dagbag.DagBag"}
{"timestamp":"2025-07-06T10:18:47.422968","level":"info","event":"Filling up the DagBag from /home/airflow/.local/lib/python3.12/site-packages/airflow/example_dags/example_display_name.py","logger":"airflow.models.dagbag.DagBag"}
{"timestamp":"2025-07-06T10:19:18.145586","level":"info","event":"Filling up the DagBag from /home/airflow/.local/lib/python3.12/site-packages/airflow/example_dags/example_display_name.py","logger":"airflow.models.dagbag.DagBag"}
{"timestamp":"2025-07-06T10:19:48.652221","level":"info","event":"Filling up the DagBag from /home/airflow/.local/lib/python3.12/site-packages/airflow/example_dags/example_display_name.py","logger":"airflow.models.dagbag.DagBag"}
{"timestamp":"2025-07-06T10:20:19.054678","level":"info","event":"Filling up the DagBag from /home/airflow/.local/lib/python3.12/site-packages/airflow/example_dags/example_display_name.py","logger":"airflow.models.dagbag.DagBag"}
{"timestamp":"2025-07-06T10:20:50.186436","level":"info","event":"Filling up the DagBag from /home/airflow/.local/lib/python3.12/site-packages/airflow/example_dags/example_display_name.py","logger":"airflow.models.dagbag.DagBag"}
{"timestamp":"2025-07-06T10:21:21.060583","level":"info","event":"Filling up the DagBag from /home/airflow/.local/lib/python3.12/site-packages/airflow/example_dags/example_display_name.py","logger":"airflow.models.dagbag.DagBag"}
{"timestamp":"2025-07-06T10:21:51.535331","level":"info","event":"Filling up the DagBag from /home/airflow/.local/lib/python3.12/site-packages/airflow/example_dags/example_display_name.py","logger":"airflow.models.dagbag.DagBag"}
{"timestamp":"2025-07-06T10:22:23.746170","level":"info","event":"Filling up the DagBag from /home/airflow/.local/lib/python3.12/site-packages/airflow/example_dags/example_display_name.py","logger":"airflow.models.dagbag.DagBag"}
{"timestamp":"2025-07-06T10:22:59.253908","level":"info","event":"Filling up the DagBag from /home/airflow/.local/lib/python3.12/site-packages/airflow/example_dags/example_display_name.py","logger":"airflow.models.dagbag.DagBag"}
{"timestamp":"2025-07-06T10:23:34.701876","level":"info","event":"Filling up the DagBag from /home/airflow/.local/lib/python3.12/site-packages/airflow/example_dags/example_display_name.py","logger":"airflow.models.dagbag.DagBag"}
{"timestamp":"2025-07-06T10:24:30.809538","level":"info","event":"Filling up the DagBag from /home/airflow/.local/lib/python3.12/site-packages/airflow/example_dags/example_display_name.py","logger":"airflow.models.dagbag.DagBag"}
{"timestamp":"2025-07-06T10:25:00.942467","level":"info","event":"Filling up the DagBag from /home/airflow/.local/lib/python3.12/site-packages/airflow/example_dags/example_display_name.py","logger":"airflow.models.dagbag.DagBag"}
{"timestamp":"2025-07-06T10:25:31.292415","level":"info","event":"Filling up the DagBag from /home/airflow/.local/lib/python3.12/site-packages/airflow/example_dags/example_display_name.py","logger":"airflow.models.dagbag.DagBag"}
{"timestamp":"2025-07-06T10:26:01.917771","level":"info","event":"Filling up the DagBag from /home/airflow/.local/lib/python3.12/site-packages/airflow/example_dags/example_display_name.py","logger":"airflow.models.dagbag.DagBag"}
{"timestamp":"2025-07-06T10:26:32.141477","level":"info","event":"Filling up the DagBag from /home/airflow/.local/lib/python3.12/site-packages/airflow/example_dags/example_display_name.py","logger":"airflow.models.dagbag.DagBag"}
{"timestamp":"2025-07-06T11:03:21.583118","level":"info","event":"Filling up the DagBag from /home/airflow/.local/lib/python3.12/site-packages/airflow/example_dags/example_display_name.py","logger":"airflow.models.dagbag.DagBag"}
{"timestamp":"2025-07-06T11:03:52.180940","level":"info","event":"Filling up the DagBag from /home/airflow/.local/lib/python3.12/site-packages/airflow/example_dags/example_display_name.py","logger":"airflow.models.dagbag.DagBag"}
{"timestamp":"2025-07-06T11:05:00.287773","level":"info","event":"Filling up the DagBag from /home/airflow/.local/lib/python3.12/site-packages/airflow/example_dags/example_display_name.py","logger":"airflow.models.dagbag.DagBag"}
{"timestamp":"2025-07-06T11:05:30.506004","level":"info","event":"Filling up the DagBag from /home/airflow/.local/lib/python3.12/site-packages/airflow/example_dags/example_display_name.py","logger":"airflow.models.dagbag.DagBag"}
{"timestamp":"2025-07-06T11:06:02.052236","level":"info","event":"Filling up the DagBag from /home/airflow/.local/lib/python3.12/site-packages/airflow/example_dags/example_display_name.py","logger":"airflow.models.dagbag.DagBag"}
{"timestamp":"2025-07-06T11:06:32.369011","level":"info","event":"Filling up the DagBag from /home/airflow/.local/lib/python3.12/site-packages/airflow/example_dags/example_display_name.py","logger":"airflow.models.dagbag.DagBag"}
{"timestamp":"2025-07-06T11:07:02.880316","level":"info","event":"Filling up the DagBag from /home/airflow/.local/lib/python3.12/site-packages/airflow/example_dags/example_display_name.py","logger":"airflow.models.dagbag.DagBag"}
{"timestamp":"2025-07-06T11:07:43.368413","level":"info","event":"Filling up the DagBag from /home/airflow/.local/lib/python3.12/site-packages/airflow/example_dags/example_display_name.py","logger":"airflow.models.dagbag.DagBag"}
{"timestamp":"2025-07-06T11:09:16.097213","level":"info","event":"Filling up the DagBag from /home/airflow/.local/lib/python3.12/site-packages/airflow/example_dags/example_display_name.py","logger":"airflow.models.dagbag.DagBag"}
{"timestamp":"2025-07-06T11:10:44.259469","level":"info","event":"Filling up the DagBag from /home/airflow/.local/lib/python3.12/site-packages/airflow/example_dags/example_display_name.py","logger":"airflow.models.dagbag.DagBag"}
{"timestamp":"2025-07-06T11:12:21.319375","level":"info","event":"Filling up the DagBag from /home/airflow/.local/lib/python3.12/site-packages/airflow/example_dags/example_display_name.py","logger":"airflow.models.dagbag.DagBag"}
{"timestamp":"2025-07-06T11:13:46.844806","level":"info","event":"Filling up the DagBag from /home/airflow/.local/lib/python3.12/site-packages/airflow/example_dags/example_display_name.py","logger":"airflow.models.dagbag.DagBag"}
{"timestamp":"2025-07-06T11:14:17.828862","level":"info","event":"Filling up the DagBag from /home/airflow/.local/lib/python3.12/site-packages/airflow/example_dags/example_display_name.py","logger":"airflow.models.dagbag.DagBag"}
{"timestamp":"2025-07-06T11:15:32.823553","level":"info","event":"Filling up the DagBag from /home/airflow/.local/lib/python3.12/site-packages/airflow/example_dags/example_display_name.py","logger":"airflow.models.dagbag.DagBag"}
{"timestamp":"2025-07-06T11:16:34.441205","level":"info","event":"Filling up the DagBag from /home/airflow/.local/lib/python3.12/site-packages/airflow/example_dags/example_display_name.py","logger":"airflow.models.dagbag.DagBag"}
{"timestamp":"2025-07-06T11:17:04.647545","level":"info","event":"Filling up the DagBag from /home/airflow/.local/lib/python3.12/site-packages/airflow/example_dags/example_display_name.py","logger":"airflow.models.dagbag.DagBag"}
{"timestamp":"2025-07-06T11:18:13.370627","level":"info","event":"Filling up the DagBag from /home/airflow/.local/lib/python3.12/site-packages/airflow/example_dags/example_display_name.py","logger":"airflow.models.dagbag.DagBag"}
{"timestamp":"2025-07-06T11:18:53.671240","level":"info","event":"Filling up the DagBag from /home/airflow/.local/lib/python3.12/site-packages/airflow/example_dags/example_display_name.py","logger":"airflow.models.dagbag.DagBag"}
{"timestamp":"2025-07-06T11:19:23.928217","level":"info","event":"Filling up the DagBag from /home/airflow/.local/lib/python3.12/site-packages/airflow/example_dags/example_display_name.py","logger":"airflow.models.dagbag.DagBag"}
{"timestamp":"2025-07-06T11:20:22.261165","level":"info","event":"Filling up the DagBag from /home/airflow/.local/lib/python3.12/site-packages/airflow/example_dags/example_display_name.py","logger":"airflow.models.dagbag.DagBag"}
{"timestamp":"2025-07-06T11:21:36.346749","level":"info","event":"Filling up the DagBag from /home/airflow/.local/lib/python3.12/site-packages/airflow/example_dags/example_display_name.py","logger":"airflow.models.dagbag.DagBag"}
{"timestamp":"2025-07-06T11:22:06.741525","level":"info","event":"Filling up the DagBag from /home/airflow/.local/lib/python3.12/site-packages/airflow/example_dags/example_display_name.py","logger":"airflow.models.dagbag.DagBag"}
{"timestamp":"2025-07-06T11:23:37.498457","level":"info","event":"Filling up the DagBag from /home/airflow/.local/lib/python3.12/site-packages/airflow/example_dags/example_display_name.py","logger":"airflow.models.dagbag.DagBag"}
{"timestamp":"2025-07-06T11:24:48.735236","level":"info","event":"Filling up the DagBag from /home/airflow/.local/lib/python3.12/site-packages/airflow/example_dags/example_display_name.py","logger":"airflow.models.dagbag.DagBag"}
{"timestamp":"2025-07-06T11:26:08.839236","level":"info","event":"Filling up the DagBag from /home/airflow/.local/lib/python3.12/site-packages/airflow/example_dags/example_display_name.py","logger":"airflow.models.dagbag.DagBag"}
