{"timestamp":"2025-07-06T06:26:33.816196","level":"info","event":"Filling up the DagBag from /home/airflow/.local/lib/python3.12/site-packages/airflow/example_dags/example_outlet_event_extra.py","logger":"airflow.models.dagbag.DagBag"}
{"timestamp":"2025-07-06T06:27:06.215850","level":"info","event":"Filling up the DagBag from /home/airflow/.local/lib/python3.12/site-packages/airflow/example_dags/example_outlet_event_extra.py","logger":"airflow.models.dagbag.DagBag"}
{"timestamp":"2025-07-06T06:27:36.373707","level":"info","event":"Filling up the DagBag from /home/airflow/.local/lib/python3.12/site-packages/airflow/example_dags/example_outlet_event_extra.py","logger":"airflow.models.dagbag.DagBag"}
{"timestamp":"2025-07-06T06:28:06.656538","level":"info","event":"Filling up the DagBag from /home/airflow/.local/lib/python3.12/site-packages/airflow/example_dags/example_outlet_event_extra.py","logger":"airflow.models.dagbag.DagBag"}
{"timestamp":"2025-07-06T06:29:07.942780","level":"info","event":"Filling up the DagBag from /home/airflow/.local/lib/python3.12/site-packages/airflow/example_dags/example_outlet_event_extra.py","logger":"airflow.models.dagbag.DagBag"}
{"timestamp":"2025-07-06T06:29:38.513638","level":"info","event":"Filling up the DagBag from /home/airflow/.local/lib/python3.12/site-packages/airflow/example_dags/example_outlet_event_extra.py","logger":"airflow.models.dagbag.DagBag"}
{"timestamp":"2025-07-06T06:30:09.246091","level":"info","event":"Filling up the DagBag from /home/airflow/.local/lib/python3.12/site-packages/airflow/example_dags/example_outlet_event_extra.py","logger":"airflow.models.dagbag.DagBag"}
{"timestamp":"2025-07-06T06:34:08.606691","level":"info","event":"Filling up the DagBag from /home/airflow/.local/lib/python3.12/site-packages/airflow/example_dags/example_outlet_event_extra.py","logger":"airflow.models.dagbag.DagBag"}
{"timestamp":"2025-07-06T06:34:39.565746","level":"info","event":"Filling up the DagBag from /home/airflow/.local/lib/python3.12/site-packages/airflow/example_dags/example_outlet_event_extra.py","logger":"airflow.models.dagbag.DagBag"}
{"timestamp":"2025-07-06T06:36:41.618256","level":"info","event":"Filling up the DagBag from /home/airflow/.local/lib/python3.12/site-packages/airflow/example_dags/example_outlet_event_extra.py","logger":"airflow.models.dagbag.DagBag"}
{"timestamp":"2025-07-06T06:37:12.493422","level":"info","event":"Filling up the DagBag from /home/airflow/.local/lib/python3.12/site-packages/airflow/example_dags/example_outlet_event_extra.py","logger":"airflow.models.dagbag.DagBag"}
{"timestamp":"2025-07-06T06:39:00.263240","level":"info","event":"Filling up the DagBag from /home/airflow/.local/lib/python3.12/site-packages/airflow/example_dags/example_outlet_event_extra.py","logger":"airflow.models.dagbag.DagBag"}
{"timestamp":"2025-07-06T06:39:31.104899","level":"info","event":"Filling up the DagBag from /home/airflow/.local/lib/python3.12/site-packages/airflow/example_dags/example_outlet_event_extra.py","logger":"airflow.models.dagbag.DagBag"}
{"timestamp":"2025-07-06T06:40:43.665965","level":"info","event":"Filling up the DagBag from /home/airflow/.local/lib/python3.12/site-packages/airflow/example_dags/example_outlet_event_extra.py","logger":"airflow.models.dagbag.DagBag"}
{"timestamp":"2025-07-06T06:41:14.224159","level":"info","event":"Filling up the DagBag from /home/airflow/.local/lib/python3.12/site-packages/airflow/example_dags/example_outlet_event_extra.py","logger":"airflow.models.dagbag.DagBag"}
{"timestamp":"2025-07-06T06:42:05.499334","level":"info","event":"Filling up the DagBag from /home/airflow/.local/lib/python3.12/site-packages/airflow/example_dags/example_outlet_event_extra.py","logger":"airflow.models.dagbag.DagBag"}
{"timestamp":"2025-07-06T06:42:36.686434","level":"info","event":"Filling up the DagBag from /home/airflow/.local/lib/python3.12/site-packages/airflow/example_dags/example_outlet_event_extra.py","logger":"airflow.models.dagbag.DagBag"}
{"timestamp":"2025-07-06T06:43:07.299997","level":"info","event":"Filling up the DagBag from /home/airflow/.local/lib/python3.12/site-packages/airflow/example_dags/example_outlet_event_extra.py","logger":"airflow.models.dagbag.DagBag"}
{"timestamp":"2025-07-06T06:43:38.167730","level":"info","event":"Filling up the DagBag from /home/airflow/.local/lib/python3.12/site-packages/airflow/example_dags/example_outlet_event_extra.py","logger":"airflow.models.dagbag.DagBag"}
{"timestamp":"2025-07-06T06:44:08.754227","level":"info","event":"Filling up the DagBag from /home/airflow/.local/lib/python3.12/site-packages/airflow/example_dags/example_outlet_event_extra.py","logger":"airflow.models.dagbag.DagBag"}
{"timestamp":"2025-07-06T06:44:40.444985","level":"info","event":"Filling up the DagBag from /home/airflow/.local/lib/python3.12/site-packages/airflow/example_dags/example_outlet_event_extra.py","logger":"airflow.models.dagbag.DagBag"}
{"timestamp":"2025-07-06T06:45:10.851977","level":"info","event":"Filling up the DagBag from /home/airflow/.local/lib/python3.12/site-packages/airflow/example_dags/example_outlet_event_extra.py","logger":"airflow.models.dagbag.DagBag"}
{"timestamp":"2025-07-06T06:45:41.783837","level":"info","event":"Filling up the DagBag from /home/airflow/.local/lib/python3.12/site-packages/airflow/example_dags/example_outlet_event_extra.py","logger":"airflow.models.dagbag.DagBag"}
{"timestamp":"2025-07-06T06:46:13.315564","level":"info","event":"Filling up the DagBag from /home/airflow/.local/lib/python3.12/site-packages/airflow/example_dags/example_outlet_event_extra.py","logger":"airflow.models.dagbag.DagBag"}
{"timestamp":"2025-07-06T06:46:43.786224","level":"info","event":"Filling up the DagBag from /home/airflow/.local/lib/python3.12/site-packages/airflow/example_dags/example_outlet_event_extra.py","logger":"airflow.models.dagbag.DagBag"}
{"timestamp":"2025-07-06T06:47:14.723703","level":"info","event":"Filling up the DagBag from /home/airflow/.local/lib/python3.12/site-packages/airflow/example_dags/example_outlet_event_extra.py","logger":"airflow.models.dagbag.DagBag"}
{"timestamp":"2025-07-06T06:47:46.277583","level":"info","event":"Filling up the DagBag from /home/airflow/.local/lib/python3.12/site-packages/airflow/example_dags/example_outlet_event_extra.py","logger":"airflow.models.dagbag.DagBag"}
{"timestamp":"2025-07-06T06:48:17.187672","level":"info","event":"Filling up the DagBag from /home/airflow/.local/lib/python3.12/site-packages/airflow/example_dags/example_outlet_event_extra.py","logger":"airflow.models.dagbag.DagBag"}
{"timestamp":"2025-07-06T06:48:48.211672","level":"info","event":"Filling up the DagBag from /home/airflow/.local/lib/python3.12/site-packages/airflow/example_dags/example_outlet_event_extra.py","logger":"airflow.models.dagbag.DagBag"}
{"timestamp":"2025-07-06T06:49:19.262814","level":"info","event":"Filling up the DagBag from /home/airflow/.local/lib/python3.12/site-packages/airflow/example_dags/example_outlet_event_extra.py","logger":"airflow.models.dagbag.DagBag"}
{"timestamp":"2025-07-06T06:49:50.830941","level":"info","event":"Filling up the DagBag from /home/airflow/.local/lib/python3.12/site-packages/airflow/example_dags/example_outlet_event_extra.py","logger":"airflow.models.dagbag.DagBag"}
{"timestamp":"2025-07-06T06:50:21.767977","level":"info","event":"Filling up the DagBag from /home/airflow/.local/lib/python3.12/site-packages/airflow/example_dags/example_outlet_event_extra.py","logger":"airflow.models.dagbag.DagBag"}
{"timestamp":"2025-07-06T06:50:52.352472","level":"info","event":"Filling up the DagBag from /home/airflow/.local/lib/python3.12/site-packages/airflow/example_dags/example_outlet_event_extra.py","logger":"airflow.models.dagbag.DagBag"}
{"timestamp":"2025-07-06T06:51:23.770884","level":"info","event":"Filling up the DagBag from /home/airflow/.local/lib/python3.12/site-packages/airflow/example_dags/example_outlet_event_extra.py","logger":"airflow.models.dagbag.DagBag"}
{"timestamp":"2025-07-06T06:51:54.450069","level":"info","event":"Filling up the DagBag from /home/airflow/.local/lib/python3.12/site-packages/airflow/example_dags/example_outlet_event_extra.py","logger":"airflow.models.dagbag.DagBag"}
{"timestamp":"2025-07-06T06:52:26.098959","level":"info","event":"Filling up the DagBag from /home/airflow/.local/lib/python3.12/site-packages/airflow/example_dags/example_outlet_event_extra.py","logger":"airflow.models.dagbag.DagBag"}
{"timestamp":"2025-07-06T06:52:56.654025","level":"info","event":"Filling up the DagBag from /home/airflow/.local/lib/python3.12/site-packages/airflow/example_dags/example_outlet_event_extra.py","logger":"airflow.models.dagbag.DagBag"}
{"timestamp":"2025-07-06T06:54:07.646348","level":"info","event":"Filling up the DagBag from /home/airflow/.local/lib/python3.12/site-packages/airflow/example_dags/example_outlet_event_extra.py","logger":"airflow.models.dagbag.DagBag"}
{"timestamp":"2025-07-06T06:54:39.589669","level":"info","event":"Filling up the DagBag from /home/airflow/.local/lib/python3.12/site-packages/airflow/example_dags/example_outlet_event_extra.py","logger":"airflow.models.dagbag.DagBag"}
{"timestamp":"2025-07-06T06:57:25.463006","level":"info","event":"Filling up the DagBag from /home/airflow/.local/lib/python3.12/site-packages/airflow/example_dags/example_outlet_event_extra.py","logger":"airflow.models.dagbag.DagBag"}
{"timestamp":"2025-07-06T06:57:55.834061","level":"info","event":"Filling up the DagBag from /home/airflow/.local/lib/python3.12/site-packages/airflow/example_dags/example_outlet_event_extra.py","logger":"airflow.models.dagbag.DagBag"}
{"timestamp":"2025-07-06T06:58:26.148062","level":"info","event":"Filling up the DagBag from /home/airflow/.local/lib/python3.12/site-packages/airflow/example_dags/example_outlet_event_extra.py","logger":"airflow.models.dagbag.DagBag"}
{"timestamp":"2025-07-06T06:59:11.154362","level":"info","event":"Filling up the DagBag from /home/airflow/.local/lib/python3.12/site-packages/airflow/example_dags/example_outlet_event_extra.py","logger":"airflow.models.dagbag.DagBag"}
{"timestamp":"2025-07-06T06:59:41.798237","level":"info","event":"Filling up the DagBag from /home/airflow/.local/lib/python3.12/site-packages/airflow/example_dags/example_outlet_event_extra.py","logger":"airflow.models.dagbag.DagBag"}
{"timestamp":"2025-07-06T07:00:13.676099","level":"info","event":"Filling up the DagBag from /home/airflow/.local/lib/python3.12/site-packages/airflow/example_dags/example_outlet_event_extra.py","logger":"airflow.models.dagbag.DagBag"}
{"timestamp":"2025-07-06T07:00:44.837162","level":"info","event":"Filling up the DagBag from /home/airflow/.local/lib/python3.12/site-packages/airflow/example_dags/example_outlet_event_extra.py","logger":"airflow.models.dagbag.DagBag"}
{"timestamp":"2025-07-06T07:01:35.996052","level":"info","event":"Filling up the DagBag from /home/airflow/.local/lib/python3.12/site-packages/airflow/example_dags/example_outlet_event_extra.py","logger":"airflow.models.dagbag.DagBag"}
{"timestamp":"2025-07-06T07:02:07.265860","level":"info","event":"Filling up the DagBag from /home/airflow/.local/lib/python3.12/site-packages/airflow/example_dags/example_outlet_event_extra.py","logger":"airflow.models.dagbag.DagBag"}
{"timestamp":"2025-07-06T07:03:13.457568","level":"info","event":"Filling up the DagBag from /home/airflow/.local/lib/python3.12/site-packages/airflow/example_dags/example_outlet_event_extra.py","logger":"airflow.models.dagbag.DagBag"}
{"timestamp":"2025-07-06T07:05:23.511371","level":"info","event":"Filling up the DagBag from /home/airflow/.local/lib/python3.12/site-packages/airflow/example_dags/example_outlet_event_extra.py","logger":"airflow.models.dagbag.DagBag"}
{"timestamp":"2025-07-06T07:05:54.089200","level":"info","event":"Filling up the DagBag from /home/airflow/.local/lib/python3.12/site-packages/airflow/example_dags/example_outlet_event_extra.py","logger":"airflow.models.dagbag.DagBag"}
{"timestamp":"2025-07-06T07:06:24.373494","level":"info","event":"Filling up the DagBag from /home/airflow/.local/lib/python3.12/site-packages/airflow/example_dags/example_outlet_event_extra.py","logger":"airflow.models.dagbag.DagBag"}
{"timestamp":"2025-07-06T07:06:55.045876","level":"info","event":"Filling up the DagBag from /home/airflow/.local/lib/python3.12/site-packages/airflow/example_dags/example_outlet_event_extra.py","logger":"airflow.models.dagbag.DagBag"}
{"timestamp":"2025-07-06T07:08:04.286798","level":"info","event":"Filling up the DagBag from /home/airflow/.local/lib/python3.12/site-packages/airflow/example_dags/example_outlet_event_extra.py","logger":"airflow.models.dagbag.DagBag"}
{"timestamp":"2025-07-06T07:09:17.087187","level":"info","event":"Filling up the DagBag from /home/airflow/.local/lib/python3.12/site-packages/airflow/example_dags/example_outlet_event_extra.py","logger":"airflow.models.dagbag.DagBag"}
{"timestamp":"2025-07-06T07:09:48.858004","level":"info","event":"Filling up the DagBag from /home/airflow/.local/lib/python3.12/site-packages/airflow/example_dags/example_outlet_event_extra.py","logger":"airflow.models.dagbag.DagBag"}
{"timestamp":"2025-07-06T07:10:24.612493","level":"info","event":"Filling up the DagBag from /home/airflow/.local/lib/python3.12/site-packages/airflow/example_dags/example_outlet_event_extra.py","logger":"airflow.models.dagbag.DagBag"}
{"timestamp":"2025-07-06T07:10:54.828587","level":"info","event":"Filling up the DagBag from /home/airflow/.local/lib/python3.12/site-packages/airflow/example_dags/example_outlet_event_extra.py","logger":"airflow.models.dagbag.DagBag"}
{"timestamp":"2025-07-06T07:11:32.498399","level":"info","event":"Filling up the DagBag from /home/airflow/.local/lib/python3.12/site-packages/airflow/example_dags/example_outlet_event_extra.py","logger":"airflow.models.dagbag.DagBag"}
{"timestamp":"2025-07-06T07:12:03.681338","level":"info","event":"Filling up the DagBag from /home/airflow/.local/lib/python3.12/site-packages/airflow/example_dags/example_outlet_event_extra.py","logger":"airflow.models.dagbag.DagBag"}
{"timestamp":"2025-07-06T07:12:42.841634","level":"info","event":"Filling up the DagBag from /home/airflow/.local/lib/python3.12/site-packages/airflow/example_dags/example_outlet_event_extra.py","logger":"airflow.models.dagbag.DagBag"}
{"timestamp":"2025-07-06T07:13:13.980196","level":"info","event":"Filling up the DagBag from /home/airflow/.local/lib/python3.12/site-packages/airflow/example_dags/example_outlet_event_extra.py","logger":"airflow.models.dagbag.DagBag"}
{"timestamp":"2025-07-06T07:15:22.404421","level":"info","event":"Filling up the DagBag from /home/airflow/.local/lib/python3.12/site-packages/airflow/example_dags/example_outlet_event_extra.py","logger":"airflow.models.dagbag.DagBag"}
{"timestamp":"2025-07-06T07:15:53.467946","level":"info","event":"Filling up the DagBag from /home/airflow/.local/lib/python3.12/site-packages/airflow/example_dags/example_outlet_event_extra.py","logger":"airflow.models.dagbag.DagBag"}
{"timestamp":"2025-07-06T07:17:09.209273","level":"info","event":"Filling up the DagBag from /home/airflow/.local/lib/python3.12/site-packages/airflow/example_dags/example_outlet_event_extra.py","logger":"airflow.models.dagbag.DagBag"}
{"timestamp":"2025-07-06T07:17:39.484689","level":"info","event":"Filling up the DagBag from /home/airflow/.local/lib/python3.12/site-packages/airflow/example_dags/example_outlet_event_extra.py","logger":"airflow.models.dagbag.DagBag"}
{"timestamp":"2025-07-06T07:18:10.548503","level":"info","event":"Filling up the DagBag from /home/airflow/.local/lib/python3.12/site-packages/airflow/example_dags/example_outlet_event_extra.py","logger":"airflow.models.dagbag.DagBag"}
{"timestamp":"2025-07-06T07:18:41.216690","level":"info","event":"Filling up the DagBag from /home/airflow/.local/lib/python3.12/site-packages/airflow/example_dags/example_outlet_event_extra.py","logger":"airflow.models.dagbag.DagBag"}
{"timestamp":"2025-07-06T07:19:11.646616","level":"info","event":"Filling up the DagBag from /home/airflow/.local/lib/python3.12/site-packages/airflow/example_dags/example_outlet_event_extra.py","logger":"airflow.models.dagbag.DagBag"}
{"timestamp":"2025-07-06T07:19:43.046274","level":"info","event":"Filling up the DagBag from /home/airflow/.local/lib/python3.12/site-packages/airflow/example_dags/example_outlet_event_extra.py","logger":"airflow.models.dagbag.DagBag"}
{"timestamp":"2025-07-06T07:20:14.048281","level":"info","event":"Filling up the DagBag from /home/airflow/.local/lib/python3.12/site-packages/airflow/example_dags/example_outlet_event_extra.py","logger":"airflow.models.dagbag.DagBag"}
{"timestamp":"2025-07-06T07:20:44.419036","level":"info","event":"Filling up the DagBag from /home/airflow/.local/lib/python3.12/site-packages/airflow/example_dags/example_outlet_event_extra.py","logger":"airflow.models.dagbag.DagBag"}
{"timestamp":"2025-07-06T07:21:14.915345","level":"info","event":"Filling up the DagBag from /home/airflow/.local/lib/python3.12/site-packages/airflow/example_dags/example_outlet_event_extra.py","logger":"airflow.models.dagbag.DagBag"}
{"timestamp":"2025-07-06T07:21:45.529286","level":"info","event":"Filling up the DagBag from /home/airflow/.local/lib/python3.12/site-packages/airflow/example_dags/example_outlet_event_extra.py","logger":"airflow.models.dagbag.DagBag"}
{"timestamp":"2025-07-06T07:22:16.276718","level":"info","event":"Filling up the DagBag from /home/airflow/.local/lib/python3.12/site-packages/airflow/example_dags/example_outlet_event_extra.py","logger":"airflow.models.dagbag.DagBag"}
{"timestamp":"2025-07-06T07:22:46.957212","level":"info","event":"Filling up the DagBag from /home/airflow/.local/lib/python3.12/site-packages/airflow/example_dags/example_outlet_event_extra.py","logger":"airflow.models.dagbag.DagBag"}
{"timestamp":"2025-07-06T07:23:17.407462","level":"info","event":"Filling up the DagBag from /home/airflow/.local/lib/python3.12/site-packages/airflow/example_dags/example_outlet_event_extra.py","logger":"airflow.models.dagbag.DagBag"}
{"timestamp":"2025-07-06T07:23:47.823978","level":"info","event":"Filling up the DagBag from /home/airflow/.local/lib/python3.12/site-packages/airflow/example_dags/example_outlet_event_extra.py","logger":"airflow.models.dagbag.DagBag"}
{"timestamp":"2025-07-06T07:24:18.074477","level":"info","event":"Filling up the DagBag from /home/airflow/.local/lib/python3.12/site-packages/airflow/example_dags/example_outlet_event_extra.py","logger":"airflow.models.dagbag.DagBag"}
{"timestamp":"2025-07-06T07:24:49.116079","level":"info","event":"Filling up the DagBag from /home/airflow/.local/lib/python3.12/site-packages/airflow/example_dags/example_outlet_event_extra.py","logger":"airflow.models.dagbag.DagBag"}
{"timestamp":"2025-07-06T07:25:19.856938","level":"info","event":"Filling up the DagBag from /home/airflow/.local/lib/python3.12/site-packages/airflow/example_dags/example_outlet_event_extra.py","logger":"airflow.models.dagbag.DagBag"}
{"timestamp":"2025-07-06T07:25:50.171484","level":"info","event":"Filling up the DagBag from /home/airflow/.local/lib/python3.12/site-packages/airflow/example_dags/example_outlet_event_extra.py","logger":"airflow.models.dagbag.DagBag"}
{"timestamp":"2025-07-06T07:26:21.098177","level":"info","event":"Filling up the DagBag from /home/airflow/.local/lib/python3.12/site-packages/airflow/example_dags/example_outlet_event_extra.py","logger":"airflow.models.dagbag.DagBag"}
{"timestamp":"2025-07-06T07:26:51.862467","level":"info","event":"Filling up the DagBag from /home/airflow/.local/lib/python3.12/site-packages/airflow/example_dags/example_outlet_event_extra.py","logger":"airflow.models.dagbag.DagBag"}
{"timestamp":"2025-07-06T07:29:45.105939","level":"info","event":"Filling up the DagBag from /home/airflow/.local/lib/python3.12/site-packages/airflow/example_dags/example_outlet_event_extra.py","logger":"airflow.models.dagbag.DagBag"}
{"timestamp":"2025-07-06T07:30:16.126067","level":"info","event":"Filling up the DagBag from /home/airflow/.local/lib/python3.12/site-packages/airflow/example_dags/example_outlet_event_extra.py","logger":"airflow.models.dagbag.DagBag"}
{"timestamp":"2025-07-06T07:30:49.984627","level":"info","event":"Filling up the DagBag from /home/airflow/.local/lib/python3.12/site-packages/airflow/example_dags/example_outlet_event_extra.py","logger":"airflow.models.dagbag.DagBag"}
{"timestamp":"2025-07-06T07:31:57.116910","level":"info","event":"Filling up the DagBag from /home/airflow/.local/lib/python3.12/site-packages/airflow/example_dags/example_outlet_event_extra.py","logger":"airflow.models.dagbag.DagBag"}
{"timestamp":"2025-07-06T07:32:28.562403","level":"info","event":"Filling up the DagBag from /home/airflow/.local/lib/python3.12/site-packages/airflow/example_dags/example_outlet_event_extra.py","logger":"airflow.models.dagbag.DagBag"}
{"timestamp":"2025-07-06T07:33:08.552399","level":"info","event":"Filling up the DagBag from /home/airflow/.local/lib/python3.12/site-packages/airflow/example_dags/example_outlet_event_extra.py","logger":"airflow.models.dagbag.DagBag"}
{"timestamp":"2025-07-06T07:33:40.931753","level":"info","event":"Filling up the DagBag from /home/airflow/.local/lib/python3.12/site-packages/airflow/example_dags/example_outlet_event_extra.py","logger":"airflow.models.dagbag.DagBag"}
{"timestamp":"2025-07-06T07:34:31.579952","level":"info","event":"Filling up the DagBag from /home/airflow/.local/lib/python3.12/site-packages/airflow/example_dags/example_outlet_event_extra.py","logger":"airflow.models.dagbag.DagBag"}
{"timestamp":"2025-07-06T07:35:03.205389","level":"info","event":"Filling up the DagBag from /home/airflow/.local/lib/python3.12/site-packages/airflow/example_dags/example_outlet_event_extra.py","logger":"airflow.models.dagbag.DagBag"}
{"timestamp":"2025-07-06T07:35:54.218086","level":"info","event":"Filling up the DagBag from /home/airflow/.local/lib/python3.12/site-packages/airflow/example_dags/example_outlet_event_extra.py","logger":"airflow.models.dagbag.DagBag"}
{"timestamp":"2025-07-06T07:36:26.259560","level":"info","event":"Filling up the DagBag from /home/airflow/.local/lib/python3.12/site-packages/airflow/example_dags/example_outlet_event_extra.py","logger":"airflow.models.dagbag.DagBag"}
{"timestamp":"2025-07-06T07:37:10.218480","level":"info","event":"Filling up the DagBag from /home/airflow/.local/lib/python3.12/site-packages/airflow/example_dags/example_outlet_event_extra.py","logger":"airflow.models.dagbag.DagBag"}
{"timestamp":"2025-07-06T07:37:42.052489","level":"info","event":"Filling up the DagBag from /home/airflow/.local/lib/python3.12/site-packages/airflow/example_dags/example_outlet_event_extra.py","logger":"airflow.models.dagbag.DagBag"}
{"timestamp":"2025-07-06T07:38:40.058544","level":"info","event":"Filling up the DagBag from /home/airflow/.local/lib/python3.12/site-packages/airflow/example_dags/example_outlet_event_extra.py","logger":"airflow.models.dagbag.DagBag"}
{"timestamp":"2025-07-06T07:39:54.151629","level":"info","event":"Filling up the DagBag from /home/airflow/.local/lib/python3.12/site-packages/airflow/example_dags/example_outlet_event_extra.py","logger":"airflow.models.dagbag.DagBag"}
{"timestamp":"2025-07-06T07:40:25.471208","level":"info","event":"Filling up the DagBag from /home/airflow/.local/lib/python3.12/site-packages/airflow/example_dags/example_outlet_event_extra.py","logger":"airflow.models.dagbag.DagBag"}
{"timestamp":"2025-07-06T07:41:10.495627","level":"info","event":"Filling up the DagBag from /home/airflow/.local/lib/python3.12/site-packages/airflow/example_dags/example_outlet_event_extra.py","logger":"airflow.models.dagbag.DagBag"}
{"timestamp":"2025-07-06T07:41:41.990352","level":"info","event":"Filling up the DagBag from /home/airflow/.local/lib/python3.12/site-packages/airflow/example_dags/example_outlet_event_extra.py","logger":"airflow.models.dagbag.DagBag"}
{"timestamp":"2025-07-06T07:42:15.950923","level":"info","event":"Filling up the DagBag from /home/airflow/.local/lib/python3.12/site-packages/airflow/example_dags/example_outlet_event_extra.py","logger":"airflow.models.dagbag.DagBag"}
{"timestamp":"2025-07-06T07:44:41.450869","level":"info","event":"Filling up the DagBag from /home/airflow/.local/lib/python3.12/site-packages/airflow/example_dags/example_outlet_event_extra.py","logger":"airflow.models.dagbag.DagBag"}
{"timestamp":"2025-07-06T07:45:12.727678","level":"info","event":"Filling up the DagBag from /home/airflow/.local/lib/python3.12/site-packages/airflow/example_dags/example_outlet_event_extra.py","logger":"airflow.models.dagbag.DagBag"}
{"timestamp":"2025-07-06T07:45:43.447733","level":"info","event":"Filling up the DagBag from /home/airflow/.local/lib/python3.12/site-packages/airflow/example_dags/example_outlet_event_extra.py","logger":"airflow.models.dagbag.DagBag"}
{"timestamp":"2025-07-06T07:46:14.425958","level":"info","event":"Filling up the DagBag from /home/airflow/.local/lib/python3.12/site-packages/airflow/example_dags/example_outlet_event_extra.py","logger":"airflow.models.dagbag.DagBag"}
{"timestamp":"2025-07-06T07:47:01.519024","level":"info","event":"Filling up the DagBag from /home/airflow/.local/lib/python3.12/site-packages/airflow/example_dags/example_outlet_event_extra.py","logger":"airflow.models.dagbag.DagBag"}
{"timestamp":"2025-07-06T07:47:31.896189","level":"info","event":"Filling up the DagBag from /home/airflow/.local/lib/python3.12/site-packages/airflow/example_dags/example_outlet_event_extra.py","logger":"airflow.models.dagbag.DagBag"}
{"timestamp":"2025-07-06T07:48:02.030758","level":"info","event":"Filling up the DagBag from /home/airflow/.local/lib/python3.12/site-packages/airflow/example_dags/example_outlet_event_extra.py","logger":"airflow.models.dagbag.DagBag"}
{"timestamp":"2025-07-06T07:51:24.764241","level":"info","event":"Filling up the DagBag from /home/airflow/.local/lib/python3.12/site-packages/airflow/example_dags/example_outlet_event_extra.py","logger":"airflow.models.dagbag.DagBag"}
{"timestamp":"2025-07-06T07:52:00.125767","level":"info","event":"Filling up the DagBag from /home/airflow/.local/lib/python3.12/site-packages/airflow/example_dags/example_outlet_event_extra.py","logger":"airflow.models.dagbag.DagBag"}
{"timestamp":"2025-07-06T07:52:34.212742","level":"error","event":"Process timed out, PID: 1812","logger":"airflow.utils.timeout.TimeoutPosix"}
{"timestamp":"2025-07-06T07:52:43.267156","level":"error","event":"Failed to import: /home/airflow/.local/lib/python3.12/site-packages/airflow/example_dags/example_outlet_event_extra.py","logger":"airflow.models.dagbag.DagBag","error_detail":[{"exc_type":"AirflowTaskTimeout","exc_value":"DagBag import timeout for /home/airflow/.local/lib/python3.12/site-packages/airflow/example_dags/example_outlet_event_extra.py after 30.0s.\nPlease take a look at these docs to improve your DAG import time:\n* https://airflow.apache.org/docs/apache-airflow/3.0.2/best-practices.html#top-level-python-code\n* https://airflow.apache.org/docs/apache-airflow/3.0.2/best-practices.html#reducing-dag-complexity, PID: 1812","exc_notes":[],"syntax_error":null,"is_cause":false,"frames":[{"filename":"/home/airflow/.local/lib/python3.12/site-packages/airflow/models/dagbag.py","lineno":394,"name":"parse"},{"filename":"<frozen importlib._bootstrap_external>","lineno":999,"name":"exec_module"},{"filename":"<frozen importlib._bootstrap>","lineno":488,"name":"_call_with_frames_removed"},{"filename":"/home/airflow/.local/lib/python3.12/site-packages/airflow/example_dags/example_outlet_event_extra.py","lineno":29,"name":"<module>"},{"filename":"<frozen importlib._bootstrap>","lineno":1412,"name":"_handle_fromlist"},{"filename":"/home/airflow/.local/lib/python3.12/site-packages/airflow/sdk/__init__.py","lineno":121,"name":"__getattr__"},{"filename":"/usr/local/lib/python3.12/importlib/__init__.py","lineno":90,"name":"import_module"},{"filename":"/home/airflow/.local/lib/python3.12/site-packages/airflow/sdk/definitions/decorators/__init__.py","lineno":22,"name":"<module>"},{"filename":"/home/airflow/.local/lib/python3.12/site-packages/airflow/sdk/bases/decorator.py","lineno":552,"name":"<module>"},{"filename":"/home/airflow/.local/lib/python3.12/site-packages/attr/_next_gen.py","lineno":400,"name":"wrap"},{"filename":"/home/airflow/.local/lib/python3.12/site-packages/attr/_next_gen.py","lineno":346,"name":"do_it"},{"filename":"/home/airflow/.local/lib/python3.12/site-packages/attr/_make.py","lineno":1528,"name":"attrs"},{"filename":"/home/airflow/.local/lib/python3.12/site-packages/attr/_make.py","lineno":1426,"name":"wrap"},{"filename":"/home/airflow/.local/lib/python3.12/site-packages/attr/_make.py","lineno":667,"name":"__init__"},{"filename":"/home/airflow/.local/lib/python3.12/site-packages/attr/_make.py","lineno":446,"name":"_transform_attrs"},{"filename":"/home/airflow/.local/lib/python3.12/site-packages/attr/_make.py","lineno":2529,"name":"evolve"},{"filename":"/usr/local/lib/python3.12/copy.py","lineno":97,"name":"copy"},{"filename":"/usr/local/lib/python3.12/copy.py","lineno":261,"name":"_reconstruct"},{"filename":"/home/airflow/.local/lib/python3.12/site-packages/attr/_make.py","lineno":2549,"name":"__setstate__"},{"filename":"/home/airflow/.local/lib/python3.12/site-packages/attr/_make.py","lineno":2555,"name":"_setattrs"},{"filename":"/home/airflow/.local/lib/python3.12/site-packages/airflow/utils/timeout.py","lineno":69,"name":"handle_timeout"}],"is_group":false,"exceptions":[]}]}
{"timestamp":"2025-07-06T07:53:41.166079","level":"info","event":"Filling up the DagBag from /home/airflow/.local/lib/python3.12/site-packages/airflow/example_dags/example_outlet_event_extra.py","logger":"airflow.models.dagbag.DagBag"}
{"timestamp":"2025-07-06T07:54:17.728566","level":"info","event":"Filling up the DagBag from /home/airflow/.local/lib/python3.12/site-packages/airflow/example_dags/example_outlet_event_extra.py","logger":"airflow.models.dagbag.DagBag"}
{"timestamp":"2025-07-06T07:54:48.428445","level":"info","event":"Filling up the DagBag from /home/airflow/.local/lib/python3.12/site-packages/airflow/example_dags/example_outlet_event_extra.py","logger":"airflow.models.dagbag.DagBag"}
{"timestamp":"2025-07-06T07:55:25.901495","level":"info","event":"Filling up the DagBag from /home/airflow/.local/lib/python3.12/site-packages/airflow/example_dags/example_outlet_event_extra.py","logger":"airflow.models.dagbag.DagBag"}
{"timestamp":"2025-07-06T07:56:47.197815","level":"info","event":"Filling up the DagBag from /home/airflow/.local/lib/python3.12/site-packages/airflow/example_dags/example_outlet_event_extra.py","logger":"airflow.models.dagbag.DagBag"}
{"timestamp":"2025-07-06T07:57:19.099768","level":"info","event":"Filling up the DagBag from /home/airflow/.local/lib/python3.12/site-packages/airflow/example_dags/example_outlet_event_extra.py","logger":"airflow.models.dagbag.DagBag"}
{"timestamp":"2025-07-06T07:58:40.509420","level":"info","event":"Filling up the DagBag from /home/airflow/.local/lib/python3.12/site-packages/airflow/example_dags/example_outlet_event_extra.py","logger":"airflow.models.dagbag.DagBag"}
{"timestamp":"2025-07-06T07:59:27.869817","level":"info","event":"Filling up the DagBag from /home/airflow/.local/lib/python3.12/site-packages/airflow/example_dags/example_outlet_event_extra.py","logger":"airflow.models.dagbag.DagBag"}
{"timestamp":"2025-07-06T07:59:58.963321","level":"info","event":"Filling up the DagBag from /home/airflow/.local/lib/python3.12/site-packages/airflow/example_dags/example_outlet_event_extra.py","logger":"airflow.models.dagbag.DagBag"}
{"timestamp":"2025-07-06T08:00:29.299481","level":"info","event":"Filling up the DagBag from /home/airflow/.local/lib/python3.12/site-packages/airflow/example_dags/example_outlet_event_extra.py","logger":"airflow.models.dagbag.DagBag"}
{"timestamp":"2025-07-06T08:00:59.785451","level":"info","event":"Filling up the DagBag from /home/airflow/.local/lib/python3.12/site-packages/airflow/example_dags/example_outlet_event_extra.py","logger":"airflow.models.dagbag.DagBag"}
{"timestamp":"2025-07-06T08:01:30.516324","level":"info","event":"Filling up the DagBag from /home/airflow/.local/lib/python3.12/site-packages/airflow/example_dags/example_outlet_event_extra.py","logger":"airflow.models.dagbag.DagBag"}
{"timestamp":"2025-07-06T08:02:01.020560","level":"info","event":"Filling up the DagBag from /home/airflow/.local/lib/python3.12/site-packages/airflow/example_dags/example_outlet_event_extra.py","logger":"airflow.models.dagbag.DagBag"}
{"timestamp":"2025-07-06T08:02:31.179228","level":"info","event":"Filling up the DagBag from /home/airflow/.local/lib/python3.12/site-packages/airflow/example_dags/example_outlet_event_extra.py","logger":"airflow.models.dagbag.DagBag"}
{"timestamp":"2025-07-06T08:03:01.547563","level":"info","event":"Filling up the DagBag from /home/airflow/.local/lib/python3.12/site-packages/airflow/example_dags/example_outlet_event_extra.py","logger":"airflow.models.dagbag.DagBag"}
{"timestamp":"2025-07-06T08:03:31.722942","level":"info","event":"Filling up the DagBag from /home/airflow/.local/lib/python3.12/site-packages/airflow/example_dags/example_outlet_event_extra.py","logger":"airflow.models.dagbag.DagBag"}
{"timestamp":"2025-07-06T08:04:01.881585","level":"info","event":"Filling up the DagBag from /home/airflow/.local/lib/python3.12/site-packages/airflow/example_dags/example_outlet_event_extra.py","logger":"airflow.models.dagbag.DagBag"}
{"timestamp":"2025-07-06T08:04:32.414749","level":"info","event":"Filling up the DagBag from /home/airflow/.local/lib/python3.12/site-packages/airflow/example_dags/example_outlet_event_extra.py","logger":"airflow.models.dagbag.DagBag"}
{"timestamp":"2025-07-06T08:05:02.663186","level":"info","event":"Filling up the DagBag from /home/airflow/.local/lib/python3.12/site-packages/airflow/example_dags/example_outlet_event_extra.py","logger":"airflow.models.dagbag.DagBag"}
{"timestamp":"2025-07-06T08:05:33.386571","level":"info","event":"Filling up the DagBag from /home/airflow/.local/lib/python3.12/site-packages/airflow/example_dags/example_outlet_event_extra.py","logger":"airflow.models.dagbag.DagBag"}
{"timestamp":"2025-07-06T08:06:03.648115","level":"info","event":"Filling up the DagBag from /home/airflow/.local/lib/python3.12/site-packages/airflow/example_dags/example_outlet_event_extra.py","logger":"airflow.models.dagbag.DagBag"}
{"timestamp":"2025-07-06T08:06:34.770431","level":"info","event":"Filling up the DagBag from /home/airflow/.local/lib/python3.12/site-packages/airflow/example_dags/example_outlet_event_extra.py","logger":"airflow.models.dagbag.DagBag"}
{"timestamp":"2025-07-06T08:07:05.596327","level":"info","event":"Filling up the DagBag from /home/airflow/.local/lib/python3.12/site-packages/airflow/example_dags/example_outlet_event_extra.py","logger":"airflow.models.dagbag.DagBag"}
{"timestamp":"2025-07-06T08:07:35.889756","level":"info","event":"Filling up the DagBag from /home/airflow/.local/lib/python3.12/site-packages/airflow/example_dags/example_outlet_event_extra.py","logger":"airflow.models.dagbag.DagBag"}
{"timestamp":"2025-07-06T08:08:06.843235","level":"info","event":"Filling up the DagBag from /home/airflow/.local/lib/python3.12/site-packages/airflow/example_dags/example_outlet_event_extra.py","logger":"airflow.models.dagbag.DagBag"}
{"timestamp":"2025-07-06T08:08:37.175278","level":"info","event":"Filling up the DagBag from /home/airflow/.local/lib/python3.12/site-packages/airflow/example_dags/example_outlet_event_extra.py","logger":"airflow.models.dagbag.DagBag"}
{"timestamp":"2025-07-06T08:09:58.555804","level":"info","event":"Filling up the DagBag from /home/airflow/.local/lib/python3.12/site-packages/airflow/example_dags/example_outlet_event_extra.py","logger":"airflow.models.dagbag.DagBag"}
{"timestamp":"2025-07-06T08:10:29.444176","level":"info","event":"Filling up the DagBag from /home/airflow/.local/lib/python3.12/site-packages/airflow/example_dags/example_outlet_event_extra.py","logger":"airflow.models.dagbag.DagBag"}
{"timestamp":"2025-07-06T08:11:04.149207","level":"info","event":"Filling up the DagBag from /home/airflow/.local/lib/python3.12/site-packages/airflow/example_dags/example_outlet_event_extra.py","logger":"airflow.models.dagbag.DagBag"}
{"timestamp":"2025-07-06T08:11:35.578923","level":"info","event":"Filling up the DagBag from /home/airflow/.local/lib/python3.12/site-packages/airflow/example_dags/example_outlet_event_extra.py","logger":"airflow.models.dagbag.DagBag"}
{"timestamp":"2025-07-06T08:12:30.279668","level":"info","event":"Filling up the DagBag from /home/airflow/.local/lib/python3.12/site-packages/airflow/example_dags/example_outlet_event_extra.py","logger":"airflow.models.dagbag.DagBag"}
{"timestamp":"2025-07-06T08:13:01.319744","level":"info","event":"Filling up the DagBag from /home/airflow/.local/lib/python3.12/site-packages/airflow/example_dags/example_outlet_event_extra.py","logger":"airflow.models.dagbag.DagBag"}
{"timestamp":"2025-07-06T08:14:23.843828","level":"info","event":"Filling up the DagBag from /home/airflow/.local/lib/python3.12/site-packages/airflow/example_dags/example_outlet_event_extra.py","logger":"airflow.models.dagbag.DagBag"}
{"timestamp":"2025-07-06T08:15:19.885759","level":"info","event":"Filling up the DagBag from /home/airflow/.local/lib/python3.12/site-packages/airflow/example_dags/example_outlet_event_extra.py","logger":"airflow.models.dagbag.DagBag"}
{"timestamp":"2025-07-06T08:17:25.054849","level":"info","event":"Filling up the DagBag from /home/airflow/.local/lib/python3.12/site-packages/airflow/example_dags/example_outlet_event_extra.py","logger":"airflow.models.dagbag.DagBag"}
{"timestamp":"2025-07-06T08:17:56.370879","level":"info","event":"Filling up the DagBag from /home/airflow/.local/lib/python3.12/site-packages/airflow/example_dags/example_outlet_event_extra.py","logger":"airflow.models.dagbag.DagBag"}
{"timestamp":"2025-07-06T08:18:27.681928","level":"info","event":"Filling up the DagBag from /home/airflow/.local/lib/python3.12/site-packages/airflow/example_dags/example_outlet_event_extra.py","logger":"airflow.models.dagbag.DagBag"}
{"timestamp":"2025-07-06T08:18:59.302652","level":"info","event":"Filling up the DagBag from /home/airflow/.local/lib/python3.12/site-packages/airflow/example_dags/example_outlet_event_extra.py","logger":"airflow.models.dagbag.DagBag"}
{"timestamp":"2025-07-06T08:19:31.562000Z","level":"critical","event":"Process terminated by signal. For more information, see https://airflow.apache.org/docs/apache-airflow/stable/troubleshooting.html#TaskRunner-killed","signal":-9,"signal_name":"SIGKILL","logger":"processor"}
{"timestamp":"2025-07-06T08:20:43.342297","level":"info","event":"Filling up the DagBag from /home/airflow/.local/lib/python3.12/site-packages/airflow/example_dags/example_outlet_event_extra.py","logger":"airflow.models.dagbag.DagBag"}
{"timestamp":"2025-07-06T08:23:15.145004","level":"info","event":"Filling up the DagBag from /home/airflow/.local/lib/python3.12/site-packages/airflow/example_dags/example_outlet_event_extra.py","logger":"airflow.models.dagbag.DagBag"}
{"timestamp":"2025-07-06T08:25:52.176126","level":"info","event":"Filling up the DagBag from /home/airflow/.local/lib/python3.12/site-packages/airflow/example_dags/example_outlet_event_extra.py","logger":"airflow.models.dagbag.DagBag"}
{"timestamp":"2025-07-06T08:26:24.937705","level":"info","event":"Filling up the DagBag from /home/airflow/.local/lib/python3.12/site-packages/airflow/example_dags/example_outlet_event_extra.py","logger":"airflow.models.dagbag.DagBag"}
{"timestamp":"2025-07-06T08:29:04.717998","level":"info","event":"Filling up the DagBag from /home/airflow/.local/lib/python3.12/site-packages/airflow/example_dags/example_outlet_event_extra.py","logger":"airflow.models.dagbag.DagBag"}
{"timestamp":"2025-07-06T08:29:40.673579","level":"info","event":"Filling up the DagBag from /home/airflow/.local/lib/python3.12/site-packages/airflow/example_dags/example_outlet_event_extra.py","logger":"airflow.models.dagbag.DagBag"}
{"timestamp":"2025-07-06T08:30:11.692488","level":"info","event":"Filling up the DagBag from /home/airflow/.local/lib/python3.12/site-packages/airflow/example_dags/example_outlet_event_extra.py","logger":"airflow.models.dagbag.DagBag"}
{"timestamp":"2025-07-06T08:31:18.169568","level":"info","event":"Filling up the DagBag from /home/airflow/.local/lib/python3.12/site-packages/airflow/example_dags/example_outlet_event_extra.py","logger":"airflow.models.dagbag.DagBag"}
{"timestamp":"2025-07-06T08:33:00.006967","level":"info","event":"Filling up the DagBag from /home/airflow/.local/lib/python3.12/site-packages/airflow/example_dags/example_outlet_event_extra.py","logger":"airflow.models.dagbag.DagBag"}
{"timestamp":"2025-07-06T08:33:31.718106","level":"info","event":"Filling up the DagBag from /home/airflow/.local/lib/python3.12/site-packages/airflow/example_dags/example_outlet_event_extra.py","logger":"airflow.models.dagbag.DagBag"}
{"timestamp":"2025-07-06T08:35:10.210442","level":"info","event":"Filling up the DagBag from /home/airflow/.local/lib/python3.12/site-packages/airflow/example_dags/example_outlet_event_extra.py","logger":"airflow.models.dagbag.DagBag"}
{"timestamp":"2025-07-06T08:35:42.303087","level":"info","event":"Filling up the DagBag from /home/airflow/.local/lib/python3.12/site-packages/airflow/example_dags/example_outlet_event_extra.py","logger":"airflow.models.dagbag.DagBag"}
{"timestamp":"2025-07-06T08:36:12.911356","level":"info","event":"Filling up the DagBag from /home/airflow/.local/lib/python3.12/site-packages/airflow/example_dags/example_outlet_event_extra.py","logger":"airflow.models.dagbag.DagBag"}
{"timestamp":"2025-07-06T08:37:46.689656","level":"info","event":"Filling up the DagBag from /home/airflow/.local/lib/python3.12/site-packages/airflow/example_dags/example_outlet_event_extra.py","logger":"airflow.models.dagbag.DagBag"}
{"timestamp":"2025-07-06T08:38:57.158426","level":"info","event":"Filling up the DagBag from /home/airflow/.local/lib/python3.12/site-packages/airflow/example_dags/example_outlet_event_extra.py","logger":"airflow.models.dagbag.DagBag"}
{"timestamp":"2025-07-06T08:39:27.478012","level":"info","event":"Filling up the DagBag from /home/airflow/.local/lib/python3.12/site-packages/airflow/example_dags/example_outlet_event_extra.py","logger":"airflow.models.dagbag.DagBag"}
{"timestamp":"2025-07-06T08:40:38.903574","level":"info","event":"Filling up the DagBag from /home/airflow/.local/lib/python3.12/site-packages/airflow/example_dags/example_outlet_event_extra.py","logger":"airflow.models.dagbag.DagBag"}
{"timestamp":"2025-07-06T08:41:29.125569","level":"info","event":"Filling up the DagBag from /home/airflow/.local/lib/python3.12/site-packages/airflow/example_dags/example_outlet_event_extra.py","logger":"airflow.models.dagbag.DagBag"}
{"timestamp":"2025-07-06T08:42:00.316395","level":"info","event":"Filling up the DagBag from /home/airflow/.local/lib/python3.12/site-packages/airflow/example_dags/example_outlet_event_extra.py","logger":"airflow.models.dagbag.DagBag"}
{"timestamp":"2025-07-06T08:42:32.741906","level":"info","event":"Filling up the DagBag from /home/airflow/.local/lib/python3.12/site-packages/airflow/example_dags/example_outlet_event_extra.py","logger":"airflow.models.dagbag.DagBag"}
{"timestamp":"2025-07-06T08:43:22.036082","level":"info","event":"Filling up the DagBag from /home/airflow/.local/lib/python3.12/site-packages/airflow/example_dags/example_outlet_event_extra.py","logger":"airflow.models.dagbag.DagBag"}
{"timestamp":"2025-07-06T08:43:53.249316","level":"info","event":"Filling up the DagBag from /home/airflow/.local/lib/python3.12/site-packages/airflow/example_dags/example_outlet_event_extra.py","logger":"airflow.models.dagbag.DagBag"}
{"timestamp":"2025-07-06T08:44:23.920753","level":"info","event":"Filling up the DagBag from /home/airflow/.local/lib/python3.12/site-packages/airflow/example_dags/example_outlet_event_extra.py","logger":"airflow.models.dagbag.DagBag"}
{"timestamp":"2025-07-06T08:45:26.286626","level":"info","event":"Filling up the DagBag from /home/airflow/.local/lib/python3.12/site-packages/airflow/example_dags/example_outlet_event_extra.py","logger":"airflow.models.dagbag.DagBag"}
{"timestamp":"2025-07-06T08:46:20.519275","level":"info","event":"Filling up the DagBag from /home/airflow/.local/lib/python3.12/site-packages/airflow/example_dags/example_outlet_event_extra.py","logger":"airflow.models.dagbag.DagBag"}
{"timestamp":"2025-07-06T08:46:51.648589","level":"info","event":"Filling up the DagBag from /home/airflow/.local/lib/python3.12/site-packages/airflow/example_dags/example_outlet_event_extra.py","logger":"airflow.models.dagbag.DagBag"}
{"timestamp":"2025-07-06T08:47:24.257798","level":"info","event":"Filling up the DagBag from /home/airflow/.local/lib/python3.12/site-packages/airflow/example_dags/example_outlet_event_extra.py","logger":"airflow.models.dagbag.DagBag"}
{"timestamp":"2025-07-06T08:48:34.938049","level":"info","event":"Filling up the DagBag from /home/airflow/.local/lib/python3.12/site-packages/airflow/example_dags/example_outlet_event_extra.py","logger":"airflow.models.dagbag.DagBag"}
{"timestamp":"2025-07-06T08:50:48.078017","level":"info","event":"Filling up the DagBag from /home/airflow/.local/lib/python3.12/site-packages/airflow/example_dags/example_outlet_event_extra.py","logger":"airflow.models.dagbag.DagBag"}
{"timestamp":"2025-07-06T08:51:13.368891","level":"info","event":"Filling up the DagBag from /home/airflow/.local/lib/python3.12/site-packages/airflow/example_dags/example_outlet_event_extra.py","logger":"airflow.models.dagbag.DagBag"}
{"timestamp":"2025-07-06T08:51:43.670750","level":"info","event":"Filling up the DagBag from /home/airflow/.local/lib/python3.12/site-packages/airflow/example_dags/example_outlet_event_extra.py","logger":"airflow.models.dagbag.DagBag"}
{"timestamp":"2025-07-06T08:52:14.566700","level":"info","event":"Filling up the DagBag from /home/airflow/.local/lib/python3.12/site-packages/airflow/example_dags/example_outlet_event_extra.py","logger":"airflow.models.dagbag.DagBag"}
{"timestamp":"2025-07-06T08:52:45.258806","level":"info","event":"Filling up the DagBag from /home/airflow/.local/lib/python3.12/site-packages/airflow/example_dags/example_outlet_event_extra.py","logger":"airflow.models.dagbag.DagBag"}
{"timestamp":"2025-07-06T08:53:16.745830","level":"info","event":"Filling up the DagBag from /home/airflow/.local/lib/python3.12/site-packages/airflow/example_dags/example_outlet_event_extra.py","logger":"airflow.models.dagbag.DagBag"}
{"timestamp":"2025-07-06T08:53:50.653403","level":"info","event":"Filling up the DagBag from /home/airflow/.local/lib/python3.12/site-packages/airflow/example_dags/example_outlet_event_extra.py","logger":"airflow.models.dagbag.DagBag"}
{"timestamp":"2025-07-06T08:54:56.738444","level":"info","event":"Filling up the DagBag from /home/airflow/.local/lib/python3.12/site-packages/airflow/example_dags/example_outlet_event_extra.py","logger":"airflow.models.dagbag.DagBag"}
{"timestamp":"2025-07-06T08:56:20.074075","level":"info","event":"Filling up the DagBag from /home/airflow/.local/lib/python3.12/site-packages/airflow/example_dags/example_outlet_event_extra.py","logger":"airflow.models.dagbag.DagBag"}
{"timestamp":"2025-07-06T08:58:11.019680","level":"info","event":"Filling up the DagBag from /home/airflow/.local/lib/python3.12/site-packages/airflow/example_dags/example_outlet_event_extra.py","logger":"airflow.models.dagbag.DagBag"}
{"timestamp":"2025-07-06T08:59:03.109509","level":"info","event":"Filling up the DagBag from /home/airflow/.local/lib/python3.12/site-packages/airflow/example_dags/example_outlet_event_extra.py","logger":"airflow.models.dagbag.DagBag"}
{"timestamp":"2025-07-06T08:59:55.936003","level":"info","event":"Filling up the DagBag from /home/airflow/.local/lib/python3.12/site-packages/airflow/example_dags/example_outlet_event_extra.py","logger":"airflow.models.dagbag.DagBag"}
{"timestamp":"2025-07-06T09:00:26.189567","level":"info","event":"Filling up the DagBag from /home/airflow/.local/lib/python3.12/site-packages/airflow/example_dags/example_outlet_event_extra.py","logger":"airflow.models.dagbag.DagBag"}
{"timestamp":"2025-07-06T09:01:58.173074","level":"info","event":"Filling up the DagBag from /home/airflow/.local/lib/python3.12/site-packages/airflow/example_dags/example_outlet_event_extra.py","logger":"airflow.models.dagbag.DagBag"}
{"timestamp":"2025-07-06T09:03:02.508652","level":"info","event":"Filling up the DagBag from /home/airflow/.local/lib/python3.12/site-packages/airflow/example_dags/example_outlet_event_extra.py","logger":"airflow.models.dagbag.DagBag"}
{"timestamp":"2025-07-06T09:04:08.498792","level":"info","event":"Filling up the DagBag from /home/airflow/.local/lib/python3.12/site-packages/airflow/example_dags/example_outlet_event_extra.py","logger":"airflow.models.dagbag.DagBag"}
{"timestamp":"2025-07-06T09:05:04.814009","level":"info","event":"Filling up the DagBag from /home/airflow/.local/lib/python3.12/site-packages/airflow/example_dags/example_outlet_event_extra.py","logger":"airflow.models.dagbag.DagBag"}
{"timestamp":"2025-07-06T09:05:35.606589","level":"info","event":"Filling up the DagBag from /home/airflow/.local/lib/python3.12/site-packages/airflow/example_dags/example_outlet_event_extra.py","logger":"airflow.models.dagbag.DagBag"}
{"timestamp":"2025-07-06T09:06:13.990808","level":"info","event":"Filling up the DagBag from /home/airflow/.local/lib/python3.12/site-packages/airflow/example_dags/example_outlet_event_extra.py","logger":"airflow.models.dagbag.DagBag"}
{"timestamp":"2025-07-06T09:07:05.152741","level":"info","event":"Filling up the DagBag from /home/airflow/.local/lib/python3.12/site-packages/airflow/example_dags/example_outlet_event_extra.py","logger":"airflow.models.dagbag.DagBag"}
{"timestamp":"2025-07-06T09:07:36.581044","level":"info","event":"Filling up the DagBag from /home/airflow/.local/lib/python3.12/site-packages/airflow/example_dags/example_outlet_event_extra.py","logger":"airflow.models.dagbag.DagBag"}
{"timestamp":"2025-07-06T09:08:33.412738","level":"info","event":"Filling up the DagBag from /home/airflow/.local/lib/python3.12/site-packages/airflow/example_dags/example_outlet_event_extra.py","logger":"airflow.models.dagbag.DagBag"}
{"timestamp":"2025-07-06T09:09:12.785379","level":"info","event":"Filling up the DagBag from /home/airflow/.local/lib/python3.12/site-packages/airflow/example_dags/example_outlet_event_extra.py","logger":"airflow.models.dagbag.DagBag"}
{"timestamp":"2025-07-06T09:10:38.484224","level":"info","event":"Filling up the DagBag from /home/airflow/.local/lib/python3.12/site-packages/airflow/example_dags/example_outlet_event_extra.py","logger":"airflow.models.dagbag.DagBag"}
{"timestamp":"2025-07-06T09:11:59.872722","level":"info","event":"Filling up the DagBag from /home/airflow/.local/lib/python3.12/site-packages/airflow/example_dags/example_outlet_event_extra.py","logger":"airflow.models.dagbag.DagBag"}
{"timestamp":"2025-07-06T09:13:51.139697","level":"info","event":"Filling up the DagBag from /home/airflow/.local/lib/python3.12/site-packages/airflow/example_dags/example_outlet_event_extra.py","logger":"airflow.models.dagbag.DagBag"}
{"timestamp":"2025-07-06T09:15:58.106227","level":"info","event":"Filling up the DagBag from /home/airflow/.local/lib/python3.12/site-packages/airflow/example_dags/example_outlet_event_extra.py","logger":"airflow.models.dagbag.DagBag"}
{"timestamp":"2025-07-06T09:18:11.826664","level":"info","event":"Filling up the DagBag from /home/airflow/.local/lib/python3.12/site-packages/airflow/example_dags/example_outlet_event_extra.py","logger":"airflow.models.dagbag.DagBag"}
{"timestamp":"2025-07-06T09:18:42.698134","level":"info","event":"Filling up the DagBag from /home/airflow/.local/lib/python3.12/site-packages/airflow/example_dags/example_outlet_event_extra.py","logger":"airflow.models.dagbag.DagBag"}
{"timestamp":"2025-07-06T09:20:05.057085","level":"info","event":"Filling up the DagBag from /home/airflow/.local/lib/python3.12/site-packages/airflow/example_dags/example_outlet_event_extra.py","logger":"airflow.models.dagbag.DagBag"}
{"timestamp":"2025-07-06T09:21:38.291942","level":"info","event":"Filling up the DagBag from /home/airflow/.local/lib/python3.12/site-packages/airflow/example_dags/example_outlet_event_extra.py","logger":"airflow.models.dagbag.DagBag"}
{"timestamp":"2025-07-06T09:22:08.687633","level":"info","event":"Filling up the DagBag from /home/airflow/.local/lib/python3.12/site-packages/airflow/example_dags/example_outlet_event_extra.py","logger":"airflow.models.dagbag.DagBag"}
{"timestamp":"2025-07-06T09:23:51.887674","level":"info","event":"Filling up the DagBag from /home/airflow/.local/lib/python3.12/site-packages/airflow/example_dags/example_outlet_event_extra.py","logger":"airflow.models.dagbag.DagBag"}
{"timestamp":"2025-07-06T09:26:17.737769","level":"info","event":"Filling up the DagBag from /home/airflow/.local/lib/python3.12/site-packages/airflow/example_dags/example_outlet_event_extra.py","logger":"airflow.models.dagbag.DagBag"}
{"timestamp":"2025-07-06T09:26:47.943163","level":"info","event":"Filling up the DagBag from /home/airflow/.local/lib/python3.12/site-packages/airflow/example_dags/example_outlet_event_extra.py","logger":"airflow.models.dagbag.DagBag"}
{"timestamp":"2025-07-06T09:27:46.970802","level":"info","event":"Filling up the DagBag from /home/airflow/.local/lib/python3.12/site-packages/airflow/example_dags/example_outlet_event_extra.py","logger":"airflow.models.dagbag.DagBag"}
{"timestamp":"2025-07-06T09:29:28.570747","level":"info","event":"Filling up the DagBag from /home/airflow/.local/lib/python3.12/site-packages/airflow/example_dags/example_outlet_event_extra.py","logger":"airflow.models.dagbag.DagBag"}
{"timestamp":"2025-07-06T09:29:58.814939","level":"info","event":"Filling up the DagBag from /home/airflow/.local/lib/python3.12/site-packages/airflow/example_dags/example_outlet_event_extra.py","logger":"airflow.models.dagbag.DagBag"}
{"timestamp":"2025-07-06T09:30:55.019305","level":"info","event":"Filling up the DagBag from /home/airflow/.local/lib/python3.12/site-packages/airflow/example_dags/example_outlet_event_extra.py","logger":"airflow.models.dagbag.DagBag"}
{"timestamp":"2025-07-06T09:31:25.214106","level":"info","event":"Filling up the DagBag from /home/airflow/.local/lib/python3.12/site-packages/airflow/example_dags/example_outlet_event_extra.py","logger":"airflow.models.dagbag.DagBag"}
{"timestamp":"2025-07-06T09:33:07.093613","level":"info","event":"Filling up the DagBag from /home/airflow/.local/lib/python3.12/site-packages/airflow/example_dags/example_outlet_event_extra.py","logger":"airflow.models.dagbag.DagBag"}
{"timestamp":"2025-07-06T09:34:18.693262","level":"info","event":"Filling up the DagBag from /home/airflow/.local/lib/python3.12/site-packages/airflow/example_dags/example_outlet_event_extra.py","logger":"airflow.models.dagbag.DagBag"}
{"timestamp":"2025-07-06T09:35:11.485885","level":"info","event":"Filling up the DagBag from /home/airflow/.local/lib/python3.12/site-packages/airflow/example_dags/example_outlet_event_extra.py","logger":"airflow.models.dagbag.DagBag"}
{"timestamp":"2025-07-06T09:36:52.816842","level":"info","event":"Filling up the DagBag from /home/airflow/.local/lib/python3.12/site-packages/airflow/example_dags/example_outlet_event_extra.py","logger":"airflow.models.dagbag.DagBag"}
{"timestamp":"2025-07-06T09:37:23.462085","level":"info","event":"Filling up the DagBag from /home/airflow/.local/lib/python3.12/site-packages/airflow/example_dags/example_outlet_event_extra.py","logger":"airflow.models.dagbag.DagBag"}
{"timestamp":"2025-07-06T09:38:17.695322","level":"info","event":"Filling up the DagBag from /home/airflow/.local/lib/python3.12/site-packages/airflow/example_dags/example_outlet_event_extra.py","logger":"airflow.models.dagbag.DagBag"}
{"timestamp":"2025-07-06T09:38:47.891579","level":"info","event":"Filling up the DagBag from /home/airflow/.local/lib/python3.12/site-packages/airflow/example_dags/example_outlet_event_extra.py","logger":"airflow.models.dagbag.DagBag"}
{"timestamp":"2025-07-06T09:40:14.998727","level":"info","event":"Filling up the DagBag from /home/airflow/.local/lib/python3.12/site-packages/airflow/example_dags/example_outlet_event_extra.py","logger":"airflow.models.dagbag.DagBag"}
{"timestamp":"2025-07-06T09:40:46.038031","level":"info","event":"Filling up the DagBag from /home/airflow/.local/lib/python3.12/site-packages/airflow/example_dags/example_outlet_event_extra.py","logger":"airflow.models.dagbag.DagBag"}
{"timestamp":"2025-07-06T09:41:31.760039","level":"info","event":"Filling up the DagBag from /home/airflow/.local/lib/python3.12/site-packages/airflow/example_dags/example_outlet_event_extra.py","logger":"airflow.models.dagbag.DagBag"}
{"timestamp":"2025-07-06T09:45:01.281110","level":"info","event":"Filling up the DagBag from /home/airflow/.local/lib/python3.12/site-packages/airflow/example_dags/example_outlet_event_extra.py","logger":"airflow.models.dagbag.DagBag"}
{"timestamp":"2025-07-06T09:45:31.868431","level":"info","event":"Filling up the DagBag from /home/airflow/.local/lib/python3.12/site-packages/airflow/example_dags/example_outlet_event_extra.py","logger":"airflow.models.dagbag.DagBag"}
{"timestamp":"2025-07-06T09:46:46.382204","level":"info","event":"Filling up the DagBag from /home/airflow/.local/lib/python3.12/site-packages/airflow/example_dags/example_outlet_event_extra.py","logger":"airflow.models.dagbag.DagBag"}
{"timestamp":"2025-07-06T09:47:24.046337","level":"info","event":"Filling up the DagBag from /home/airflow/.local/lib/python3.12/site-packages/airflow/example_dags/example_outlet_event_extra.py","logger":"airflow.models.dagbag.DagBag"}
{"timestamp":"2025-07-06T09:47:55.882799","level":"info","event":"Filling up the DagBag from /home/airflow/.local/lib/python3.12/site-packages/airflow/example_dags/example_outlet_event_extra.py","logger":"airflow.models.dagbag.DagBag"}
{"timestamp":"2025-07-06T09:48:54.569210","level":"info","event":"Filling up the DagBag from /home/airflow/.local/lib/python3.12/site-packages/airflow/example_dags/example_outlet_event_extra.py","logger":"airflow.models.dagbag.DagBag"}
{"timestamp":"2025-07-06T09:49:25.116269","level":"info","event":"Filling up the DagBag from /home/airflow/.local/lib/python3.12/site-packages/airflow/example_dags/example_outlet_event_extra.py","logger":"airflow.models.dagbag.DagBag"}
{"timestamp":"2025-07-06T09:50:35.789830","level":"info","event":"Filling up the DagBag from /home/airflow/.local/lib/python3.12/site-packages/airflow/example_dags/example_outlet_event_extra.py","logger":"airflow.models.dagbag.DagBag"}
{"timestamp":"2025-07-06T09:51:06.660100","level":"info","event":"Filling up the DagBag from /home/airflow/.local/lib/python3.12/site-packages/airflow/example_dags/example_outlet_event_extra.py","logger":"airflow.models.dagbag.DagBag"}
{"timestamp":"2025-07-06T09:51:46.900563","level":"info","event":"Filling up the DagBag from /home/airflow/.local/lib/python3.12/site-packages/airflow/example_dags/example_outlet_event_extra.py","logger":"airflow.models.dagbag.DagBag"}
{"timestamp":"2025-07-06T09:52:17.997963","level":"info","event":"Filling up the DagBag from /home/airflow/.local/lib/python3.12/site-packages/airflow/example_dags/example_outlet_event_extra.py","logger":"airflow.models.dagbag.DagBag"}
{"timestamp":"2025-07-06T09:53:02.752205","level":"info","event":"Filling up the DagBag from /home/airflow/.local/lib/python3.12/site-packages/airflow/example_dags/example_outlet_event_extra.py","logger":"airflow.models.dagbag.DagBag"}
{"timestamp":"2025-07-06T09:54:13.938858","level":"info","event":"Filling up the DagBag from /home/airflow/.local/lib/python3.12/site-packages/airflow/example_dags/example_outlet_event_extra.py","logger":"airflow.models.dagbag.DagBag"}
{"timestamp":"2025-07-06T09:55:59.899948","level":"info","event":"Filling up the DagBag from /home/airflow/.local/lib/python3.12/site-packages/airflow/example_dags/example_outlet_event_extra.py","logger":"airflow.models.dagbag.DagBag"}
{"timestamp":"2025-07-06T09:56:30.699533","level":"info","event":"Filling up the DagBag from /home/airflow/.local/lib/python3.12/site-packages/airflow/example_dags/example_outlet_event_extra.py","logger":"airflow.models.dagbag.DagBag"}
{"timestamp":"2025-07-06T09:57:56.492108","level":"info","event":"Filling up the DagBag from /home/airflow/.local/lib/python3.12/site-packages/airflow/example_dags/example_outlet_event_extra.py","logger":"airflow.models.dagbag.DagBag"}
{"timestamp":"2025-07-06T09:58:26.728736","level":"info","event":"Filling up the DagBag from /home/airflow/.local/lib/python3.12/site-packages/airflow/example_dags/example_outlet_event_extra.py","logger":"airflow.models.dagbag.DagBag"}
{"timestamp":"2025-07-06T10:00:30.385234","level":"info","event":"Filling up the DagBag from /home/airflow/.local/lib/python3.12/site-packages/airflow/example_dags/example_outlet_event_extra.py","logger":"airflow.models.dagbag.DagBag"}
{"timestamp":"2025-07-06T10:01:01.722040","level":"info","event":"Filling up the DagBag from /home/airflow/.local/lib/python3.12/site-packages/airflow/example_dags/example_outlet_event_extra.py","logger":"airflow.models.dagbag.DagBag"}
{"timestamp":"2025-07-06T10:01:45.396494","level":"info","event":"Filling up the DagBag from /home/airflow/.local/lib/python3.12/site-packages/airflow/example_dags/example_outlet_event_extra.py","logger":"airflow.models.dagbag.DagBag"}
{"timestamp":"2025-07-06T10:02:17.873978","level":"info","event":"Filling up the DagBag from /home/airflow/.local/lib/python3.12/site-packages/airflow/example_dags/example_outlet_event_extra.py","logger":"airflow.models.dagbag.DagBag"}
{"timestamp":"2025-07-06T10:03:41.678930","level":"info","event":"Filling up the DagBag from /home/airflow/.local/lib/python3.12/site-packages/airflow/example_dags/example_outlet_event_extra.py","logger":"airflow.models.dagbag.DagBag"}
{"timestamp":"2025-07-06T10:04:12.688543","level":"info","event":"Filling up the DagBag from /home/airflow/.local/lib/python3.12/site-packages/airflow/example_dags/example_outlet_event_extra.py","logger":"airflow.models.dagbag.DagBag"}
{"timestamp":"2025-07-06T10:05:12.945386Z","level":"critical","event":"Process terminated by signal. For more information, see https://airflow.apache.org/docs/apache-airflow/stable/troubleshooting.html#TaskRunner-killed","signal":-9,"signal_name":"SIGKILL","logger":"processor"}
{"timestamp":"2025-07-06T10:05:52.167526","level":"info","event":"Filling up the DagBag from /home/airflow/.local/lib/python3.12/site-packages/airflow/example_dags/example_outlet_event_extra.py","logger":"airflow.models.dagbag.DagBag"}
{"timestamp":"2025-07-06T10:06:28.082381","level":"error","event":"Process timed out, PID: 60","logger":"airflow.utils.timeout.TimeoutPosix"}
{"timestamp":"2025-07-06T10:06:28.092984","level":"error","event":"Failed to import: /home/airflow/.local/lib/python3.12/site-packages/airflow/example_dags/example_outlet_event_extra.py","logger":"airflow.models.dagbag.DagBag","error_detail":[{"exc_type":"AirflowTaskTimeout","exc_value":"DagBag import timeout for /home/airflow/.local/lib/python3.12/site-packages/airflow/example_dags/example_outlet_event_extra.py after 30.0s.\nPlease take a look at these docs to improve your DAG import time:\n* https://airflow.apache.org/docs/apache-airflow/3.0.2/best-practices.html#top-level-python-code\n* https://airflow.apache.org/docs/apache-airflow/3.0.2/best-practices.html#reducing-dag-complexity, PID: 60","exc_notes":[],"syntax_error":null,"is_cause":false,"frames":[{"filename":"/home/airflow/.local/lib/python3.12/site-packages/airflow/models/dagbag.py","lineno":394,"name":"parse"},{"filename":"<frozen importlib._bootstrap_external>","lineno":999,"name":"exec_module"},{"filename":"<frozen importlib._bootstrap>","lineno":488,"name":"_call_with_frames_removed"},{"filename":"/home/airflow/.local/lib/python3.12/site-packages/airflow/example_dags/example_outlet_event_extra.py","lineno":29,"name":"<module>"},{"filename":"<frozen importlib._bootstrap>","lineno":1412,"name":"_handle_fromlist"},{"filename":"/home/airflow/.local/lib/python3.12/site-packages/airflow/sdk/__init__.py","lineno":121,"name":"__getattr__"},{"filename":"/usr/local/lib/python3.12/importlib/__init__.py","lineno":90,"name":"import_module"},{"filename":"<frozen importlib._bootstrap>","lineno":1387,"name":"_gcd_import"},{"filename":"<frozen importlib._bootstrap>","lineno":1360,"name":"_find_and_load"},{"filename":"<frozen importlib._bootstrap>","lineno":1331,"name":"_find_and_load_unlocked"},{"filename":"<frozen importlib._bootstrap>","lineno":921,"name":"_load_unlocked"},{"filename":"<frozen importlib._bootstrap>","lineno":819,"name":"module_from_spec"},{"filename":"<frozen importlib._bootstrap>","lineno":798,"name":"_init_module_attrs"},{"filename":"<frozen importlib._bootstrap>","lineno":638,"name":"cached"},{"filename":"<frozen importlib._bootstrap_external>","lineno":618,"name":"_get_cached"},{"filename":"<frozen importlib._bootstrap_external>","lineno":513,"name":"cache_from_source"},{"filename":"/home/airflow/.local/lib/python3.12/site-packages/airflow/utils/timeout.py","lineno":69,"name":"handle_timeout"}],"is_group":false,"exceptions":[]}]}
{"timestamp":"2025-07-06T10:06:59.104663","level":"info","event":"Filling up the DagBag from /home/airflow/.local/lib/python3.12/site-packages/airflow/example_dags/example_outlet_event_extra.py","logger":"airflow.models.dagbag.DagBag"}
{"timestamp":"2025-07-06T10:07:30.236245","level":"info","event":"Filling up the DagBag from /home/airflow/.local/lib/python3.12/site-packages/airflow/example_dags/example_outlet_event_extra.py","logger":"airflow.models.dagbag.DagBag"}
{"timestamp":"2025-07-06T10:08:03.197973","level":"info","event":"Filling up the DagBag from /home/airflow/.local/lib/python3.12/site-packages/airflow/example_dags/example_outlet_event_extra.py","logger":"airflow.models.dagbag.DagBag"}
{"timestamp":"2025-07-06T10:08:33.652342","level":"info","event":"Filling up the DagBag from /home/airflow/.local/lib/python3.12/site-packages/airflow/example_dags/example_outlet_event_extra.py","logger":"airflow.models.dagbag.DagBag"}
{"timestamp":"2025-07-06T10:09:04.543417","level":"info","event":"Filling up the DagBag from /home/airflow/.local/lib/python3.12/site-packages/airflow/example_dags/example_outlet_event_extra.py","logger":"airflow.models.dagbag.DagBag"}
{"timestamp":"2025-07-06T10:09:35.411633","level":"info","event":"Filling up the DagBag from /home/airflow/.local/lib/python3.12/site-packages/airflow/example_dags/example_outlet_event_extra.py","logger":"airflow.models.dagbag.DagBag"}
{"timestamp":"2025-07-06T10:10:06.135732","level":"info","event":"Filling up the DagBag from /home/airflow/.local/lib/python3.12/site-packages/airflow/example_dags/example_outlet_event_extra.py","logger":"airflow.models.dagbag.DagBag"}
{"timestamp":"2025-07-06T10:10:36.598671","level":"info","event":"Filling up the DagBag from /home/airflow/.local/lib/python3.12/site-packages/airflow/example_dags/example_outlet_event_extra.py","logger":"airflow.models.dagbag.DagBag"}
{"timestamp":"2025-07-06T10:11:07.307398","level":"info","event":"Filling up the DagBag from /home/airflow/.local/lib/python3.12/site-packages/airflow/example_dags/example_outlet_event_extra.py","logger":"airflow.models.dagbag.DagBag"}
{"timestamp":"2025-07-06T10:11:39.005924","level":"info","event":"Filling up the DagBag from /home/airflow/.local/lib/python3.12/site-packages/airflow/example_dags/example_outlet_event_extra.py","logger":"airflow.models.dagbag.DagBag"}
{"timestamp":"2025-07-06T10:12:10.672281","level":"info","event":"Filling up the DagBag from /home/airflow/.local/lib/python3.12/site-packages/airflow/example_dags/example_outlet_event_extra.py","logger":"airflow.models.dagbag.DagBag"}
{"timestamp":"2025-07-06T10:12:41.433812","level":"info","event":"Filling up the DagBag from /home/airflow/.local/lib/python3.12/site-packages/airflow/example_dags/example_outlet_event_extra.py","logger":"airflow.models.dagbag.DagBag"}
{"timestamp":"2025-07-06T10:13:12.856889","level":"info","event":"Filling up the DagBag from /home/airflow/.local/lib/python3.12/site-packages/airflow/example_dags/example_outlet_event_extra.py","logger":"airflow.models.dagbag.DagBag"}
{"timestamp":"2025-07-06T10:13:43.405156","level":"info","event":"Filling up the DagBag from /home/airflow/.local/lib/python3.12/site-packages/airflow/example_dags/example_outlet_event_extra.py","logger":"airflow.models.dagbag.DagBag"}
{"timestamp":"2025-07-06T10:14:15.072365","level":"info","event":"Filling up the DagBag from /home/airflow/.local/lib/python3.12/site-packages/airflow/example_dags/example_outlet_event_extra.py","logger":"airflow.models.dagbag.DagBag"}
{"timestamp":"2025-07-06T10:14:47.303121","level":"info","event":"Filling up the DagBag from /home/airflow/.local/lib/python3.12/site-packages/airflow/example_dags/example_outlet_event_extra.py","logger":"airflow.models.dagbag.DagBag"}
{"timestamp":"2025-07-06T10:15:19.815971","level":"info","event":"Filling up the DagBag from /home/airflow/.local/lib/python3.12/site-packages/airflow/example_dags/example_outlet_event_extra.py","logger":"airflow.models.dagbag.DagBag"}
{"timestamp":"2025-07-06T10:15:51.055275","level":"info","event":"Filling up the DagBag from /home/airflow/.local/lib/python3.12/site-packages/airflow/example_dags/example_outlet_event_extra.py","logger":"airflow.models.dagbag.DagBag"}
{"timestamp":"2025-07-06T10:16:21.789513","level":"info","event":"Filling up the DagBag from /home/airflow/.local/lib/python3.12/site-packages/airflow/example_dags/example_outlet_event_extra.py","logger":"airflow.models.dagbag.DagBag"}
{"timestamp":"2025-07-06T10:16:52.658947","level":"info","event":"Filling up the DagBag from /home/airflow/.local/lib/python3.12/site-packages/airflow/example_dags/example_outlet_event_extra.py","logger":"airflow.models.dagbag.DagBag"}
{"timestamp":"2025-07-06T10:17:23.485083","level":"info","event":"Filling up the DagBag from /home/airflow/.local/lib/python3.12/site-packages/airflow/example_dags/example_outlet_event_extra.py","logger":"airflow.models.dagbag.DagBag"}
{"timestamp":"2025-07-06T10:17:55.943282","level":"info","event":"Filling up the DagBag from /home/airflow/.local/lib/python3.12/site-packages/airflow/example_dags/example_outlet_event_extra.py","logger":"airflow.models.dagbag.DagBag"}
{"timestamp":"2025-07-06T10:18:26.314409","level":"info","event":"Filling up the DagBag from /home/airflow/.local/lib/python3.12/site-packages/airflow/example_dags/example_outlet_event_extra.py","logger":"airflow.models.dagbag.DagBag"}
{"timestamp":"2025-07-06T10:18:56.870655","level":"info","event":"Filling up the DagBag from /home/airflow/.local/lib/python3.12/site-packages/airflow/example_dags/example_outlet_event_extra.py","logger":"airflow.models.dagbag.DagBag"}
{"timestamp":"2025-07-06T10:19:30.307997","level":"info","event":"Filling up the DagBag from /home/airflow/.local/lib/python3.12/site-packages/airflow/example_dags/example_outlet_event_extra.py","logger":"airflow.models.dagbag.DagBag"}
{"timestamp":"2025-07-06T10:20:01.823084","level":"info","event":"Filling up the DagBag from /home/airflow/.local/lib/python3.12/site-packages/airflow/example_dags/example_outlet_event_extra.py","logger":"airflow.models.dagbag.DagBag"}
{"timestamp":"2025-07-06T10:20:32.191021","level":"info","event":"Filling up the DagBag from /home/airflow/.local/lib/python3.12/site-packages/airflow/example_dags/example_outlet_event_extra.py","logger":"airflow.models.dagbag.DagBag"}
{"timestamp":"2025-07-06T10:21:02.527127","level":"info","event":"Filling up the DagBag from /home/airflow/.local/lib/python3.12/site-packages/airflow/example_dags/example_outlet_event_extra.py","logger":"airflow.models.dagbag.DagBag"}
{"timestamp":"2025-07-06T10:21:33.371478","level":"info","event":"Filling up the DagBag from /home/airflow/.local/lib/python3.12/site-packages/airflow/example_dags/example_outlet_event_extra.py","logger":"airflow.models.dagbag.DagBag"}
{"timestamp":"2025-07-06T10:22:04.931462","level":"info","event":"Filling up the DagBag from /home/airflow/.local/lib/python3.12/site-packages/airflow/example_dags/example_outlet_event_extra.py","logger":"airflow.models.dagbag.DagBag"}
{"timestamp":"2025-07-06T10:22:36.039077","level":"info","event":"Filling up the DagBag from /home/airflow/.local/lib/python3.12/site-packages/airflow/example_dags/example_outlet_event_extra.py","logger":"airflow.models.dagbag.DagBag"}
{"timestamp":"2025-07-06T10:23:07.298449","level":"info","event":"Filling up the DagBag from /home/airflow/.local/lib/python3.12/site-packages/airflow/example_dags/example_outlet_event_extra.py","logger":"airflow.models.dagbag.DagBag"}
{"timestamp":"2025-07-06T10:23:38.160826","level":"info","event":"Filling up the DagBag from /home/airflow/.local/lib/python3.12/site-packages/airflow/example_dags/example_outlet_event_extra.py","logger":"airflow.models.dagbag.DagBag"}
{"timestamp":"2025-07-06T10:24:27.239399","level":"info","event":"Filling up the DagBag from /home/airflow/.local/lib/python3.12/site-packages/airflow/example_dags/example_outlet_event_extra.py","logger":"airflow.models.dagbag.DagBag"}
{"timestamp":"2025-07-06T10:24:57.534449","level":"info","event":"Filling up the DagBag from /home/airflow/.local/lib/python3.12/site-packages/airflow/example_dags/example_outlet_event_extra.py","logger":"airflow.models.dagbag.DagBag"}
{"timestamp":"2025-07-06T10:25:28.298585","level":"info","event":"Filling up the DagBag from /home/airflow/.local/lib/python3.12/site-packages/airflow/example_dags/example_outlet_event_extra.py","logger":"airflow.models.dagbag.DagBag"}
{"timestamp":"2025-07-06T10:25:58.518172","level":"info","event":"Filling up the DagBag from /home/airflow/.local/lib/python3.12/site-packages/airflow/example_dags/example_outlet_event_extra.py","logger":"airflow.models.dagbag.DagBag"}
{"timestamp":"2025-07-06T10:26:28.715312","level":"info","event":"Filling up the DagBag from /home/airflow/.local/lib/python3.12/site-packages/airflow/example_dags/example_outlet_event_extra.py","logger":"airflow.models.dagbag.DagBag"}
{"timestamp":"2025-07-06T11:03:19.432468","level":"info","event":"Filling up the DagBag from /home/airflow/.local/lib/python3.12/site-packages/airflow/example_dags/example_outlet_event_extra.py","logger":"airflow.models.dagbag.DagBag"}
{"timestamp":"2025-07-06T11:03:49.642888","level":"info","event":"Filling up the DagBag from /home/airflow/.local/lib/python3.12/site-packages/airflow/example_dags/example_outlet_event_extra.py","logger":"airflow.models.dagbag.DagBag"}
{"timestamp":"2025-07-06T11:05:00.191895","level":"info","event":"Filling up the DagBag from /home/airflow/.local/lib/python3.12/site-packages/airflow/example_dags/example_outlet_event_extra.py","logger":"airflow.models.dagbag.DagBag"}
{"timestamp":"2025-07-06T11:05:30.360886","level":"info","event":"Filling up the DagBag from /home/airflow/.local/lib/python3.12/site-packages/airflow/example_dags/example_outlet_event_extra.py","logger":"airflow.models.dagbag.DagBag"}
{"timestamp":"2025-07-06T11:06:01.974602","level":"info","event":"Filling up the DagBag from /home/airflow/.local/lib/python3.12/site-packages/airflow/example_dags/example_outlet_event_extra.py","logger":"airflow.models.dagbag.DagBag"}
{"timestamp":"2025-07-06T11:06:32.292363","level":"info","event":"Filling up the DagBag from /home/airflow/.local/lib/python3.12/site-packages/airflow/example_dags/example_outlet_event_extra.py","logger":"airflow.models.dagbag.DagBag"}
{"timestamp":"2025-07-06T11:07:02.802131","level":"info","event":"Filling up the DagBag from /home/airflow/.local/lib/python3.12/site-packages/airflow/example_dags/example_outlet_event_extra.py","logger":"airflow.models.dagbag.DagBag"}
{"timestamp":"2025-07-06T11:07:43.281797","level":"info","event":"Filling up the DagBag from /home/airflow/.local/lib/python3.12/site-packages/airflow/example_dags/example_outlet_event_extra.py","logger":"airflow.models.dagbag.DagBag"}
{"timestamp":"2025-07-06T11:09:12.320084","level":"info","event":"Filling up the DagBag from /home/airflow/.local/lib/python3.12/site-packages/airflow/example_dags/example_outlet_event_extra.py","logger":"airflow.models.dagbag.DagBag"}
{"timestamp":"2025-07-06T11:09:43.653640","level":"info","event":"Filling up the DagBag from /home/airflow/.local/lib/python3.12/site-packages/airflow/example_dags/example_outlet_event_extra.py","logger":"airflow.models.dagbag.DagBag"}
{"timestamp":"2025-07-06T11:10:44.160284","level":"info","event":"Filling up the DagBag from /home/airflow/.local/lib/python3.12/site-packages/airflow/example_dags/example_outlet_event_extra.py","logger":"airflow.models.dagbag.DagBag"}
{"timestamp":"2025-07-06T11:12:21.233794","level":"info","event":"Filling up the DagBag from /home/airflow/.local/lib/python3.12/site-packages/airflow/example_dags/example_outlet_event_extra.py","logger":"airflow.models.dagbag.DagBag"}
{"timestamp":"2025-07-06T11:13:46.841631","level":"info","event":"Filling up the DagBag from /home/airflow/.local/lib/python3.12/site-packages/airflow/example_dags/example_outlet_event_extra.py","logger":"airflow.models.dagbag.DagBag"}
{"timestamp":"2025-07-06T11:14:17.812118","level":"info","event":"Filling up the DagBag from /home/airflow/.local/lib/python3.12/site-packages/airflow/example_dags/example_outlet_event_extra.py","logger":"airflow.models.dagbag.DagBag"}
{"timestamp":"2025-07-06T11:15:32.741688","level":"info","event":"Filling up the DagBag from /home/airflow/.local/lib/python3.12/site-packages/airflow/example_dags/example_outlet_event_extra.py","logger":"airflow.models.dagbag.DagBag"}
{"timestamp":"2025-07-06T11:16:34.342916","level":"info","event":"Filling up the DagBag from /home/airflow/.local/lib/python3.12/site-packages/airflow/example_dags/example_outlet_event_extra.py","logger":"airflow.models.dagbag.DagBag"}
{"timestamp":"2025-07-06T11:17:04.554617","level":"info","event":"Filling up the DagBag from /home/airflow/.local/lib/python3.12/site-packages/airflow/example_dags/example_outlet_event_extra.py","logger":"airflow.models.dagbag.DagBag"}
{"timestamp":"2025-07-06T11:18:13.283561","level":"info","event":"Filling up the DagBag from /home/airflow/.local/lib/python3.12/site-packages/airflow/example_dags/example_outlet_event_extra.py","logger":"airflow.models.dagbag.DagBag"}
{"timestamp":"2025-07-06T11:18:53.561404","level":"info","event":"Filling up the DagBag from /home/airflow/.local/lib/python3.12/site-packages/airflow/example_dags/example_outlet_event_extra.py","logger":"airflow.models.dagbag.DagBag"}
{"timestamp":"2025-07-06T11:19:23.795647","level":"info","event":"Filling up the DagBag from /home/airflow/.local/lib/python3.12/site-packages/airflow/example_dags/example_outlet_event_extra.py","logger":"airflow.models.dagbag.DagBag"}
{"timestamp":"2025-07-06T11:20:22.173050","level":"info","event":"Filling up the DagBag from /home/airflow/.local/lib/python3.12/site-packages/airflow/example_dags/example_outlet_event_extra.py","logger":"airflow.models.dagbag.DagBag"}
{"timestamp":"2025-07-06T11:21:36.141896","level":"info","event":"Filling up the DagBag from /home/airflow/.local/lib/python3.12/site-packages/airflow/example_dags/example_outlet_event_extra.py","logger":"airflow.models.dagbag.DagBag"}
{"timestamp":"2025-07-06T11:22:06.654302","level":"info","event":"Filling up the DagBag from /home/airflow/.local/lib/python3.12/site-packages/airflow/example_dags/example_outlet_event_extra.py","logger":"airflow.models.dagbag.DagBag"}
{"timestamp":"2025-07-06T11:23:37.411375","level":"info","event":"Filling up the DagBag from /home/airflow/.local/lib/python3.12/site-packages/airflow/example_dags/example_outlet_event_extra.py","logger":"airflow.models.dagbag.DagBag"}
{"timestamp":"2025-07-06T11:24:48.634954","level":"info","event":"Filling up the DagBag from /home/airflow/.local/lib/python3.12/site-packages/airflow/example_dags/example_outlet_event_extra.py","logger":"airflow.models.dagbag.DagBag"}
{"timestamp":"2025-07-06T11:26:08.753176","level":"info","event":"Filling up the DagBag from /home/airflow/.local/lib/python3.12/site-packages/airflow/example_dags/example_outlet_event_extra.py","logger":"airflow.models.dagbag.DagBag"}
