{"timestamp":"2025-07-06T06:26:35.177387","level":"info","event":"Filling up the DagBag from /home/airflow/.local/lib/python3.12/site-packages/airflow/example_dags/example_xcomargs.py","logger":"airflow.models.dagbag.DagBag"}
{"timestamp":"2025-07-06T06:27:06.230971","level":"info","event":"Filling up the DagBag from /home/airflow/.local/lib/python3.12/site-packages/airflow/example_dags/example_xcomargs.py","logger":"airflow.models.dagbag.DagBag"}
{"timestamp":"2025-07-06T06:27:36.452846","level":"info","event":"Filling up the DagBag from /home/airflow/.local/lib/python3.12/site-packages/airflow/example_dags/example_xcomargs.py","logger":"airflow.models.dagbag.DagBag"}
{"timestamp":"2025-07-06T06:28:06.656490","level":"info","event":"Filling up the DagBag from /home/airflow/.local/lib/python3.12/site-packages/airflow/example_dags/example_xcomargs.py","logger":"airflow.models.dagbag.DagBag"}
{"timestamp":"2025-07-06T06:29:08.758813","level":"info","event":"Filling up the DagBag from /home/airflow/.local/lib/python3.12/site-packages/airflow/example_dags/example_xcomargs.py","logger":"airflow.models.dagbag.DagBag"}
{"timestamp":"2025-07-06T06:29:39.172315","level":"info","event":"Filling up the DagBag from /home/airflow/.local/lib/python3.12/site-packages/airflow/example_dags/example_xcomargs.py","logger":"airflow.models.dagbag.DagBag"}
{"timestamp":"2025-07-06T06:30:09.691630","level":"info","event":"Filling up the DagBag from /home/airflow/.local/lib/python3.12/site-packages/airflow/example_dags/example_xcomargs.py","logger":"airflow.models.dagbag.DagBag"}
{"timestamp":"2025-07-06T06:34:09.960358","level":"info","event":"Filling up the DagBag from /home/airflow/.local/lib/python3.12/site-packages/airflow/example_dags/example_xcomargs.py","logger":"airflow.models.dagbag.DagBag"}
{"timestamp":"2025-07-06T06:34:41.039640","level":"info","event":"Filling up the DagBag from /home/airflow/.local/lib/python3.12/site-packages/airflow/example_dags/example_xcomargs.py","logger":"airflow.models.dagbag.DagBag"}
{"timestamp":"2025-07-06T06:36:43.160490","level":"info","event":"Filling up the DagBag from /home/airflow/.local/lib/python3.12/site-packages/airflow/example_dags/example_xcomargs.py","logger":"airflow.models.dagbag.DagBag"}
{"timestamp":"2025-07-06T06:37:13.644136","level":"info","event":"Filling up the DagBag from /home/airflow/.local/lib/python3.12/site-packages/airflow/example_dags/example_xcomargs.py","logger":"airflow.models.dagbag.DagBag"}
{"timestamp":"2025-07-06T06:39:01.028433","level":"info","event":"Filling up the DagBag from /home/airflow/.local/lib/python3.12/site-packages/airflow/example_dags/example_xcomargs.py","logger":"airflow.models.dagbag.DagBag"}
{"timestamp":"2025-07-06T06:39:32.223366","level":"info","event":"Filling up the DagBag from /home/airflow/.local/lib/python3.12/site-packages/airflow/example_dags/example_xcomargs.py","logger":"airflow.models.dagbag.DagBag"}
{"timestamp":"2025-07-06T06:40:44.281098","level":"info","event":"Filling up the DagBag from /home/airflow/.local/lib/python3.12/site-packages/airflow/example_dags/example_xcomargs.py","logger":"airflow.models.dagbag.DagBag"}
{"timestamp":"2025-07-06T06:41:14.795975","level":"info","event":"Filling up the DagBag from /home/airflow/.local/lib/python3.12/site-packages/airflow/example_dags/example_xcomargs.py","logger":"airflow.models.dagbag.DagBag"}
{"timestamp":"2025-07-06T06:42:06.170475","level":"info","event":"Filling up the DagBag from /home/airflow/.local/lib/python3.12/site-packages/airflow/example_dags/example_xcomargs.py","logger":"airflow.models.dagbag.DagBag"}
{"timestamp":"2025-07-06T06:42:37.216872","level":"info","event":"Filling up the DagBag from /home/airflow/.local/lib/python3.12/site-packages/airflow/example_dags/example_xcomargs.py","logger":"airflow.models.dagbag.DagBag"}
{"timestamp":"2025-07-06T06:43:07.962275","level":"info","event":"Filling up the DagBag from /home/airflow/.local/lib/python3.12/site-packages/airflow/example_dags/example_xcomargs.py","logger":"airflow.models.dagbag.DagBag"}
{"timestamp":"2025-07-06T06:43:39.465452","level":"info","event":"Filling up the DagBag from /home/airflow/.local/lib/python3.12/site-packages/airflow/example_dags/example_xcomargs.py","logger":"airflow.models.dagbag.DagBag"}
{"timestamp":"2025-07-06T06:44:10.025257","level":"info","event":"Filling up the DagBag from /home/airflow/.local/lib/python3.12/site-packages/airflow/example_dags/example_xcomargs.py","logger":"airflow.models.dagbag.DagBag"}
{"timestamp":"2025-07-06T06:44:40.971033","level":"info","event":"Filling up the DagBag from /home/airflow/.local/lib/python3.12/site-packages/airflow/example_dags/example_xcomargs.py","logger":"airflow.models.dagbag.DagBag"}
{"timestamp":"2025-07-06T06:45:11.406083","level":"info","event":"Filling up the DagBag from /home/airflow/.local/lib/python3.12/site-packages/airflow/example_dags/example_xcomargs.py","logger":"airflow.models.dagbag.DagBag"}
{"timestamp":"2025-07-06T06:45:42.252394","level":"info","event":"Filling up the DagBag from /home/airflow/.local/lib/python3.12/site-packages/airflow/example_dags/example_xcomargs.py","logger":"airflow.models.dagbag.DagBag"}
{"timestamp":"2025-07-06T06:46:13.772754","level":"info","event":"Filling up the DagBag from /home/airflow/.local/lib/python3.12/site-packages/airflow/example_dags/example_xcomargs.py","logger":"airflow.models.dagbag.DagBag"}
{"timestamp":"2025-07-06T06:46:44.365540","level":"info","event":"Filling up the DagBag from /home/airflow/.local/lib/python3.12/site-packages/airflow/example_dags/example_xcomargs.py","logger":"airflow.models.dagbag.DagBag"}
{"timestamp":"2025-07-06T06:47:15.196849","level":"info","event":"Filling up the DagBag from /home/airflow/.local/lib/python3.12/site-packages/airflow/example_dags/example_xcomargs.py","logger":"airflow.models.dagbag.DagBag"}
{"timestamp":"2025-07-06T06:47:47.364753","level":"info","event":"Filling up the DagBag from /home/airflow/.local/lib/python3.12/site-packages/airflow/example_dags/example_xcomargs.py","logger":"airflow.models.dagbag.DagBag"}
{"timestamp":"2025-07-06T06:48:17.683358","level":"info","event":"Filling up the DagBag from /home/airflow/.local/lib/python3.12/site-packages/airflow/example_dags/example_xcomargs.py","logger":"airflow.models.dagbag.DagBag"}
{"timestamp":"2025-07-06T06:48:49.204509","level":"info","event":"Filling up the DagBag from /home/airflow/.local/lib/python3.12/site-packages/airflow/example_dags/example_xcomargs.py","logger":"airflow.models.dagbag.DagBag"}
{"timestamp":"2025-07-06T06:49:19.711530","level":"info","event":"Filling up the DagBag from /home/airflow/.local/lib/python3.12/site-packages/airflow/example_dags/example_xcomargs.py","logger":"airflow.models.dagbag.DagBag"}
{"timestamp":"2025-07-06T06:49:51.268866","level":"info","event":"Filling up the DagBag from /home/airflow/.local/lib/python3.12/site-packages/airflow/example_dags/example_xcomargs.py","logger":"airflow.models.dagbag.DagBag"}
{"timestamp":"2025-07-06T06:50:22.202374","level":"info","event":"Filling up the DagBag from /home/airflow/.local/lib/python3.12/site-packages/airflow/example_dags/example_xcomargs.py","logger":"airflow.models.dagbag.DagBag"}
{"timestamp":"2025-07-06T06:50:53.042689","level":"info","event":"Filling up the DagBag from /home/airflow/.local/lib/python3.12/site-packages/airflow/example_dags/example_xcomargs.py","logger":"airflow.models.dagbag.DagBag"}
{"timestamp":"2025-07-06T06:51:24.366220","level":"info","event":"Filling up the DagBag from /home/airflow/.local/lib/python3.12/site-packages/airflow/example_dags/example_xcomargs.py","logger":"airflow.models.dagbag.DagBag"}
{"timestamp":"2025-07-06T06:51:54.939292","level":"info","event":"Filling up the DagBag from /home/airflow/.local/lib/python3.12/site-packages/airflow/example_dags/example_xcomargs.py","logger":"airflow.models.dagbag.DagBag"}
{"timestamp":"2025-07-06T06:52:26.535938","level":"info","event":"Filling up the DagBag from /home/airflow/.local/lib/python3.12/site-packages/airflow/example_dags/example_xcomargs.py","logger":"airflow.models.dagbag.DagBag"}
{"timestamp":"2025-07-06T06:52:57.134889","level":"info","event":"Filling up the DagBag from /home/airflow/.local/lib/python3.12/site-packages/airflow/example_dags/example_xcomargs.py","logger":"airflow.models.dagbag.DagBag"}
{"timestamp":"2025-07-06T06:54:08.165448","level":"info","event":"Filling up the DagBag from /home/airflow/.local/lib/python3.12/site-packages/airflow/example_dags/example_xcomargs.py","logger":"airflow.models.dagbag.DagBag"}
{"timestamp":"2025-07-06T06:54:40.157481","level":"info","event":"Filling up the DagBag from /home/airflow/.local/lib/python3.12/site-packages/airflow/example_dags/example_xcomargs.py","logger":"airflow.models.dagbag.DagBag"}
{"timestamp":"2025-07-06T06:57:22.020550","level":"info","event":"Filling up the DagBag from /home/airflow/.local/lib/python3.12/site-packages/airflow/example_dags/example_xcomargs.py","logger":"airflow.models.dagbag.DagBag"}
{"timestamp":"2025-07-06T06:57:52.648618","level":"info","event":"Filling up the DagBag from /home/airflow/.local/lib/python3.12/site-packages/airflow/example_dags/example_xcomargs.py","logger":"airflow.models.dagbag.DagBag"}
{"timestamp":"2025-07-06T06:58:22.905328","level":"info","event":"Filling up the DagBag from /home/airflow/.local/lib/python3.12/site-packages/airflow/example_dags/example_xcomargs.py","logger":"airflow.models.dagbag.DagBag"}
{"timestamp":"2025-07-06T06:58:53.364548","level":"info","event":"Filling up the DagBag from /home/airflow/.local/lib/python3.12/site-packages/airflow/example_dags/example_xcomargs.py","logger":"airflow.models.dagbag.DagBag"}
{"timestamp":"2025-07-06T06:59:24.244004","level":"info","event":"Filling up the DagBag from /home/airflow/.local/lib/python3.12/site-packages/airflow/example_dags/example_xcomargs.py","logger":"airflow.models.dagbag.DagBag"}
{"timestamp":"2025-07-06T06:59:54.955296","level":"info","event":"Filling up the DagBag from /home/airflow/.local/lib/python3.12/site-packages/airflow/example_dags/example_xcomargs.py","logger":"airflow.models.dagbag.DagBag"}
{"timestamp":"2025-07-06T07:00:25.755164","level":"info","event":"Filling up the DagBag from /home/airflow/.local/lib/python3.12/site-packages/airflow/example_dags/example_xcomargs.py","logger":"airflow.models.dagbag.DagBag"}
{"timestamp":"2025-07-06T07:00:55.905631","level":"info","event":"Filling up the DagBag from /home/airflow/.local/lib/python3.12/site-packages/airflow/example_dags/example_xcomargs.py","logger":"airflow.models.dagbag.DagBag"}
{"timestamp":"2025-07-06T07:01:34.057493","level":"info","event":"Filling up the DagBag from /home/airflow/.local/lib/python3.12/site-packages/airflow/example_dags/example_xcomargs.py","logger":"airflow.models.dagbag.DagBag"}
{"timestamp":"2025-07-06T07:02:05.257013","level":"info","event":"Filling up the DagBag from /home/airflow/.local/lib/python3.12/site-packages/airflow/example_dags/example_xcomargs.py","logger":"airflow.models.dagbag.DagBag"}
{"timestamp":"2025-07-06T07:02:43.453679","level":"info","event":"Filling up the DagBag from /home/airflow/.local/lib/python3.12/site-packages/airflow/example_dags/example_xcomargs.py","logger":"airflow.models.dagbag.DagBag"}
{"timestamp":"2025-07-06T07:03:14.810752","level":"info","event":"Filling up the DagBag from /home/airflow/.local/lib/python3.12/site-packages/airflow/example_dags/example_xcomargs.py","logger":"airflow.models.dagbag.DagBag"}
{"timestamp":"2025-07-06T07:05:25.432577","level":"info","event":"Filling up the DagBag from /home/airflow/.local/lib/python3.12/site-packages/airflow/example_dags/example_xcomargs.py","logger":"airflow.models.dagbag.DagBag"}
{"timestamp":"2025-07-06T07:05:55.953289","level":"info","event":"Filling up the DagBag from /home/airflow/.local/lib/python3.12/site-packages/airflow/example_dags/example_xcomargs.py","logger":"airflow.models.dagbag.DagBag"}
{"timestamp":"2025-07-06T07:06:26.405832","level":"info","event":"Filling up the DagBag from /home/airflow/.local/lib/python3.12/site-packages/airflow/example_dags/example_xcomargs.py","logger":"airflow.models.dagbag.DagBag"}
{"timestamp":"2025-07-06T07:07:37.741209","level":"info","event":"Filling up the DagBag from /home/airflow/.local/lib/python3.12/site-packages/airflow/example_dags/example_xcomargs.py","logger":"airflow.models.dagbag.DagBag"}
{"timestamp":"2025-07-06T07:08:08.614601","level":"info","event":"Filling up the DagBag from /home/airflow/.local/lib/python3.12/site-packages/airflow/example_dags/example_xcomargs.py","logger":"airflow.models.dagbag.DagBag"}
{"timestamp":"2025-07-06T07:09:19.693909","level":"info","event":"Filling up the DagBag from /home/airflow/.local/lib/python3.12/site-packages/airflow/example_dags/example_xcomargs.py","logger":"airflow.models.dagbag.DagBag"}
{"timestamp":"2025-07-06T07:10:19.690032","level":"info","event":"Filling up the DagBag from /home/airflow/.local/lib/python3.12/site-packages/airflow/example_dags/example_xcomargs.py","logger":"airflow.models.dagbag.DagBag"}
{"timestamp":"2025-07-06T07:10:50.356844","level":"info","event":"Filling up the DagBag from /home/airflow/.local/lib/python3.12/site-packages/airflow/example_dags/example_xcomargs.py","logger":"airflow.models.dagbag.DagBag"}
{"timestamp":"2025-07-06T07:11:36.988987","level":"info","event":"Filling up the DagBag from /home/airflow/.local/lib/python3.12/site-packages/airflow/example_dags/example_xcomargs.py","logger":"airflow.models.dagbag.DagBag"}
{"timestamp":"2025-07-06T07:12:45.022593","level":"info","event":"Filling up the DagBag from /home/airflow/.local/lib/python3.12/site-packages/airflow/example_dags/example_xcomargs.py","logger":"airflow.models.dagbag.DagBag"}
{"timestamp":"2025-07-06T07:13:35.890577","level":"info","event":"Filling up the DagBag from /home/airflow/.local/lib/python3.12/site-packages/airflow/example_dags/example_xcomargs.py","logger":"airflow.models.dagbag.DagBag"}
{"timestamp":"2025-07-06T07:14:09.996760","level":"error","event":"Process timed out, PID: 780","logger":"airflow.utils.timeout.TimeoutPosix"}
{"timestamp":"2025-07-06T07:14:13.233551","level":"error","event":"Failed to import: /home/airflow/.local/lib/python3.12/site-packages/airflow/example_dags/example_xcomargs.py","logger":"airflow.models.dagbag.DagBag","error_detail":[{"exc_type":"AirflowTaskTimeout","exc_value":"DagBag import timeout for /home/airflow/.local/lib/python3.12/site-packages/airflow/example_dags/example_xcomargs.py after 30.0s.\nPlease take a look at these docs to improve your DAG import time:\n* https://airflow.apache.org/docs/apache-airflow/3.0.2/best-practices.html#top-level-python-code\n* https://airflow.apache.org/docs/apache-airflow/3.0.2/best-practices.html#reducing-dag-complexity, PID: 780","exc_notes":[],"syntax_error":null,"is_cause":false,"frames":[{"filename":"/home/airflow/.local/lib/python3.12/site-packages/airflow/models/dagbag.py","lineno":394,"name":"parse"},{"filename":"<frozen importlib._bootstrap_external>","lineno":999,"name":"exec_module"},{"filename":"<frozen importlib._bootstrap>","lineno":488,"name":"_call_with_frames_removed"},{"filename":"/home/airflow/.local/lib/python3.12/site-packages/airflow/example_dags/example_xcomargs.py","lineno":27,"name":"<module>"},{"filename":"<frozen importlib._bootstrap>","lineno":1412,"name":"_handle_fromlist"},{"filename":"/home/airflow/.local/lib/python3.12/site-packages/airflow/sdk/__init__.py","lineno":121,"name":"__getattr__"},{"filename":"/usr/local/lib/python3.12/importlib/__init__.py","lineno":90,"name":"import_module"},{"filename":"/home/airflow/.local/lib/python3.12/site-packages/airflow/sdk/definitions/decorators/__init__.py","lineno":22,"name":"<module>"},{"filename":"/home/airflow/.local/lib/python3.12/site-packages/airflow/sdk/bases/decorator.py","lineno":552,"name":"<module>"},{"filename":"/home/airflow/.local/lib/python3.12/site-packages/attr/_next_gen.py","lineno":400,"name":"wrap"},{"filename":"/home/airflow/.local/lib/python3.12/site-packages/attr/_next_gen.py","lineno":346,"name":"do_it"},{"filename":"/home/airflow/.local/lib/python3.12/site-packages/attr/_make.py","lineno":1528,"name":"attrs"},{"filename":"/home/airflow/.local/lib/python3.12/site-packages/attr/_make.py","lineno":1426,"name":"wrap"},{"filename":"/home/airflow/.local/lib/python3.12/site-packages/attr/_make.py","lineno":667,"name":"__init__"},{"filename":"/home/airflow/.local/lib/python3.12/site-packages/attr/_make.py","lineno":446,"name":"_transform_attrs"},{"filename":"/home/airflow/.local/lib/python3.12/site-packages/attr/_make.py","lineno":2529,"name":"evolve"},{"filename":"/usr/local/lib/python3.12/copy.py","lineno":87,"name":"copy"},{"filename":"/home/airflow/.local/lib/python3.12/site-packages/attr/_make.py","lineno":2536,"name":"__getstate__"},{"filename":"/home/airflow/.local/lib/python3.12/site-packages/airflow/utils/timeout.py","lineno":69,"name":"handle_timeout"}],"is_group":false,"exceptions":[]}]}
{"timestamp":"2025-07-06T07:15:25.637982","level":"info","event":"Filling up the DagBag from /home/airflow/.local/lib/python3.12/site-packages/airflow/example_dags/example_xcomargs.py","logger":"airflow.models.dagbag.DagBag"}
{"timestamp":"2025-07-06T07:17:07.613915","level":"info","event":"Filling up the DagBag from /home/airflow/.local/lib/python3.12/site-packages/airflow/example_dags/example_xcomargs.py","logger":"airflow.models.dagbag.DagBag"}
{"timestamp":"2025-07-06T07:17:37.960250","level":"info","event":"Filling up the DagBag from /home/airflow/.local/lib/python3.12/site-packages/airflow/example_dags/example_xcomargs.py","logger":"airflow.models.dagbag.DagBag"}
{"timestamp":"2025-07-06T07:18:09.071479","level":"info","event":"Filling up the DagBag from /home/airflow/.local/lib/python3.12/site-packages/airflow/example_dags/example_xcomargs.py","logger":"airflow.models.dagbag.DagBag"}
{"timestamp":"2025-07-06T07:18:39.560265","level":"info","event":"Filling up the DagBag from /home/airflow/.local/lib/python3.12/site-packages/airflow/example_dags/example_xcomargs.py","logger":"airflow.models.dagbag.DagBag"}
{"timestamp":"2025-07-06T07:19:10.126268","level":"info","event":"Filling up the DagBag from /home/airflow/.local/lib/python3.12/site-packages/airflow/example_dags/example_xcomargs.py","logger":"airflow.models.dagbag.DagBag"}
{"timestamp":"2025-07-06T07:19:40.834778","level":"info","event":"Filling up the DagBag from /home/airflow/.local/lib/python3.12/site-packages/airflow/example_dags/example_xcomargs.py","logger":"airflow.models.dagbag.DagBag"}
{"timestamp":"2025-07-06T07:20:10.979989","level":"info","event":"Filling up the DagBag from /home/airflow/.local/lib/python3.12/site-packages/airflow/example_dags/example_xcomargs.py","logger":"airflow.models.dagbag.DagBag"}
{"timestamp":"2025-07-06T07:20:41.834965","level":"info","event":"Filling up the DagBag from /home/airflow/.local/lib/python3.12/site-packages/airflow/example_dags/example_xcomargs.py","logger":"airflow.models.dagbag.DagBag"}
{"timestamp":"2025-07-06T07:21:12.334187","level":"info","event":"Filling up the DagBag from /home/airflow/.local/lib/python3.12/site-packages/airflow/example_dags/example_xcomargs.py","logger":"airflow.models.dagbag.DagBag"}
{"timestamp":"2025-07-06T07:21:42.764313","level":"info","event":"Filling up the DagBag from /home/airflow/.local/lib/python3.12/site-packages/airflow/example_dags/example_xcomargs.py","logger":"airflow.models.dagbag.DagBag"}
{"timestamp":"2025-07-06T07:22:13.493405","level":"info","event":"Filling up the DagBag from /home/airflow/.local/lib/python3.12/site-packages/airflow/example_dags/example_xcomargs.py","logger":"airflow.models.dagbag.DagBag"}
{"timestamp":"2025-07-06T07:22:44.225382","level":"info","event":"Filling up the DagBag from /home/airflow/.local/lib/python3.12/site-packages/airflow/example_dags/example_xcomargs.py","logger":"airflow.models.dagbag.DagBag"}
{"timestamp":"2025-07-06T07:23:14.758737","level":"info","event":"Filling up the DagBag from /home/airflow/.local/lib/python3.12/site-packages/airflow/example_dags/example_xcomargs.py","logger":"airflow.models.dagbag.DagBag"}
{"timestamp":"2025-07-06T07:23:45.302492","level":"info","event":"Filling up the DagBag from /home/airflow/.local/lib/python3.12/site-packages/airflow/example_dags/example_xcomargs.py","logger":"airflow.models.dagbag.DagBag"}
{"timestamp":"2025-07-06T07:24:15.869352","level":"info","event":"Filling up the DagBag from /home/airflow/.local/lib/python3.12/site-packages/airflow/example_dags/example_xcomargs.py","logger":"airflow.models.dagbag.DagBag"}
{"timestamp":"2025-07-06T07:24:46.191101","level":"info","event":"Filling up the DagBag from /home/airflow/.local/lib/python3.12/site-packages/airflow/example_dags/example_xcomargs.py","logger":"airflow.models.dagbag.DagBag"}
{"timestamp":"2025-07-06T07:25:17.113989","level":"info","event":"Filling up the DagBag from /home/airflow/.local/lib/python3.12/site-packages/airflow/example_dags/example_xcomargs.py","logger":"airflow.models.dagbag.DagBag"}
{"timestamp":"2025-07-06T07:25:48.088878","level":"info","event":"Filling up the DagBag from /home/airflow/.local/lib/python3.12/site-packages/airflow/example_dags/example_xcomargs.py","logger":"airflow.models.dagbag.DagBag"}
{"timestamp":"2025-07-06T07:26:18.516160","level":"info","event":"Filling up the DagBag from /home/airflow/.local/lib/python3.12/site-packages/airflow/example_dags/example_xcomargs.py","logger":"airflow.models.dagbag.DagBag"}
{"timestamp":"2025-07-06T07:26:49.183282","level":"info","event":"Filling up the DagBag from /home/airflow/.local/lib/python3.12/site-packages/airflow/example_dags/example_xcomargs.py","logger":"airflow.models.dagbag.DagBag"}
{"timestamp":"2025-07-06T07:29:43.830395","level":"info","event":"Filling up the DagBag from /home/airflow/.local/lib/python3.12/site-packages/airflow/example_dags/example_xcomargs.py","logger":"airflow.models.dagbag.DagBag"}
{"timestamp":"2025-07-06T07:30:14.068146","level":"info","event":"Filling up the DagBag from /home/airflow/.local/lib/python3.12/site-packages/airflow/example_dags/example_xcomargs.py","logger":"airflow.models.dagbag.DagBag"}
{"timestamp":"2025-07-06T07:30:47.660602","level":"info","event":"Filling up the DagBag from /home/airflow/.local/lib/python3.12/site-packages/airflow/example_dags/example_xcomargs.py","logger":"airflow.models.dagbag.DagBag"}
{"timestamp":"2025-07-06T07:31:56.146736","level":"info","event":"Filling up the DagBag from /home/airflow/.local/lib/python3.12/site-packages/airflow/example_dags/example_xcomargs.py","logger":"airflow.models.dagbag.DagBag"}
{"timestamp":"2025-07-06T07:32:27.524741","level":"info","event":"Filling up the DagBag from /home/airflow/.local/lib/python3.12/site-packages/airflow/example_dags/example_xcomargs.py","logger":"airflow.models.dagbag.DagBag"}
{"timestamp":"2025-07-06T07:33:07.673688","level":"info","event":"Filling up the DagBag from /home/airflow/.local/lib/python3.12/site-packages/airflow/example_dags/example_xcomargs.py","logger":"airflow.models.dagbag.DagBag"}
{"timestamp":"2025-07-06T07:33:39.282484","level":"info","event":"Filling up the DagBag from /home/airflow/.local/lib/python3.12/site-packages/airflow/example_dags/example_xcomargs.py","logger":"airflow.models.dagbag.DagBag"}
{"timestamp":"2025-07-06T07:34:30.634647","level":"info","event":"Filling up the DagBag from /home/airflow/.local/lib/python3.12/site-packages/airflow/example_dags/example_xcomargs.py","logger":"airflow.models.dagbag.DagBag"}
{"timestamp":"2025-07-06T07:35:01.972272","level":"info","event":"Filling up the DagBag from /home/airflow/.local/lib/python3.12/site-packages/airflow/example_dags/example_xcomargs.py","logger":"airflow.models.dagbag.DagBag"}
{"timestamp":"2025-07-06T07:35:53.255350","level":"info","event":"Filling up the DagBag from /home/airflow/.local/lib/python3.12/site-packages/airflow/example_dags/example_xcomargs.py","logger":"airflow.models.dagbag.DagBag"}
{"timestamp":"2025-07-06T07:36:25.156425","level":"info","event":"Filling up the DagBag from /home/airflow/.local/lib/python3.12/site-packages/airflow/example_dags/example_xcomargs.py","logger":"airflow.models.dagbag.DagBag"}
{"timestamp":"2025-07-06T07:37:09.299747","level":"info","event":"Filling up the DagBag from /home/airflow/.local/lib/python3.12/site-packages/airflow/example_dags/example_xcomargs.py","logger":"airflow.models.dagbag.DagBag"}
{"timestamp":"2025-07-06T07:37:40.788072","level":"info","event":"Filling up the DagBag from /home/airflow/.local/lib/python3.12/site-packages/airflow/example_dags/example_xcomargs.py","logger":"airflow.models.dagbag.DagBag"}
{"timestamp":"2025-07-06T07:38:39.162305","level":"info","event":"Filling up the DagBag from /home/airflow/.local/lib/python3.12/site-packages/airflow/example_dags/example_xcomargs.py","logger":"airflow.models.dagbag.DagBag"}
{"timestamp":"2025-07-06T07:39:10.627311","level":"info","event":"Filling up the DagBag from /home/airflow/.local/lib/python3.12/site-packages/airflow/example_dags/example_xcomargs.py","logger":"airflow.models.dagbag.DagBag"}
{"timestamp":"2025-07-06T07:39:56.769944","level":"info","event":"Filling up the DagBag from /home/airflow/.local/lib/python3.12/site-packages/airflow/example_dags/example_xcomargs.py","logger":"airflow.models.dagbag.DagBag"}
{"timestamp":"2025-07-06T07:40:28.207785","level":"info","event":"Filling up the DagBag from /home/airflow/.local/lib/python3.12/site-packages/airflow/example_dags/example_xcomargs.py","logger":"airflow.models.dagbag.DagBag"}
{"timestamp":"2025-07-06T07:41:09.549359","level":"info","event":"Filling up the DagBag from /home/airflow/.local/lib/python3.12/site-packages/airflow/example_dags/example_xcomargs.py","logger":"airflow.models.dagbag.DagBag"}
{"timestamp":"2025-07-06T07:41:40.881856","level":"info","event":"Filling up the DagBag from /home/airflow/.local/lib/python3.12/site-packages/airflow/example_dags/example_xcomargs.py","logger":"airflow.models.dagbag.DagBag"}
{"timestamp":"2025-07-06T07:42:15.055236","level":"info","event":"Filling up the DagBag from /home/airflow/.local/lib/python3.12/site-packages/airflow/example_dags/example_xcomargs.py","logger":"airflow.models.dagbag.DagBag"}
{"timestamp":"2025-07-06T07:42:47.252328","level":"info","event":"Filling up the DagBag from /home/airflow/.local/lib/python3.12/site-packages/airflow/example_dags/example_xcomargs.py","logger":"airflow.models.dagbag.DagBag"}
{"timestamp":"2025-07-06T07:44:40.743201","level":"info","event":"Filling up the DagBag from /home/airflow/.local/lib/python3.12/site-packages/airflow/example_dags/example_xcomargs.py","logger":"airflow.models.dagbag.DagBag"}
{"timestamp":"2025-07-06T07:45:12.011548","level":"info","event":"Filling up the DagBag from /home/airflow/.local/lib/python3.12/site-packages/airflow/example_dags/example_xcomargs.py","logger":"airflow.models.dagbag.DagBag"}
{"timestamp":"2025-07-06T07:45:42.936503","level":"info","event":"Filling up the DagBag from /home/airflow/.local/lib/python3.12/site-packages/airflow/example_dags/example_xcomargs.py","logger":"airflow.models.dagbag.DagBag"}
{"timestamp":"2025-07-06T07:46:13.854564","level":"info","event":"Filling up the DagBag from /home/airflow/.local/lib/python3.12/site-packages/airflow/example_dags/example_xcomargs.py","logger":"airflow.models.dagbag.DagBag"}
{"timestamp":"2025-07-06T07:47:00.658927","level":"info","event":"Filling up the DagBag from /home/airflow/.local/lib/python3.12/site-packages/airflow/example_dags/example_xcomargs.py","logger":"airflow.models.dagbag.DagBag"}
{"timestamp":"2025-07-06T07:47:31.227106","level":"info","event":"Filling up the DagBag from /home/airflow/.local/lib/python3.12/site-packages/airflow/example_dags/example_xcomargs.py","logger":"airflow.models.dagbag.DagBag"}
{"timestamp":"2025-07-06T07:48:01.465351","level":"info","event":"Filling up the DagBag from /home/airflow/.local/lib/python3.12/site-packages/airflow/example_dags/example_xcomargs.py","logger":"airflow.models.dagbag.DagBag"}
{"timestamp":"2025-07-06T07:51:23.369052","level":"info","event":"Filling up the DagBag from /home/airflow/.local/lib/python3.12/site-packages/airflow/example_dags/example_xcomargs.py","logger":"airflow.models.dagbag.DagBag"}
{"timestamp":"2025-07-06T07:51:53.612619","level":"info","event":"Filling up the DagBag from /home/airflow/.local/lib/python3.12/site-packages/airflow/example_dags/example_xcomargs.py","logger":"airflow.models.dagbag.DagBag"}
{"timestamp":"2025-07-06T07:53:17.911956","level":"info","event":"Filling up the DagBag from /home/airflow/.local/lib/python3.12/site-packages/airflow/example_dags/example_xcomargs.py","logger":"airflow.models.dagbag.DagBag"}
{"timestamp":"2025-07-06T07:54:16.626855","level":"info","event":"Filling up the DagBag from /home/airflow/.local/lib/python3.12/site-packages/airflow/example_dags/example_xcomargs.py","logger":"airflow.models.dagbag.DagBag"}
{"timestamp":"2025-07-06T07:54:47.320063","level":"info","event":"Filling up the DagBag from /home/airflow/.local/lib/python3.12/site-packages/airflow/example_dags/example_xcomargs.py","logger":"airflow.models.dagbag.DagBag"}
{"timestamp":"2025-07-06T07:55:24.841110","level":"info","event":"Filling up the DagBag from /home/airflow/.local/lib/python3.12/site-packages/airflow/example_dags/example_xcomargs.py","logger":"airflow.models.dagbag.DagBag"}
{"timestamp":"2025-07-06T07:55:57.795515","level":"info","event":"Filling up the DagBag from /home/airflow/.local/lib/python3.12/site-packages/airflow/example_dags/example_xcomargs.py","logger":"airflow.models.dagbag.DagBag"}
{"timestamp":"2025-07-06T07:56:51.553702","level":"info","event":"Filling up the DagBag from /home/airflow/.local/lib/python3.12/site-packages/airflow/example_dags/example_xcomargs.py","logger":"airflow.models.dagbag.DagBag"}
{"timestamp":"2025-07-06T07:58:33.809282","level":"info","event":"Filling up the DagBag from /home/airflow/.local/lib/python3.12/site-packages/airflow/example_dags/example_xcomargs.py","logger":"airflow.models.dagbag.DagBag"}
{"timestamp":"2025-07-06T07:58:36.919096Z","level":"critical","event":"Process terminated by signal. For more information, see https://airflow.apache.org/docs/apache-airflow/stable/troubleshooting.html#TaskRunner-killed","signal":-9,"signal_name":"SIGKILL","logger":"processor"}
{"timestamp":"2025-07-06T07:59:31.921996","level":"info","event":"Filling up the DagBag from /home/airflow/.local/lib/python3.12/site-packages/airflow/example_dags/example_xcomargs.py","logger":"airflow.models.dagbag.DagBag"}
{"timestamp":"2025-07-06T08:00:02.302799","level":"info","event":"Filling up the DagBag from /home/airflow/.local/lib/python3.12/site-packages/airflow/example_dags/example_xcomargs.py","logger":"airflow.models.dagbag.DagBag"}
{"timestamp":"2025-07-06T08:00:32.904157","level":"info","event":"Filling up the DagBag from /home/airflow/.local/lib/python3.12/site-packages/airflow/example_dags/example_xcomargs.py","logger":"airflow.models.dagbag.DagBag"}
{"timestamp":"2025-07-06T08:01:03.258407","level":"info","event":"Filling up the DagBag from /home/airflow/.local/lib/python3.12/site-packages/airflow/example_dags/example_xcomargs.py","logger":"airflow.models.dagbag.DagBag"}
{"timestamp":"2025-07-06T08:01:33.922591","level":"info","event":"Filling up the DagBag from /home/airflow/.local/lib/python3.12/site-packages/airflow/example_dags/example_xcomargs.py","logger":"airflow.models.dagbag.DagBag"}
{"timestamp":"2025-07-06T08:02:05.043405","level":"info","event":"Filling up the DagBag from /home/airflow/.local/lib/python3.12/site-packages/airflow/example_dags/example_xcomargs.py","logger":"airflow.models.dagbag.DagBag"}
{"timestamp":"2025-07-06T08:02:35.598734","level":"info","event":"Filling up the DagBag from /home/airflow/.local/lib/python3.12/site-packages/airflow/example_dags/example_xcomargs.py","logger":"airflow.models.dagbag.DagBag"}
{"timestamp":"2025-07-06T08:03:05.776476","level":"info","event":"Filling up the DagBag from /home/airflow/.local/lib/python3.12/site-packages/airflow/example_dags/example_xcomargs.py","logger":"airflow.models.dagbag.DagBag"}
{"timestamp":"2025-07-06T08:03:36.018312","level":"info","event":"Filling up the DagBag from /home/airflow/.local/lib/python3.12/site-packages/airflow/example_dags/example_xcomargs.py","logger":"airflow.models.dagbag.DagBag"}
{"timestamp":"2025-07-06T08:04:06.319464","level":"info","event":"Filling up the DagBag from /home/airflow/.local/lib/python3.12/site-packages/airflow/example_dags/example_xcomargs.py","logger":"airflow.models.dagbag.DagBag"}
{"timestamp":"2025-07-06T08:04:36.900844","level":"info","event":"Filling up the DagBag from /home/airflow/.local/lib/python3.12/site-packages/airflow/example_dags/example_xcomargs.py","logger":"airflow.models.dagbag.DagBag"}
{"timestamp":"2025-07-06T08:05:08.109541","level":"info","event":"Filling up the DagBag from /home/airflow/.local/lib/python3.12/site-packages/airflow/example_dags/example_xcomargs.py","logger":"airflow.models.dagbag.DagBag"}
{"timestamp":"2025-07-06T08:05:38.470433","level":"info","event":"Filling up the DagBag from /home/airflow/.local/lib/python3.12/site-packages/airflow/example_dags/example_xcomargs.py","logger":"airflow.models.dagbag.DagBag"}
{"timestamp":"2025-07-06T08:06:08.649327","level":"info","event":"Filling up the DagBag from /home/airflow/.local/lib/python3.12/site-packages/airflow/example_dags/example_xcomargs.py","logger":"airflow.models.dagbag.DagBag"}
{"timestamp":"2025-07-06T08:06:39.321447","level":"info","event":"Filling up the DagBag from /home/airflow/.local/lib/python3.12/site-packages/airflow/example_dags/example_xcomargs.py","logger":"airflow.models.dagbag.DagBag"}
{"timestamp":"2025-07-06T08:07:10.278255","level":"info","event":"Filling up the DagBag from /home/airflow/.local/lib/python3.12/site-packages/airflow/example_dags/example_xcomargs.py","logger":"airflow.models.dagbag.DagBag"}
{"timestamp":"2025-07-06T08:07:40.812337","level":"info","event":"Filling up the DagBag from /home/airflow/.local/lib/python3.12/site-packages/airflow/example_dags/example_xcomargs.py","logger":"airflow.models.dagbag.DagBag"}
{"timestamp":"2025-07-06T08:08:10.993508","level":"info","event":"Filling up the DagBag from /home/airflow/.local/lib/python3.12/site-packages/airflow/example_dags/example_xcomargs.py","logger":"airflow.models.dagbag.DagBag"}
{"timestamp":"2025-07-06T08:10:01.569621","level":"info","event":"Filling up the DagBag from /home/airflow/.local/lib/python3.12/site-packages/airflow/example_dags/example_xcomargs.py","logger":"airflow.models.dagbag.DagBag"}
{"timestamp":"2025-07-06T08:10:32.131107","level":"info","event":"Filling up the DagBag from /home/airflow/.local/lib/python3.12/site-packages/airflow/example_dags/example_xcomargs.py","logger":"airflow.models.dagbag.DagBag"}
{"timestamp":"2025-07-06T08:11:07.459187","level":"info","event":"Filling up the DagBag from /home/airflow/.local/lib/python3.12/site-packages/airflow/example_dags/example_xcomargs.py","logger":"airflow.models.dagbag.DagBag"}
{"timestamp":"2025-07-06T08:12:33.205561","level":"info","event":"Filling up the DagBag from /home/airflow/.local/lib/python3.12/site-packages/airflow/example_dags/example_xcomargs.py","logger":"airflow.models.dagbag.DagBag"}
{"timestamp":"2025-07-06T08:14:23.161212","level":"info","event":"Filling up the DagBag from /home/airflow/.local/lib/python3.12/site-packages/airflow/example_dags/example_xcomargs.py","logger":"airflow.models.dagbag.DagBag"}
{"timestamp":"2025-07-06T08:15:19.050262","level":"info","event":"Filling up the DagBag from /home/airflow/.local/lib/python3.12/site-packages/airflow/example_dags/example_xcomargs.py","logger":"airflow.models.dagbag.DagBag"}
{"timestamp":"2025-07-06T08:15:51.063067","level":"info","event":"Filling up the DagBag from /home/airflow/.local/lib/python3.12/site-packages/airflow/example_dags/example_xcomargs.py","logger":"airflow.models.dagbag.DagBag"}
{"timestamp":"2025-07-06T08:17:31.486766","level":"info","event":"Filling up the DagBag from /home/airflow/.local/lib/python3.12/site-packages/airflow/example_dags/example_xcomargs.py","logger":"airflow.models.dagbag.DagBag"}
{"timestamp":"2025-07-06T08:18:17.116836","level":"info","event":"Filling up the DagBag from /home/airflow/.local/lib/python3.12/site-packages/airflow/example_dags/example_xcomargs.py","logger":"airflow.models.dagbag.DagBag"}
{"timestamp":"2025-07-06T08:18:47.274328","level":"info","event":"Filling up the DagBag from /home/airflow/.local/lib/python3.12/site-packages/airflow/example_dags/example_xcomargs.py","logger":"airflow.models.dagbag.DagBag"}
{"timestamp":"2025-07-06T08:19:17.605364","level":"info","event":"Filling up the DagBag from /home/airflow/.local/lib/python3.12/site-packages/airflow/example_dags/example_xcomargs.py","logger":"airflow.models.dagbag.DagBag"}
{"timestamp":"2025-07-06T08:20:42.547317","level":"info","event":"Filling up the DagBag from /home/airflow/.local/lib/python3.12/site-packages/airflow/example_dags/example_xcomargs.py","logger":"airflow.models.dagbag.DagBag"}
{"timestamp":"2025-07-06T08:23:39.951040","level":"info","event":"Filling up the DagBag from /home/airflow/.local/lib/python3.12/site-packages/airflow/example_dags/example_xcomargs.py","logger":"airflow.models.dagbag.DagBag"}
{"timestamp":"2025-07-06T08:25:56.710331","level":"info","event":"Filling up the DagBag from /home/airflow/.local/lib/python3.12/site-packages/airflow/example_dags/example_xcomargs.py","logger":"airflow.models.dagbag.DagBag"}
{"timestamp":"2025-07-06T08:26:28.536148","level":"info","event":"Filling up the DagBag from /home/airflow/.local/lib/python3.12/site-packages/airflow/example_dags/example_xcomargs.py","logger":"airflow.models.dagbag.DagBag"}
{"timestamp":"2025-07-06T08:29:03.935228","level":"info","event":"Filling up the DagBag from /home/airflow/.local/lib/python3.12/site-packages/airflow/example_dags/example_xcomargs.py","logger":"airflow.models.dagbag.DagBag"}
{"timestamp":"2025-07-06T08:29:39.936124","level":"info","event":"Filling up the DagBag from /home/airflow/.local/lib/python3.12/site-packages/airflow/example_dags/example_xcomargs.py","logger":"airflow.models.dagbag.DagBag"}
{"timestamp":"2025-07-06T08:30:10.915473","level":"info","event":"Filling up the DagBag from /home/airflow/.local/lib/python3.12/site-packages/airflow/example_dags/example_xcomargs.py","logger":"airflow.models.dagbag.DagBag"}
{"timestamp":"2025-07-06T08:31:17.386155","level":"info","event":"Filling up the DagBag from /home/airflow/.local/lib/python3.12/site-packages/airflow/example_dags/example_xcomargs.py","logger":"airflow.models.dagbag.DagBag"}
{"timestamp":"2025-07-06T08:31:48.119780","level":"info","event":"Filling up the DagBag from /home/airflow/.local/lib/python3.12/site-packages/airflow/example_dags/example_xcomargs.py","logger":"airflow.models.dagbag.DagBag"}
{"timestamp":"2025-07-06T08:33:03.942288","level":"info","event":"Filling up the DagBag from /home/airflow/.local/lib/python3.12/site-packages/airflow/example_dags/example_xcomargs.py","logger":"airflow.models.dagbag.DagBag"}
{"timestamp":"2025-07-06T08:35:10.246922","level":"info","event":"Filling up the DagBag from /home/airflow/.local/lib/python3.12/site-packages/airflow/example_dags/example_xcomargs.py","logger":"airflow.models.dagbag.DagBag"}
{"timestamp":"2025-07-06T08:35:42.337440","level":"info","event":"Filling up the DagBag from /home/airflow/.local/lib/python3.12/site-packages/airflow/example_dags/example_xcomargs.py","logger":"airflow.models.dagbag.DagBag"}
{"timestamp":"2025-07-06T08:36:12.955477","level":"info","event":"Filling up the DagBag from /home/airflow/.local/lib/python3.12/site-packages/airflow/example_dags/example_xcomargs.py","logger":"airflow.models.dagbag.DagBag"}
{"timestamp":"2025-07-06T08:37:46.742829","level":"info","event":"Filling up the DagBag from /home/airflow/.local/lib/python3.12/site-packages/airflow/example_dags/example_xcomargs.py","logger":"airflow.models.dagbag.DagBag"}
{"timestamp":"2025-07-06T08:38:57.250650","level":"info","event":"Filling up the DagBag from /home/airflow/.local/lib/python3.12/site-packages/airflow/example_dags/example_xcomargs.py","logger":"airflow.models.dagbag.DagBag"}
{"timestamp":"2025-07-06T08:39:27.620866","level":"info","event":"Filling up the DagBag from /home/airflow/.local/lib/python3.12/site-packages/airflow/example_dags/example_xcomargs.py","logger":"airflow.models.dagbag.DagBag"}
{"timestamp":"2025-07-06T08:40:38.959042","level":"info","event":"Filling up the DagBag from /home/airflow/.local/lib/python3.12/site-packages/airflow/example_dags/example_xcomargs.py","logger":"airflow.models.dagbag.DagBag"}
{"timestamp":"2025-07-06T08:41:29.202441","level":"info","event":"Filling up the DagBag from /home/airflow/.local/lib/python3.12/site-packages/airflow/example_dags/example_xcomargs.py","logger":"airflow.models.dagbag.DagBag"}
{"timestamp":"2025-07-06T08:42:00.325426","level":"info","event":"Filling up the DagBag from /home/airflow/.local/lib/python3.12/site-packages/airflow/example_dags/example_xcomargs.py","logger":"airflow.models.dagbag.DagBag"}
{"timestamp":"2025-07-06T08:42:32.783579","level":"info","event":"Filling up the DagBag from /home/airflow/.local/lib/python3.12/site-packages/airflow/example_dags/example_xcomargs.py","logger":"airflow.models.dagbag.DagBag"}
{"timestamp":"2025-07-06T08:43:22.282281","level":"info","event":"Filling up the DagBag from /home/airflow/.local/lib/python3.12/site-packages/airflow/example_dags/example_xcomargs.py","logger":"airflow.models.dagbag.DagBag"}
{"timestamp":"2025-07-06T08:43:53.267957","level":"info","event":"Filling up the DagBag from /home/airflow/.local/lib/python3.12/site-packages/airflow/example_dags/example_xcomargs.py","logger":"airflow.models.dagbag.DagBag"}
{"timestamp":"2025-07-06T08:44:23.933927","level":"info","event":"Filling up the DagBag from /home/airflow/.local/lib/python3.12/site-packages/airflow/example_dags/example_xcomargs.py","logger":"airflow.models.dagbag.DagBag"}
{"timestamp":"2025-07-06T08:45:26.371824","level":"info","event":"Filling up the DagBag from /home/airflow/.local/lib/python3.12/site-packages/airflow/example_dags/example_xcomargs.py","logger":"airflow.models.dagbag.DagBag"}
{"timestamp":"2025-07-06T08:46:20.540170","level":"info","event":"Filling up the DagBag from /home/airflow/.local/lib/python3.12/site-packages/airflow/example_dags/example_xcomargs.py","logger":"airflow.models.dagbag.DagBag"}
{"timestamp":"2025-07-06T08:46:51.662859","level":"info","event":"Filling up the DagBag from /home/airflow/.local/lib/python3.12/site-packages/airflow/example_dags/example_xcomargs.py","logger":"airflow.models.dagbag.DagBag"}
{"timestamp":"2025-07-06T08:47:21.094123","level":"info","event":"Filling up the DagBag from /home/airflow/.local/lib/python3.12/site-packages/airflow/example_dags/example_xcomargs.py","logger":"airflow.models.dagbag.DagBag"}
{"timestamp":"2025-07-06T08:48:32.671670","level":"info","event":"Filling up the DagBag from /home/airflow/.local/lib/python3.12/site-packages/airflow/example_dags/example_xcomargs.py","logger":"airflow.models.dagbag.DagBag"}
{"timestamp":"2025-07-06T08:49:03.582892","level":"info","event":"Filling up the DagBag from /home/airflow/.local/lib/python3.12/site-packages/airflow/example_dags/example_xcomargs.py","logger":"airflow.models.dagbag.DagBag"}
{"timestamp":"2025-07-06T08:51:08.610364","level":"info","event":"Filling up the DagBag from /home/airflow/.local/lib/python3.12/site-packages/airflow/example_dags/example_xcomargs.py","logger":"airflow.models.dagbag.DagBag"}
{"timestamp":"2025-07-06T08:51:39.136833","level":"info","event":"Filling up the DagBag from /home/airflow/.local/lib/python3.12/site-packages/airflow/example_dags/example_xcomargs.py","logger":"airflow.models.dagbag.DagBag"}
{"timestamp":"2025-07-06T08:52:09.591630","level":"info","event":"Filling up the DagBag from /home/airflow/.local/lib/python3.12/site-packages/airflow/example_dags/example_xcomargs.py","logger":"airflow.models.dagbag.DagBag"}
{"timestamp":"2025-07-06T08:52:40.274749","level":"info","event":"Filling up the DagBag from /home/airflow/.local/lib/python3.12/site-packages/airflow/example_dags/example_xcomargs.py","logger":"airflow.models.dagbag.DagBag"}
{"timestamp":"2025-07-06T08:53:10.436963","level":"info","event":"Filling up the DagBag from /home/airflow/.local/lib/python3.12/site-packages/airflow/example_dags/example_xcomargs.py","logger":"airflow.models.dagbag.DagBag"}
{"timestamp":"2025-07-06T08:53:40.891297","level":"info","event":"Filling up the DagBag from /home/airflow/.local/lib/python3.12/site-packages/airflow/example_dags/example_xcomargs.py","logger":"airflow.models.dagbag.DagBag"}
{"timestamp":"2025-07-06T08:54:50.527615","level":"info","event":"Filling up the DagBag from /home/airflow/.local/lib/python3.12/site-packages/airflow/example_dags/example_xcomargs.py","logger":"airflow.models.dagbag.DagBag"}
{"timestamp":"2025-07-06T08:55:21.408745","level":"info","event":"Filling up the DagBag from /home/airflow/.local/lib/python3.12/site-packages/airflow/example_dags/example_xcomargs.py","logger":"airflow.models.dagbag.DagBag"}
{"timestamp":"2025-07-06T08:56:15.772608","level":"info","event":"Filling up the DagBag from /home/airflow/.local/lib/python3.12/site-packages/airflow/example_dags/example_xcomargs.py","logger":"airflow.models.dagbag.DagBag"}
{"timestamp":"2025-07-06T08:56:46.516378","level":"info","event":"Filling up the DagBag from /home/airflow/.local/lib/python3.12/site-packages/airflow/example_dags/example_xcomargs.py","logger":"airflow.models.dagbag.DagBag"}
{"timestamp":"2025-07-06T08:58:10.610763","level":"info","event":"Filling up the DagBag from /home/airflow/.local/lib/python3.12/site-packages/airflow/example_dags/example_xcomargs.py","logger":"airflow.models.dagbag.DagBag"}
{"timestamp":"2025-07-06T08:58:59.743475","level":"info","event":"Filling up the DagBag from /home/airflow/.local/lib/python3.12/site-packages/airflow/example_dags/example_xcomargs.py","logger":"airflow.models.dagbag.DagBag"}
{"timestamp":"2025-07-06T08:59:52.538441","level":"info","event":"Filling up the DagBag from /home/airflow/.local/lib/python3.12/site-packages/airflow/example_dags/example_xcomargs.py","logger":"airflow.models.dagbag.DagBag"}
{"timestamp":"2025-07-06T09:00:23.328115","level":"info","event":"Filling up the DagBag from /home/airflow/.local/lib/python3.12/site-packages/airflow/example_dags/example_xcomargs.py","logger":"airflow.models.dagbag.DagBag"}
{"timestamp":"2025-07-06T09:01:54.703335","level":"info","event":"Filling up the DagBag from /home/airflow/.local/lib/python3.12/site-packages/airflow/example_dags/example_xcomargs.py","logger":"airflow.models.dagbag.DagBag"}
{"timestamp":"2025-07-06T09:02:57.056119","level":"info","event":"Filling up the DagBag from /home/airflow/.local/lib/python3.12/site-packages/airflow/example_dags/example_xcomargs.py","logger":"airflow.models.dagbag.DagBag"}
{"timestamp":"2025-07-06T09:03:27.650836","level":"info","event":"Filling up the DagBag from /home/airflow/.local/lib/python3.12/site-packages/airflow/example_dags/example_xcomargs.py","logger":"airflow.models.dagbag.DagBag"}
{"timestamp":"2025-07-06T09:04:05.091740","level":"info","event":"Filling up the DagBag from /home/airflow/.local/lib/python3.12/site-packages/airflow/example_dags/example_xcomargs.py","logger":"airflow.models.dagbag.DagBag"}
{"timestamp":"2025-07-06T09:05:02.419350","level":"info","event":"Filling up the DagBag from /home/airflow/.local/lib/python3.12/site-packages/airflow/example_dags/example_xcomargs.py","logger":"airflow.models.dagbag.DagBag"}
{"timestamp":"2025-07-06T09:05:32.799467","level":"info","event":"Filling up the DagBag from /home/airflow/.local/lib/python3.12/site-packages/airflow/example_dags/example_xcomargs.py","logger":"airflow.models.dagbag.DagBag"}
{"timestamp":"2025-07-06T09:06:11.840922","level":"info","event":"Filling up the DagBag from /home/airflow/.local/lib/python3.12/site-packages/airflow/example_dags/example_xcomargs.py","logger":"airflow.models.dagbag.DagBag"}
{"timestamp":"2025-07-06T09:06:43.406583","level":"info","event":"Filling up the DagBag from /home/airflow/.local/lib/python3.12/site-packages/airflow/example_dags/example_xcomargs.py","logger":"airflow.models.dagbag.DagBag"}
{"timestamp":"2025-07-06T09:07:13.941578","level":"info","event":"Filling up the DagBag from /home/airflow/.local/lib/python3.12/site-packages/airflow/example_dags/example_xcomargs.py","logger":"airflow.models.dagbag.DagBag"}
{"timestamp":"2025-07-06T09:08:04.755728","level":"info","event":"Filling up the DagBag from /home/airflow/.local/lib/python3.12/site-packages/airflow/example_dags/example_xcomargs.py","logger":"airflow.models.dagbag.DagBag"}
{"timestamp":"2025-07-06T09:08:35.128681","level":"info","event":"Filling up the DagBag from /home/airflow/.local/lib/python3.12/site-packages/airflow/example_dags/example_xcomargs.py","logger":"airflow.models.dagbag.DagBag"}
{"timestamp":"2025-07-06T09:09:11.168534","level":"info","event":"Filling up the DagBag from /home/airflow/.local/lib/python3.12/site-packages/airflow/example_dags/example_xcomargs.py","logger":"airflow.models.dagbag.DagBag"}
{"timestamp":"2025-07-06T09:10:33.509484","level":"info","event":"Filling up the DagBag from /home/airflow/.local/lib/python3.12/site-packages/airflow/example_dags/example_xcomargs.py","logger":"airflow.models.dagbag.DagBag"}
{"timestamp":"2025-07-06T09:11:04.493480","level":"info","event":"Filling up the DagBag from /home/airflow/.local/lib/python3.12/site-packages/airflow/example_dags/example_xcomargs.py","logger":"airflow.models.dagbag.DagBag"}
{"timestamp":"2025-07-06T09:11:56.010516","level":"info","event":"Filling up the DagBag from /home/airflow/.local/lib/python3.12/site-packages/airflow/example_dags/example_xcomargs.py","logger":"airflow.models.dagbag.DagBag"}
{"timestamp":"2025-07-06T09:12:26.395870","level":"info","event":"Filling up the DagBag from /home/airflow/.local/lib/python3.12/site-packages/airflow/example_dags/example_xcomargs.py","logger":"airflow.models.dagbag.DagBag"}
{"timestamp":"2025-07-06T09:13:46.173399","level":"info","event":"Filling up the DagBag from /home/airflow/.local/lib/python3.12/site-packages/airflow/example_dags/example_xcomargs.py","logger":"airflow.models.dagbag.DagBag"}
{"timestamp":"2025-07-06T09:15:54.177560","level":"info","event":"Filling up the DagBag from /home/airflow/.local/lib/python3.12/site-packages/airflow/example_dags/example_xcomargs.py","logger":"airflow.models.dagbag.DagBag"}
{"timestamp":"2025-07-06T09:16:24.406919","level":"info","event":"Filling up the DagBag from /home/airflow/.local/lib/python3.12/site-packages/airflow/example_dags/example_xcomargs.py","logger":"airflow.models.dagbag.DagBag"}
{"timestamp":"2025-07-06T09:17:27.338395","level":"info","event":"Filling up the DagBag from /home/airflow/.local/lib/python3.12/site-packages/airflow/example_dags/example_xcomargs.py","logger":"airflow.models.dagbag.DagBag"}
{"timestamp":"2025-07-06T09:18:15.309253","level":"info","event":"Filling up the DagBag from /home/airflow/.local/lib/python3.12/site-packages/airflow/example_dags/example_xcomargs.py","logger":"airflow.models.dagbag.DagBag"}
{"timestamp":"2025-07-06T09:18:46.531340","level":"info","event":"Filling up the DagBag from /home/airflow/.local/lib/python3.12/site-packages/airflow/example_dags/example_xcomargs.py","logger":"airflow.models.dagbag.DagBag"}
{"timestamp":"2025-07-06T09:20:08.564429","level":"info","event":"Filling up the DagBag from /home/airflow/.local/lib/python3.12/site-packages/airflow/example_dags/example_xcomargs.py","logger":"airflow.models.dagbag.DagBag"}
{"timestamp":"2025-07-06T09:21:50.725623","level":"info","event":"Filling up the DagBag from /home/airflow/.local/lib/python3.12/site-packages/airflow/example_dags/example_xcomargs.py","logger":"airflow.models.dagbag.DagBag"}
{"timestamp":"2025-07-06T09:23:56.091080","level":"info","event":"Filling up the DagBag from /home/airflow/.local/lib/python3.12/site-packages/airflow/example_dags/example_xcomargs.py","logger":"airflow.models.dagbag.DagBag"}
{"timestamp":"2025-07-06T09:26:23.088619","level":"info","event":"Filling up the DagBag from /home/airflow/.local/lib/python3.12/site-packages/airflow/example_dags/example_xcomargs.py","logger":"airflow.models.dagbag.DagBag"}
{"timestamp":"2025-07-06T09:27:49.005196","level":"info","event":"Filling up the DagBag from /home/airflow/.local/lib/python3.12/site-packages/airflow/example_dags/example_xcomargs.py","logger":"airflow.models.dagbag.DagBag"}
{"timestamp":"2025-07-06T09:29:29.484002","level":"info","event":"Filling up the DagBag from /home/airflow/.local/lib/python3.12/site-packages/airflow/example_dags/example_xcomargs.py","logger":"airflow.models.dagbag.DagBag"}
{"timestamp":"2025-07-06T09:29:59.803827","level":"info","event":"Filling up the DagBag from /home/airflow/.local/lib/python3.12/site-packages/airflow/example_dags/example_xcomargs.py","logger":"airflow.models.dagbag.DagBag"}
{"timestamp":"2025-07-06T09:30:55.826079","level":"info","event":"Filling up the DagBag from /home/airflow/.local/lib/python3.12/site-packages/airflow/example_dags/example_xcomargs.py","logger":"airflow.models.dagbag.DagBag"}
{"timestamp":"2025-07-06T09:31:26.066924","level":"info","event":"Filling up the DagBag from /home/airflow/.local/lib/python3.12/site-packages/airflow/example_dags/example_xcomargs.py","logger":"airflow.models.dagbag.DagBag"}
{"timestamp":"2025-07-06T09:33:11.072034","level":"info","event":"Filling up the DagBag from /home/airflow/.local/lib/python3.12/site-packages/airflow/example_dags/example_xcomargs.py","logger":"airflow.models.dagbag.DagBag"}
{"timestamp":"2025-07-06T09:34:21.104443","level":"info","event":"Filling up the DagBag from /home/airflow/.local/lib/python3.12/site-packages/airflow/example_dags/example_xcomargs.py","logger":"airflow.models.dagbag.DagBag"}
{"timestamp":"2025-07-06T09:35:22.153191Z","level":"critical","event":"Process terminated by signal. For more information, see https://airflow.apache.org/docs/apache-airflow/stable/troubleshooting.html#TaskRunner-killed","signal":-9,"signal_name":"SIGKILL","logger":"processor"}
{"timestamp":"2025-07-06T09:35:17.320798","level":"info","event":"Filling up the DagBag from /home/airflow/.local/lib/python3.12/site-packages/airflow/example_dags/example_xcomargs.py","logger":"airflow.models.dagbag.DagBag"}
{"timestamp":"2025-07-06T09:36:56.844636","level":"info","event":"Filling up the DagBag from /home/airflow/.local/lib/python3.12/site-packages/airflow/example_dags/example_xcomargs.py","logger":"airflow.models.dagbag.DagBag"}
{"timestamp":"2025-07-06T09:37:28.011198","level":"info","event":"Filling up the DagBag from /home/airflow/.local/lib/python3.12/site-packages/airflow/example_dags/example_xcomargs.py","logger":"airflow.models.dagbag.DagBag"}
{"timestamp":"2025-07-06T09:38:44.222020","level":"info","event":"Filling up the DagBag from /home/airflow/.local/lib/python3.12/site-packages/airflow/example_dags/example_xcomargs.py","logger":"airflow.models.dagbag.DagBag"}
{"timestamp":"2025-07-06T09:40:18.385649","level":"info","event":"Filling up the DagBag from /home/airflow/.local/lib/python3.12/site-packages/airflow/example_dags/example_xcomargs.py","logger":"airflow.models.dagbag.DagBag"}
{"timestamp":"2025-07-06T09:40:49.035525","level":"info","event":"Filling up the DagBag from /home/airflow/.local/lib/python3.12/site-packages/airflow/example_dags/example_xcomargs.py","logger":"airflow.models.dagbag.DagBag"}
{"timestamp":"2025-07-06T09:44:57.688458","level":"info","event":"Filling up the DagBag from /home/airflow/.local/lib/python3.12/site-packages/airflow/example_dags/example_xcomargs.py","logger":"airflow.models.dagbag.DagBag"}
{"timestamp":"2025-07-06T09:45:28.628973","level":"info","event":"Filling up the DagBag from /home/airflow/.local/lib/python3.12/site-packages/airflow/example_dags/example_xcomargs.py","logger":"airflow.models.dagbag.DagBag"}
{"timestamp":"2025-07-06T09:47:19.777814","level":"info","event":"Filling up the DagBag from /home/airflow/.local/lib/python3.12/site-packages/airflow/example_dags/example_xcomargs.py","logger":"airflow.models.dagbag.DagBag"}
{"timestamp":"2025-07-06T09:47:50.060693","level":"info","event":"Filling up the DagBag from /home/airflow/.local/lib/python3.12/site-packages/airflow/example_dags/example_xcomargs.py","logger":"airflow.models.dagbag.DagBag"}
{"timestamp":"2025-07-06T09:48:56.060259","level":"info","event":"Filling up the DagBag from /home/airflow/.local/lib/python3.12/site-packages/airflow/example_dags/example_xcomargs.py","logger":"airflow.models.dagbag.DagBag"}
{"timestamp":"2025-07-06T09:49:26.894396","level":"info","event":"Filling up the DagBag from /home/airflow/.local/lib/python3.12/site-packages/airflow/example_dags/example_xcomargs.py","logger":"airflow.models.dagbag.DagBag"}
{"timestamp":"2025-07-06T09:50:38.853140","level":"info","event":"Filling up the DagBag from /home/airflow/.local/lib/python3.12/site-packages/airflow/example_dags/example_xcomargs.py","logger":"airflow.models.dagbag.DagBag"}
{"timestamp":"2025-07-06T09:51:09.682560","level":"info","event":"Filling up the DagBag from /home/airflow/.local/lib/python3.12/site-packages/airflow/example_dags/example_xcomargs.py","logger":"airflow.models.dagbag.DagBag"}
{"timestamp":"2025-07-06T09:51:49.400820","level":"info","event":"Filling up the DagBag from /home/airflow/.local/lib/python3.12/site-packages/airflow/example_dags/example_xcomargs.py","logger":"airflow.models.dagbag.DagBag"}
{"timestamp":"2025-07-06T09:52:21.290261","level":"info","event":"Filling up the DagBag from /home/airflow/.local/lib/python3.12/site-packages/airflow/example_dags/example_xcomargs.py","logger":"airflow.models.dagbag.DagBag"}
{"timestamp":"2025-07-06T09:53:05.301658","level":"info","event":"Filling up the DagBag from /home/airflow/.local/lib/python3.12/site-packages/airflow/example_dags/example_xcomargs.py","logger":"airflow.models.dagbag.DagBag"}
{"timestamp":"2025-07-06T09:55:54.749466","level":"info","event":"Filling up the DagBag from /home/airflow/.local/lib/python3.12/site-packages/airflow/example_dags/example_xcomargs.py","logger":"airflow.models.dagbag.DagBag"}
{"timestamp":"2025-07-06T09:56:25.181071","level":"info","event":"Filling up the DagBag from /home/airflow/.local/lib/python3.12/site-packages/airflow/example_dags/example_xcomargs.py","logger":"airflow.models.dagbag.DagBag"}
{"timestamp":"2025-07-06T09:57:59.557169","level":"info","event":"Filling up the DagBag from /home/airflow/.local/lib/python3.12/site-packages/airflow/example_dags/example_xcomargs.py","logger":"airflow.models.dagbag.DagBag"}
{"timestamp":"2025-07-06T09:59:04.472716","level":"info","event":"Filling up the DagBag from /home/airflow/.local/lib/python3.12/site-packages/airflow/example_dags/example_xcomargs.py","logger":"airflow.models.dagbag.DagBag"}
{"timestamp":"2025-07-06T10:00:34.838734","level":"info","event":"Filling up the DagBag from /home/airflow/.local/lib/python3.12/site-packages/airflow/example_dags/example_xcomargs.py","logger":"airflow.models.dagbag.DagBag"}
{"timestamp":"2025-07-06T10:01:05.954580","level":"info","event":"Filling up the DagBag from /home/airflow/.local/lib/python3.12/site-packages/airflow/example_dags/example_xcomargs.py","logger":"airflow.models.dagbag.DagBag"}
{"timestamp":"2025-07-06T10:01:51.122344","level":"info","event":"Filling up the DagBag from /home/airflow/.local/lib/python3.12/site-packages/airflow/example_dags/example_xcomargs.py","logger":"airflow.models.dagbag.DagBag"}
{"timestamp":"2025-07-06T10:02:22.000793","level":"info","event":"Filling up the DagBag from /home/airflow/.local/lib/python3.12/site-packages/airflow/example_dags/example_xcomargs.py","logger":"airflow.models.dagbag.DagBag"}
{"timestamp":"2025-07-06T10:03:45.919428","level":"info","event":"Filling up the DagBag from /home/airflow/.local/lib/python3.12/site-packages/airflow/example_dags/example_xcomargs.py","logger":"airflow.models.dagbag.DagBag"}
{"timestamp":"2025-07-06T10:06:43.358488","level":"info","event":"Filling up the DagBag from /home/airflow/.local/lib/python3.12/site-packages/airflow/example_dags/example_xcomargs.py","logger":"airflow.models.dagbag.DagBag"}
{"timestamp":"2025-07-06T10:07:14.151893","level":"info","event":"Filling up the DagBag from /home/airflow/.local/lib/python3.12/site-packages/airflow/example_dags/example_xcomargs.py","logger":"airflow.models.dagbag.DagBag"}
{"timestamp":"2025-07-06T10:07:46.160371","level":"info","event":"Filling up the DagBag from /home/airflow/.local/lib/python3.12/site-packages/airflow/example_dags/example_xcomargs.py","logger":"airflow.models.dagbag.DagBag"}
{"timestamp":"2025-07-06T10:08:17.308188","level":"info","event":"Filling up the DagBag from /home/airflow/.local/lib/python3.12/site-packages/airflow/example_dags/example_xcomargs.py","logger":"airflow.models.dagbag.DagBag"}
{"timestamp":"2025-07-06T10:08:48.060784","level":"info","event":"Filling up the DagBag from /home/airflow/.local/lib/python3.12/site-packages/airflow/example_dags/example_xcomargs.py","logger":"airflow.models.dagbag.DagBag"}
{"timestamp":"2025-07-06T10:09:18.864995","level":"info","event":"Filling up the DagBag from /home/airflow/.local/lib/python3.12/site-packages/airflow/example_dags/example_xcomargs.py","logger":"airflow.models.dagbag.DagBag"}
{"timestamp":"2025-07-06T10:09:49.149078","level":"info","event":"Filling up the DagBag from /home/airflow/.local/lib/python3.12/site-packages/airflow/example_dags/example_xcomargs.py","logger":"airflow.models.dagbag.DagBag"}
{"timestamp":"2025-07-06T10:10:19.422001","level":"info","event":"Filling up the DagBag from /home/airflow/.local/lib/python3.12/site-packages/airflow/example_dags/example_xcomargs.py","logger":"airflow.models.dagbag.DagBag"}
{"timestamp":"2025-07-06T10:10:51.204521","level":"info","event":"Filling up the DagBag from /home/airflow/.local/lib/python3.12/site-packages/airflow/example_dags/example_xcomargs.py","logger":"airflow.models.dagbag.DagBag"}
{"timestamp":"2025-07-06T10:11:22.701579","level":"info","event":"Filling up the DagBag from /home/airflow/.local/lib/python3.12/site-packages/airflow/example_dags/example_xcomargs.py","logger":"airflow.models.dagbag.DagBag"}
{"timestamp":"2025-07-06T10:11:53.848509","level":"info","event":"Filling up the DagBag from /home/airflow/.local/lib/python3.12/site-packages/airflow/example_dags/example_xcomargs.py","logger":"airflow.models.dagbag.DagBag"}
{"timestamp":"2025-07-06T10:12:25.030373","level":"info","event":"Filling up the DagBag from /home/airflow/.local/lib/python3.12/site-packages/airflow/example_dags/example_xcomargs.py","logger":"airflow.models.dagbag.DagBag"}
{"timestamp":"2025-07-06T10:12:56.338131","level":"info","event":"Filling up the DagBag from /home/airflow/.local/lib/python3.12/site-packages/airflow/example_dags/example_xcomargs.py","logger":"airflow.models.dagbag.DagBag"}
{"timestamp":"2025-07-06T10:13:27.986462","level":"info","event":"Filling up the DagBag from /home/airflow/.local/lib/python3.12/site-packages/airflow/example_dags/example_xcomargs.py","logger":"airflow.models.dagbag.DagBag"}
{"timestamp":"2025-07-06T10:13:59.775758","level":"info","event":"Filling up the DagBag from /home/airflow/.local/lib/python3.12/site-packages/airflow/example_dags/example_xcomargs.py","logger":"airflow.models.dagbag.DagBag"}
{"timestamp":"2025-07-06T10:14:30.708814","level":"info","event":"Filling up the DagBag from /home/airflow/.local/lib/python3.12/site-packages/airflow/example_dags/example_xcomargs.py","logger":"airflow.models.dagbag.DagBag"}
{"timestamp":"2025-07-06T10:15:03.138390","level":"info","event":"Filling up the DagBag from /home/airflow/.local/lib/python3.12/site-packages/airflow/example_dags/example_xcomargs.py","logger":"airflow.models.dagbag.DagBag"}
{"timestamp":"2025-07-06T10:15:41.677020","level":"info","event":"Filling up the DagBag from /home/airflow/.local/lib/python3.12/site-packages/airflow/example_dags/example_xcomargs.py","logger":"airflow.models.dagbag.DagBag"}
{"timestamp":"2025-07-06T10:16:13.163881","level":"info","event":"Filling up the DagBag from /home/airflow/.local/lib/python3.12/site-packages/airflow/example_dags/example_xcomargs.py","logger":"airflow.models.dagbag.DagBag"}
{"timestamp":"2025-07-06T10:16:43.808113","level":"info","event":"Filling up the DagBag from /home/airflow/.local/lib/python3.12/site-packages/airflow/example_dags/example_xcomargs.py","logger":"airflow.models.dagbag.DagBag"}
{"timestamp":"2025-07-06T10:17:14.584764","level":"info","event":"Filling up the DagBag from /home/airflow/.local/lib/python3.12/site-packages/airflow/example_dags/example_xcomargs.py","logger":"airflow.models.dagbag.DagBag"}
{"timestamp":"2025-07-06T10:17:49.963337","level":"info","event":"Filling up the DagBag from /home/airflow/.local/lib/python3.12/site-packages/airflow/example_dags/example_xcomargs.py","logger":"airflow.models.dagbag.DagBag"}
{"timestamp":"2025-07-06T10:18:20.926476","level":"info","event":"Filling up the DagBag from /home/airflow/.local/lib/python3.12/site-packages/airflow/example_dags/example_xcomargs.py","logger":"airflow.models.dagbag.DagBag"}
{"timestamp":"2025-07-06T10:18:52.451287","level":"info","event":"Filling up the DagBag from /home/airflow/.local/lib/python3.12/site-packages/airflow/example_dags/example_xcomargs.py","logger":"airflow.models.dagbag.DagBag"}
{"timestamp":"2025-07-06T10:19:24.522064","level":"info","event":"Filling up the DagBag from /home/airflow/.local/lib/python3.12/site-packages/airflow/example_dags/example_xcomargs.py","logger":"airflow.models.dagbag.DagBag"}
{"timestamp":"2025-07-06T10:19:55.112158","level":"info","event":"Filling up the DagBag from /home/airflow/.local/lib/python3.12/site-packages/airflow/example_dags/example_xcomargs.py","logger":"airflow.models.dagbag.DagBag"}
{"timestamp":"2025-07-06T10:20:25.891785","level":"info","event":"Filling up the DagBag from /home/airflow/.local/lib/python3.12/site-packages/airflow/example_dags/example_xcomargs.py","logger":"airflow.models.dagbag.DagBag"}
{"timestamp":"2025-07-06T10:20:56.614183","level":"info","event":"Filling up the DagBag from /home/airflow/.local/lib/python3.12/site-packages/airflow/example_dags/example_xcomargs.py","logger":"airflow.models.dagbag.DagBag"}
{"timestamp":"2025-07-06T10:21:27.373062","level":"info","event":"Filling up the DagBag from /home/airflow/.local/lib/python3.12/site-packages/airflow/example_dags/example_xcomargs.py","logger":"airflow.models.dagbag.DagBag"}
{"timestamp":"2025-07-06T10:21:58.319780","level":"info","event":"Filling up the DagBag from /home/airflow/.local/lib/python3.12/site-packages/airflow/example_dags/example_xcomargs.py","logger":"airflow.models.dagbag.DagBag"}
{"timestamp":"2025-07-06T10:22:29.770452","level":"info","event":"Filling up the DagBag from /home/airflow/.local/lib/python3.12/site-packages/airflow/example_dags/example_xcomargs.py","logger":"airflow.models.dagbag.DagBag"}
{"timestamp":"2025-07-06T10:23:00.882632","level":"info","event":"Filling up the DagBag from /home/airflow/.local/lib/python3.12/site-packages/airflow/example_dags/example_xcomargs.py","logger":"airflow.models.dagbag.DagBag"}
{"timestamp":"2025-07-06T10:23:36.665127","level":"info","event":"Filling up the DagBag from /home/airflow/.local/lib/python3.12/site-packages/airflow/example_dags/example_xcomargs.py","logger":"airflow.models.dagbag.DagBag"}
{"timestamp":"2025-07-06T10:24:31.903142","level":"info","event":"Filling up the DagBag from /home/airflow/.local/lib/python3.12/site-packages/airflow/example_dags/example_xcomargs.py","logger":"airflow.models.dagbag.DagBag"}
{"timestamp":"2025-07-06T10:25:02.621553","level":"info","event":"Filling up the DagBag from /home/airflow/.local/lib/python3.12/site-packages/airflow/example_dags/example_xcomargs.py","logger":"airflow.models.dagbag.DagBag"}
{"timestamp":"2025-07-06T10:25:33.206545","level":"info","event":"Filling up the DagBag from /home/airflow/.local/lib/python3.12/site-packages/airflow/example_dags/example_xcomargs.py","logger":"airflow.models.dagbag.DagBag"}
{"timestamp":"2025-07-06T10:26:03.984967","level":"info","event":"Filling up the DagBag from /home/airflow/.local/lib/python3.12/site-packages/airflow/example_dags/example_xcomargs.py","logger":"airflow.models.dagbag.DagBag"}
{"timestamp":"2025-07-06T10:26:34.199471","level":"info","event":"Filling up the DagBag from /home/airflow/.local/lib/python3.12/site-packages/airflow/example_dags/example_xcomargs.py","logger":"airflow.models.dagbag.DagBag"}
{"timestamp":"2025-07-06T11:03:18.431500","level":"info","event":"Filling up the DagBag from /home/airflow/.local/lib/python3.12/site-packages/airflow/example_dags/example_xcomargs.py","logger":"airflow.models.dagbag.DagBag"}
{"timestamp":"2025-07-06T11:03:48.796569","level":"info","event":"Filling up the DagBag from /home/airflow/.local/lib/python3.12/site-packages/airflow/example_dags/example_xcomargs.py","logger":"airflow.models.dagbag.DagBag"}
{"timestamp":"2025-07-06T11:04:59.831080","level":"info","event":"Filling up the DagBag from /home/airflow/.local/lib/python3.12/site-packages/airflow/example_dags/example_xcomargs.py","logger":"airflow.models.dagbag.DagBag"}
{"timestamp":"2025-07-06T11:05:30.015097","level":"info","event":"Filling up the DagBag from /home/airflow/.local/lib/python3.12/site-packages/airflow/example_dags/example_xcomargs.py","logger":"airflow.models.dagbag.DagBag"}
{"timestamp":"2025-07-06T11:06:01.735112","level":"info","event":"Filling up the DagBag from /home/airflow/.local/lib/python3.12/site-packages/airflow/example_dags/example_xcomargs.py","logger":"airflow.models.dagbag.DagBag"}
{"timestamp":"2025-07-06T11:06:32.074841","level":"info","event":"Filling up the DagBag from /home/airflow/.local/lib/python3.12/site-packages/airflow/example_dags/example_xcomargs.py","logger":"airflow.models.dagbag.DagBag"}
{"timestamp":"2025-07-06T11:07:02.559876","level":"info","event":"Filling up the DagBag from /home/airflow/.local/lib/python3.12/site-packages/airflow/example_dags/example_xcomargs.py","logger":"airflow.models.dagbag.DagBag"}
{"timestamp":"2025-07-06T11:07:43.034130","level":"info","event":"Filling up the DagBag from /home/airflow/.local/lib/python3.12/site-packages/airflow/example_dags/example_xcomargs.py","logger":"airflow.models.dagbag.DagBag"}
{"timestamp":"2025-07-06T11:09:11.935347","level":"info","event":"Filling up the DagBag from /home/airflow/.local/lib/python3.12/site-packages/airflow/example_dags/example_xcomargs.py","logger":"airflow.models.dagbag.DagBag"}
{"timestamp":"2025-07-06T11:09:43.383687","level":"info","event":"Filling up the DagBag from /home/airflow/.local/lib/python3.12/site-packages/airflow/example_dags/example_xcomargs.py","logger":"airflow.models.dagbag.DagBag"}
{"timestamp":"2025-07-06T11:10:43.921175","level":"info","event":"Filling up the DagBag from /home/airflow/.local/lib/python3.12/site-packages/airflow/example_dags/example_xcomargs.py","logger":"airflow.models.dagbag.DagBag"}
{"timestamp":"2025-07-06T11:11:40.330814","level":"info","event":"Filling up the DagBag from /home/airflow/.local/lib/python3.12/site-packages/airflow/example_dags/example_xcomargs.py","logger":"airflow.models.dagbag.DagBag"}
{"timestamp":"2025-07-06T11:12:47.932770","level":"info","event":"Filling up the DagBag from /home/airflow/.local/lib/python3.12/site-packages/airflow/example_dags/example_xcomargs.py","logger":"airflow.models.dagbag.DagBag"}
{"timestamp":"2025-07-06T11:13:51.631049","level":"info","event":"Filling up the DagBag from /home/airflow/.local/lib/python3.12/site-packages/airflow/example_dags/example_xcomargs.py","logger":"airflow.models.dagbag.DagBag"}
{"timestamp":"2025-07-06T11:15:28.474831","level":"info","event":"Filling up the DagBag from /home/airflow/.local/lib/python3.12/site-packages/airflow/example_dags/example_xcomargs.py","logger":"airflow.models.dagbag.DagBag"}
{"timestamp":"2025-07-06T11:15:59.044902","level":"info","event":"Filling up the DagBag from /home/airflow/.local/lib/python3.12/site-packages/airflow/example_dags/example_xcomargs.py","logger":"airflow.models.dagbag.DagBag"}
{"timestamp":"2025-07-06T11:16:38.359407","level":"info","event":"Filling up the DagBag from /home/airflow/.local/lib/python3.12/site-packages/airflow/example_dags/example_xcomargs.py","logger":"airflow.models.dagbag.DagBag"}
{"timestamp":"2025-07-06T11:18:09.504442","level":"info","event":"Filling up the DagBag from /home/airflow/.local/lib/python3.12/site-packages/airflow/example_dags/example_xcomargs.py","logger":"airflow.models.dagbag.DagBag"}
{"timestamp":"2025-07-06T11:18:40.012133","level":"info","event":"Filling up the DagBag from /home/airflow/.local/lib/python3.12/site-packages/airflow/example_dags/example_xcomargs.py","logger":"airflow.models.dagbag.DagBag"}
{"timestamp":"2025-07-06T11:19:10.141387","level":"info","event":"Filling up the DagBag from /home/airflow/.local/lib/python3.12/site-packages/airflow/example_dags/example_xcomargs.py","logger":"airflow.models.dagbag.DagBag"}
{"timestamp":"2025-07-06T11:20:21.935373","level":"info","event":"Filling up the DagBag from /home/airflow/.local/lib/python3.12/site-packages/airflow/example_dags/example_xcomargs.py","logger":"airflow.models.dagbag.DagBag"}
{"timestamp":"2025-07-06T11:20:52.511442","level":"info","event":"Filling up the DagBag from /home/airflow/.local/lib/python3.12/site-packages/airflow/example_dags/example_xcomargs.py","logger":"airflow.models.dagbag.DagBag"}
{"timestamp":"2025-07-06T11:21:42.072015","level":"info","event":"Filling up the DagBag from /home/airflow/.local/lib/python3.12/site-packages/airflow/example_dags/example_xcomargs.py","logger":"airflow.models.dagbag.DagBag"}
{"timestamp":"2025-07-06T11:23:37.112912","level":"info","event":"Filling up the DagBag from /home/airflow/.local/lib/python3.12/site-packages/airflow/example_dags/example_xcomargs.py","logger":"airflow.models.dagbag.DagBag"}
{"timestamp":"2025-07-06T11:24:48.355144","level":"info","event":"Filling up the DagBag from /home/airflow/.local/lib/python3.12/site-packages/airflow/example_dags/example_xcomargs.py","logger":"airflow.models.dagbag.DagBag"}
{"timestamp":"2025-07-06T11:26:08.481000","level":"info","event":"Filling up the DagBag from /home/airflow/.local/lib/python3.12/site-packages/airflow/example_dags/example_xcomargs.py","logger":"airflow.models.dagbag.DagBag"}
{"timestamp":"2025-07-06T11:26:39.757927","level":"info","event":"Filling up the DagBag from /home/airflow/.local/lib/python3.12/site-packages/airflow/example_dags/example_xcomargs.py","logger":"airflow.models.dagbag.DagBag"}
                                                                                                                                                                                                                                  